{"D:\\work\\apps\\backend\\src\\admin\\admin.controller.ts": {"path":"D:\\work\\apps\\backend\\src\\admin\\admin.controller.ts","statementMap":{"0":{"start":{"line":1,"column":0},"end":{"line":1,"column":111}},"1":{"start":{"line":2,"column":0},"end":{"line":2,"column":38}},"2":{"start":{"line":3,"column":0},"end":{"line":3,"column":54}},"3":{"start":{"line":4,"column":0},"end":{"line":4,"column":48}},"4":{"start":{"line":5,"column":0},"end":{"line":5,"column":49}},"5":{"start":{"line":7,"column":0},"end":{"line":7,"column":47}},"6":{"start":{"line":8,"column":0},"end":{"line":8,"column":65}},"7":{"start":{"line":9,"column":0},"end":{"line":9,"column":65}},"8":{"start":{"line":10,"column":0},"end":{"line":10,"column":59}},"9":{"start":{"line":11,"column":0},"end":{"line":11,"column":59}},"10":{"start":{"line":12,"column":0},"end":{"line":12,"column":48}},"11":{"start":{"line":13,"column":0},"end":{"line":13,"column":63}},"12":{"start":{"line":14,"column":0},"end":{"line":14,"column":69}},"13":{"start":{"line":15,"column":0},"end":{"line":15,"column":54}},"14":{"start":{"line":16,"column":0},"end":{"line":16,"column":54}},"15":{"start":{"line":17,"column":0},"end":{"line":17,"column":69}},"16":{"start":{"line":18,"column":0},"end":{"line":18,"column":65}},"17":{"start":{"line":19,"column":0},"end":{"line":19,"column":71}},"18":{"start":{"line":24,"column":7},"end":{"line":120,"column":null}},"19":{"start":{"line":25,"column":31},"end":{"line":25,"column":45}},"20":{"start":{"line":29,"column":4},"end":{"line":29,"column":42}},"21":{"start":{"line":34,"column":4},"end":{"line":34,"column":45}},"22":{"start":{"line":39,"column":4},"end":{"line":39,"column":49}},"23":{"start":{"line":44,"column":4},"end":{"line":44,"column":49}},"24":{"start":{"line":49,"column":4},"end":{"line":49,"column":46}},"25":{"start":{"line":54,"column":4},"end":{"line":54,"column":46}},"26":{"start":{"line":59,"column":4},"end":{"line":59,"column":50}},"27":{"start":{"line":64,"column":4},"end":{"line":64,"column":57}},"28":{"start":{"line":69,"column":4},"end":{"line":69,"column":50}},"29":{"start":{"line":74,"column":4},"end":{"line":74,"column":47}},"30":{"start":{"line":79,"column":4},"end":{"line":79,"column":54}},"31":{"start":{"line":83,"column":4},"end":{"line":83,"column":57}},"32":{"start":{"line":88,"column":4},"end":{"line":88,"column":48}},"33":{"start":{"line":93,"column":4},"end":{"line":93,"column":48}},"34":{"start":{"line":98,"column":4},"end":{"line":98,"column":52}},"35":{"start":{"line":103,"column":4},"end":{"line":103,"column":62}},"36":{"start":{"line":108,"column":4},"end":{"line":108,"column":46}},"37":{"start":{"line":113,"column":4},"end":{"line":113,"column":42}},"38":{"start":{"line":118,"column":4},"end":{"line":118,"column":43}},"39":{"start":{"line":24,"column":13},"end":{"line":24,"column":28}},"40":{"start":{"line":28,"column":8},"end":{"line":30,"column":null}},"41":{"start":{"line":33,"column":8},"end":{"line":35,"column":null}},"42":{"start":{"line":38,"column":8},"end":{"line":40,"column":null}},"43":{"start":{"line":43,"column":8},"end":{"line":45,"column":null}},"44":{"start":{"line":48,"column":8},"end":{"line":50,"column":null}},"45":{"start":{"line":53,"column":8},"end":{"line":55,"column":null}},"46":{"start":{"line":58,"column":8},"end":{"line":60,"column":null}},"47":{"start":{"line":63,"column":8},"end":{"line":65,"column":null}},"48":{"start":{"line":68,"column":8},"end":{"line":70,"column":null}},"49":{"start":{"line":73,"column":8},"end":{"line":75,"column":null}},"50":{"start":{"line":78,"column":8},"end":{"line":80,"column":null}},"51":{"start":{"line":82,"column":8},"end":{"line":84,"column":null}},"52":{"start":{"line":87,"column":8},"end":{"line":89,"column":null}},"53":{"start":{"line":92,"column":8},"end":{"line":94,"column":null}},"54":{"start":{"line":97,"column":8},"end":{"line":99,"column":null}},"55":{"start":{"line":102,"column":8},"end":{"line":104,"column":null}},"56":{"start":{"line":107,"column":8},"end":{"line":109,"column":null}},"57":{"start":{"line":112,"column":8},"end":{"line":114,"column":null}},"58":{"start":{"line":117,"column":8},"end":{"line":119,"column":null}},"59":{"start":{"line":24,"column":13},"end":{"line":120,"column":null}}},"fnMap":{"0":{"name":"(anonymous_4)","decl":{"start":{"line":25,"column":2},"end":{"line":25,"column":31}},"loc":{"start":{"line":25,"column":57},"end":{"line":25,"column":61}}},"1":{"name":"(anonymous_5)","decl":{"start":{"line":28,"column":2},"end":{"line":28,"column":7}},"loc":{"start":{"line":28,"column":15},"end":{"line":30,"column":3}}},"2":{"name":"(anonymous_6)","decl":{"start":{"line":33,"column":2},"end":{"line":33,"column":7}},"loc":{"start":{"line":33,"column":48},"end":{"line":35,"column":3}}},"3":{"name":"(anonymous_7)","decl":{"start":{"line":38,"column":2},"end":{"line":38,"column":7}},"loc":{"start":{"line":38,"column":17},"end":{"line":40,"column":3}}},"4":{"name":"(anonymous_8)","decl":{"start":{"line":43,"column":2},"end":{"line":43,"column":7}},"loc":{"start":{"line":43,"column":17},"end":{"line":45,"column":3}}},"5":{"name":"(anonymous_9)","decl":{"start":{"line":48,"column":2},"end":{"line":48,"column":7}},"loc":{"start":{"line":48,"column":51},"end":{"line":50,"column":3}}},"6":{"name":"(anonymous_10)","decl":{"start":{"line":53,"column":2},"end":{"line":53,"column":7}},"loc":{"start":{"line":53,"column":51},"end":{"line":55,"column":3}}},"7":{"name":"(anonymous_11)","decl":{"start":{"line":58,"column":2},"end":{"line":58,"column":7}},"loc":{"start":{"line":58,"column":76},"end":{"line":60,"column":3}}},"8":{"name":"(anonymous_12)","decl":{"start":{"line":63,"column":2},"end":{"line":63,"column":7}},"loc":{"start":{"line":63,"column":81},"end":{"line":65,"column":3}}},"9":{"name":"(anonymous_13)","decl":{"start":{"line":68,"column":2},"end":{"line":68,"column":7}},"loc":{"start":{"line":68,"column":26},"end":{"line":70,"column":3}}},"10":{"name":"(anonymous_14)","decl":{"start":{"line":73,"column":2},"end":{"line":73,"column":7}},"loc":{"start":{"line":73,"column":17},"end":{"line":75,"column":3}}},"11":{"name":"(anonymous_15)","decl":{"start":{"line":78,"column":2},"end":{"line":78,"column":7}},"loc":{"start":{"line":78,"column":56},"end":{"line":80,"column":3}}},"12":{"name":"(anonymous_16)","decl":{"start":{"line":82,"column":2},"end":{"line":82,"column":7}},"loc":{"start":{"line":82,"column":72},"end":{"line":84,"column":3}}},"13":{"name":"(anonymous_17)","decl":{"start":{"line":87,"column":2},"end":{"line":87,"column":7}},"loc":{"start":{"line":87,"column":51},"end":{"line":89,"column":3}}},"14":{"name":"(anonymous_18)","decl":{"start":{"line":92,"column":2},"end":{"line":92,"column":7}},"loc":{"start":{"line":92,"column":50},"end":{"line":94,"column":3}}},"15":{"name":"(anonymous_19)","decl":{"start":{"line":97,"column":2},"end":{"line":97,"column":7}},"loc":{"start":{"line":97,"column":60},"end":{"line":99,"column":3}}},"16":{"name":"(anonymous_20)","decl":{"start":{"line":102,"column":2},"end":{"line":102,"column":7}},"loc":{"start":{"line":102,"column":51},"end":{"line":104,"column":3}}},"17":{"name":"(anonymous_21)","decl":{"start":{"line":107,"column":2},"end":{"line":107,"column":7}},"loc":{"start":{"line":107,"column":46},"end":{"line":109,"column":3}}},"18":{"name":"(anonymous_22)","decl":{"start":{"line":112,"column":2},"end":{"line":112,"column":7}},"loc":{"start":{"line":112,"column":18},"end":{"line":114,"column":3}}},"19":{"name":"(anonymous_23)","decl":{"start":{"line":117,"column":2},"end":{"line":117,"column":7}},"loc":{"start":{"line":117,"column":19},"end":{"line":119,"column":3}}}},"branchMap":{},"s":{"0":0,"1":0,"2":0,"3":0,"4":0,"5":0,"6":0,"7":0,"8":0,"9":0,"10":0,"11":0,"12":0,"13":0,"14":0,"15":0,"16":0,"17":0,"18":0,"19":0,"20":0,"21":0,"22":0,"23":0,"24":0,"25":0,"26":0,"27":0,"28":0,"29":0,"30":0,"31":0,"32":0,"33":0,"34":0,"35":0,"36":0,"37":0,"38":0,"39":0,"40":0,"41":0,"42":0,"43":0,"44":0,"45":0,"46":0,"47":0,"48":0,"49":0,"50":0,"51":0,"52":0,"53":0,"54":0,"55":0,"56":0,"57":0,"58":0,"59":0},"f":{"0":0,"1":0,"2":0,"3":0,"4":0,"5":0,"6":0,"7":0,"8":0,"9":0,"10":0,"11":0,"12":0,"13":0,"14":0,"15":0,"16":0,"17":0,"18":0,"19":0},"b":{}}
,"D:\\work\\apps\\backend\\src\\admin\\admin.service.ts": {"path":"D:\\work\\apps\\backend\\src\\admin\\admin.service.ts","statementMap":{"0":{"start":{"line":1,"column":0},"end":{"line":1,"column":92}},"1":{"start":{"line":2,"column":0},"end":{"line":2,"column":47}},"2":{"start":{"line":3,"column":0},"end":{"line":3,"column":38}},"3":{"start":{"line":4,"column":0},"end":{"line":4,"column":35}},"4":{"start":{"line":6,"column":0},"end":{"line":6,"column":57}},"5":{"start":{"line":7,"column":0},"end":{"line":7,"column":77}},"6":{"start":{"line":8,"column":0},"end":{"line":8,"column":85}},"7":{"start":{"line":9,"column":0},"end":{"line":9,"column":57}},"8":{"start":{"line":10,"column":0},"end":{"line":10,"column":54}},"9":{"start":{"line":11,"column":0},"end":{"line":11,"column":59}},"10":{"start":{"line":59,"column":25},"end":{"line":907,"column":null}},"11":{"start":{"line":63,"column":21},"end":{"line":63,"column":29}},"12":{"start":{"line":64,"column":21},"end":{"line":64,"column":36}},"13":{"start":{"line":65,"column":21},"end":{"line":65,"column":42}},"14":{"start":{"line":66,"column":21},"end":{"line":66,"column":39}},"15":{"start":{"line":67,"column":21},"end":{"line":67,"column":37}},"16":{"start":{"line":68,"column":21},"end":{"line":68,"column":35}},"17":{"start":{"line":69,"column":21},"end":{"line":69,"column":38}},"18":{"start":{"line":60,"column":19},"end":{"line":60,"column":58}},"19":{"start":{"line":73,"column":23},"end":{"line":73,"column":33}},"20":{"start":{"line":74,"column":4},"end":{"line":74,"column":36}},"21":{"start":{"line":86,"column":8},"end":{"line":96,"column":6}},"22":{"start":{"line":98,"column":4},"end":{"line":110,"column":6}},"23":{"start":{"line":114,"column":17},"end":{"line":114,"column":32}},"24":{"start":{"line":115,"column":18},"end":{"line":115,"column":28}},"25":{"start":{"line":116,"column":4},"end":{"line":116,"column":31}},"26":{"start":{"line":117,"column":4},"end":{"line":117,"column":48}},"27":{"start":{"line":119,"column":24},"end":{"line":122,"column":6}},"28":{"start":{"line":124,"column":21},"end":{"line":124,"column":null}},"29":{"start":{"line":128,"column":4},"end":{"line":140,"column":5}},"30":{"start":{"line":128,"column":17},"end":{"line":128,"column":18}},"31":{"start":{"line":129,"column":19},"end":{"line":129,"column":44}},"32":{"start":{"line":130,"column":6},"end":{"line":130,"column":40}},"33":{"start":{"line":131,"column":18},"end":{"line":131,"column":49}},"34":{"start":{"line":132,"column":6},"end":{"line":139,"column":9}},"35":{"start":{"line":142,"column":24},"end":{"line":142,"column":49}},"36":{"start":{"line":143,"column":20},"end":{"line":143,"column":78}},"37":{"start":{"line":145,"column":4},"end":{"line":175,"column":5}},"38":{"start":{"line":146,"column":18},"end":{"line":146,"column":65}},"39":{"start":{"line":147,"column":20},"end":{"line":147,"column":37}},"40":{"start":{"line":148,"column":6},"end":{"line":159,"column":7}},"41":{"start":{"line":149,"column":8},"end":{"line":149,"column":25}},"42":{"start":{"line":150,"column":8},"end":{"line":158,"column":9}},"43":{"start":{"line":151,"column":10},"end":{"line":151,"column":26}},"44":{"start":{"line":152,"column":15},"end":{"line":158,"column":9}},"45":{"start":{"line":153,"column":10},"end":{"line":153,"column":28}},"46":{"start":{"line":154,"column":15},"end":{"line":158,"column":9}},"47":{"start":{"line":155,"column":10},"end":{"line":155,"column":32}},"48":{"start":{"line":156,"column":15},"end":{"line":158,"column":9}},"49":{"start":{"line":157,"column":10},"end":{"line":157,"column":28}},"50":{"start":{"line":161,"column":6},"end":{"line":161,"column":25}},"51":{"start":{"line":162,"column":6},"end":{"line":170,"column":7}},"52":{"start":{"line":163,"column":8},"end":{"line":163,"column":26}},"53":{"start":{"line":164,"column":13},"end":{"line":170,"column":7}},"54":{"start":{"line":165,"column":8},"end":{"line":165,"column":28}},"55":{"start":{"line":166,"column":13},"end":{"line":170,"column":7}},"56":{"start":{"line":167,"column":8},"end":{"line":167,"column":32}},"57":{"start":{"line":168,"column":13},"end":{"line":170,"column":7}},"58":{"start":{"line":169,"column":8},"end":{"line":169,"column":28}},"59":{"start":{"line":172,"column":6},"end":{"line":174,"column":7}},"60":{"start":{"line":173,"column":8},"end":{"line":173,"column":96}},"61":{"start":{"line":177,"column":18},"end":{"line":177,"column":47}},"62":{"start":{"line":178,"column":19},"end":{"line":181,"column":19}},"63":{"start":{"line":179,"column":31},"end":{"line":179,"column":46}},"64":{"start":{"line":180,"column":22},"end":{"line":180,"column":39}},"65":{"start":{"line":183,"column":4},"end":{"line":183,"column":81}},"66":{"start":{"line":187,"column":20},"end":{"line":187,"column":41}},"67":{"start":{"line":192,"column":8},"end":{"line":192,"column":10}},"68":{"start":{"line":194,"column":4},"end":{"line":196,"column":5}},"69":{"start":{"line":195,"column":6},"end":{"line":195,"column":30}},"70":{"start":{"line":198,"column":4},"end":{"line":200,"column":5}},"71":{"start":{"line":199,"column":6},"end":{"line":199,"column":38}},"72":{"start":{"line":202,"column":4},"end":{"line":207,"column":5}},"73":{"start":{"line":203,"column":6},"end":{"line":206,"column":8}},"74":{"start":{"line":209,"column":4},"end":{"line":221,"column":7}},"75":{"start":{"line":225,"column":20},"end":{"line":225,"column":38}},"76":{"start":{"line":226,"column":17},"end":{"line":226,"column":32}},"77":{"start":{"line":228,"column":4},"end":{"line":230,"column":5}},"78":{"start":{"line":229,"column":6},"end":{"line":229,"column":69}},"79":{"start":{"line":232,"column":21},"end":{"line":232,"column":78}},"80":{"start":{"line":233,"column":4},"end":{"line":235,"column":5}},"81":{"start":{"line":234,"column":6},"end":{"line":234,"column":62}},"82":{"start":{"line":237,"column":25},"end":{"line":237,"column":60}},"83":{"start":{"line":238,"column":17},"end":{"line":246,"column":6}},"84":{"start":{"line":248,"column":4},"end":{"line":255,"column":6}},"85":{"start":{"line":259,"column":21},"end":{"line":259,"column":73}},"86":{"start":{"line":260,"column":4},"end":{"line":262,"column":5}},"87":{"start":{"line":261,"column":6},"end":{"line":261,"column":52}},"88":{"start":{"line":264,"column":17},"end":{"line":264,"column":33}},"89":{"start":{"line":265,"column":4},"end":{"line":267,"column":5}},"90":{"start":{"line":266,"column":6},"end":{"line":266,"column":56}},"91":{"start":{"line":269,"column":17},"end":{"line":276,"column":6}},"92":{"start":{"line":278,"column":4},"end":{"line":285,"column":6}},"93":{"start":{"line":289,"column":21},"end":{"line":289,"column":73}},"94":{"start":{"line":290,"column":4},"end":{"line":292,"column":5}},"95":{"start":{"line":291,"column":6},"end":{"line":291,"column":52}},"96":{"start":{"line":294,"column":25},"end":{"line":294,"column":60}},"97":{"start":{"line":295,"column":4},"end":{"line":298,"column":7}},"98":{"start":{"line":300,"column":4},"end":{"line":300,"column":28}},"99":{"start":{"line":304,"column":20},"end":{"line":310,"column":6}},"100":{"start":{"line":312,"column":4},"end":{"line":321,"column":8}},"101":{"start":{"line":312,"column":35},"end":{"line":321,"column":6}},"102":{"start":{"line":325,"column":85},"end":{"line":332,"column":6}},"103":{"start":{"line":334,"column":24},"end":{"line":334,"column":54}},"104":{"start":{"line":335,"column":24},"end":{"line":335,"column":54}},"105":{"start":{"line":336,"column":27},"end":{"line":336,"column":63}},"106":{"start":{"line":338,"column":4},"end":{"line":347,"column":6}},"107":{"start":{"line":351,"column":4},"end":{"line":351,"column":52}},"108":{"start":{"line":355,"column":4},"end":{"line":355,"column":52}},"109":{"start":{"line":359,"column":4},"end":{"line":359,"column":49}},"110":{"start":{"line":363,"column":4},"end":{"line":363,"column":42}},"111":{"start":{"line":367,"column":4},"end":{"line":367,"column":43}},"112":{"start":{"line":371,"column":4},"end":{"line":416,"column":5}},"113":{"start":{"line":372,"column":23},"end":{"line":372,"column":88}},"114":{"start":{"line":373,"column":16},"end":{"line":373,"column":57}},"115":{"start":{"line":375,"column":6},"end":{"line":375,"column":71}},"116":{"start":{"line":376,"column":6},"end":{"line":376,"column":61}},"117":{"start":{"line":377,"column":6},"end":{"line":377,"column":57}},"118":{"start":{"line":378,"column":6},"end":{"line":378,"column":71}},"119":{"start":{"line":379,"column":6},"end":{"line":379,"column":71}},"120":{"start":{"line":380,"column":6},"end":{"line":380,"column":75}},"121":{"start":{"line":381,"column":6},"end":{"line":381,"column":71}},"122":{"start":{"line":382,"column":6},"end":{"line":382,"column":79}},"123":{"start":{"line":384,"column":6},"end":{"line":391,"column":7}},"124":{"start":{"line":385,"column":24},"end":{"line":385,"column":45}},"125":{"start":{"line":386,"column":8},"end":{"line":390,"column":9}},"126":{"start":{"line":387,"column":10},"end":{"line":387,"column":32}},"127":{"start":{"line":389,"column":10},"end":{"line":389,"column":29}},"128":{"start":{"line":393,"column":6},"end":{"line":395,"column":7}},"129":{"start":{"line":394,"column":8},"end":{"line":394,"column":43}},"130":{"start":{"line":396,"column":6},"end":{"line":398,"column":7}},"131":{"start":{"line":397,"column":8},"end":{"line":397,"column":47}},"132":{"start":{"line":399,"column":6},"end":{"line":401,"column":7}},"133":{"start":{"line":400,"column":8},"end":{"line":400,"column":33}},"134":{"start":{"line":402,"column":6},"end":{"line":404,"column":7}},"135":{"start":{"line":403,"column":8},"end":{"line":403,"column":55}},"136":{"start":{"line":405,"column":6},"end":{"line":407,"column":7}},"137":{"start":{"line":406,"column":8},"end":{"line":406,"column":57}},"138":{"start":{"line":408,"column":6},"end":{"line":410,"column":7}},"139":{"start":{"line":409,"column":8},"end":{"line":409,"column":43}},"140":{"start":{"line":411,"column":6},"end":{"line":413,"column":7}},"141":{"start":{"line":412,"column":8},"end":{"line":412,"column":80}},"142":{"start":{"line":412,"column":52},"end":{"line":412,"column":65}},"143":{"start":{"line":415,"column":6},"end":{"line":415,"column":80}},"144":{"start":{"line":418,"column":4},"end":{"line":453,"column":5}},"145":{"start":{"line":419,"column":32},"end":{"line":419,"column":116}},"146":{"start":{"line":420,"column":26},"end":{"line":420,"column":95}},"147":{"start":{"line":420,"column":70},"end":{"line":420,"column":93}},"148":{"start":{"line":422,"column":25},"end":{"line":450,"column":47}},"149":{"start":{"line":424,"column":21},"end":{"line":424,"column":95}},"150":{"start":{"line":425,"column":10},"end":{"line":427,"column":11}},"151":{"start":{"line":426,"column":12},"end":{"line":426,"column":24}},"152":{"start":{"line":428,"column":27},"end":{"line":428,"column":46}},"153":{"start":{"line":429,"column":26},"end":{"line":429,"column":109}},"154":{"start":{"line":430,"column":10},"end":{"line":432,"column":11}},"155":{"start":{"line":431,"column":12},"end":{"line":431,"column":24}},"156":{"start":{"line":433,"column":25},"end":{"line":437,"column":32}},"157":{"start":{"line":439,"column":10},"end":{"line":448,"column":33}},"158":{"start":{"line":452,"column":6},"end":{"line":452,"column":74}},"159":{"start":{"line":455,"column":4},"end":{"line":475,"column":5}},"160":{"start":{"line":456,"column":23},"end":{"line":456,"column":88}},"161":{"start":{"line":457,"column":16},"end":{"line":457,"column":45}},"162":{"start":{"line":458,"column":6},"end":{"line":465,"column":7}},"163":{"start":{"line":459,"column":24},"end":{"line":459,"column":45}},"164":{"start":{"line":460,"column":8},"end":{"line":464,"column":9}},"165":{"start":{"line":461,"column":10},"end":{"line":461,"column":32}},"166":{"start":{"line":463,"column":10},"end":{"line":463,"column":29}},"167":{"start":{"line":466,"column":6},"end":{"line":473,"column":7}},"168":{"start":{"line":467,"column":24},"end":{"line":467,"column":48}},"169":{"start":{"line":468,"column":8},"end":{"line":472,"column":9}},"170":{"start":{"line":469,"column":10},"end":{"line":469,"column":35}},"171":{"start":{"line":471,"column":10},"end":{"line":471,"column":32}},"172":{"start":{"line":474,"column":6},"end":{"line":474,"column":80}},"173":{"start":{"line":477,"column":4},"end":{"line":490,"column":5}},"174":{"start":{"line":478,"column":23},"end":{"line":478,"column":94}},"175":{"start":{"line":479,"column":16},"end":{"line":479,"column":63}},"176":{"start":{"line":480,"column":6},"end":{"line":482,"column":7}},"177":{"start":{"line":481,"column":8},"end":{"line":481,"column":42}},"178":{"start":{"line":483,"column":6},"end":{"line":485,"column":7}},"179":{"start":{"line":484,"column":8},"end":{"line":484,"column":56}},"180":{"start":{"line":486,"column":6},"end":{"line":488,"column":7}},"181":{"start":{"line":487,"column":8},"end":{"line":487,"column":36}},"182":{"start":{"line":489,"column":6},"end":{"line":489,"column":83}},"183":{"start":{"line":492,"column":4},"end":{"line":492,"column":34}},"184":{"start":{"line":496,"column":22},"end":{"line":496,"column":46}},"185":{"start":{"line":497,"column":19},"end":{"line":497,"column":80}},"186":{"start":{"line":498,"column":4},"end":{"line":502,"column":5}},"187":{"start":{"line":499,"column":21},"end":{"line":499,"column":76}},"188":{"start":{"line":500,"column":6},"end":{"line":500,"column":68}},"189":{"start":{"line":501,"column":6},"end":{"line":501,"column":20}},"190":{"start":{"line":503,"column":4},"end":{"line":507,"column":5}},"191":{"start":{"line":504,"column":21},"end":{"line":504,"column":73}},"192":{"start":{"line":505,"column":6},"end":{"line":505,"column":68}},"193":{"start":{"line":506,"column":6},"end":{"line":506,"column":20}},"194":{"start":{"line":509,"column":45},"end":{"line":514,"column":6}},"195":{"start":{"line":516,"column":22},"end":{"line":516,"column":32}},"196":{"start":{"line":517,"column":17},"end":{"line":519,"column":null}},"197":{"start":{"line":521,"column":4},"end":{"line":523,"column":5}},"198":{"start":{"line":522,"column":6},"end":{"line":522,"column":56}},"199":{"start":{"line":525,"column":21},"end":{"line":532,"column":null}},"200":{"start":{"line":535,"column":22},"end":{"line":535,"column":44}},"201":{"start":{"line":536,"column":4},"end":{"line":540,"column":5}},"202":{"start":{"line":537,"column":21},"end":{"line":537,"column":98}},"203":{"start":{"line":538,"column":6},"end":{"line":538,"column":89}},"204":{"start":{"line":539,"column":6},"end":{"line":539,"column":20}},"205":{"start":{"line":542,"column":19},"end":{"line":542,"column":88}},"206":{"start":{"line":543,"column":4},"end":{"line":543,"column":66}},"207":{"start":{"line":544,"column":4},"end":{"line":544,"column":18}},"208":{"start":{"line":548,"column":22},"end":{"line":548,"column":46}},"209":{"start":{"line":549,"column":22},"end":{"line":549,"column":79}},"210":{"start":{"line":550,"column":19},"end":{"line":551,"column":63}},"211":{"start":{"line":552,"column":22},"end":{"line":553,"column":66}},"212":{"start":{"line":555,"column":67},"end":{"line":555,"column":69}},"213":{"start":{"line":556,"column":4},"end":{"line":556,"column":39}},"214":{"start":{"line":556,"column":16},"end":{"line":556,"column":39}},"215":{"start":{"line":557,"column":4},"end":{"line":557,"column":48}},"216":{"start":{"line":557,"column":19},"end":{"line":557,"column":48}},"217":{"start":{"line":559,"column":19},"end":{"line":559,"column":68}},"218":{"start":{"line":560,"column":4},"end":{"line":560,"column":66}},"219":{"start":{"line":561,"column":4},"end":{"line":561,"column":18}},"220":{"start":{"line":580,"column":19},"end":{"line":590,"column":6}},"221":{"start":{"line":592,"column":4},"end":{"line":594,"column":5}},"222":{"start":{"line":593,"column":6},"end":{"line":593,"column":70}},"223":{"start":{"line":595,"column":4},"end":{"line":597,"column":5}},"224":{"start":{"line":596,"column":6},"end":{"line":596,"column":67}},"225":{"start":{"line":599,"column":45},"end":{"line":607,"column":6}},"226":{"start":{"line":609,"column":4},"end":{"line":611,"column":5}},"227":{"start":{"line":610,"column":6},"end":{"line":610,"column":34}},"228":{"start":{"line":612,"column":4},"end":{"line":614,"column":5}},"229":{"start":{"line":613,"column":6},"end":{"line":613,"column":56}},"230":{"start":{"line":615,"column":4},"end":{"line":617,"column":5}},"231":{"start":{"line":616,"column":6},"end":{"line":616,"column":58}},"232":{"start":{"line":618,"column":4},"end":{"line":620,"column":5}},"233":{"start":{"line":619,"column":6},"end":{"line":619,"column":33}},"234":{"start":{"line":621,"column":4},"end":{"line":623,"column":5}},"235":{"start":{"line":622,"column":6},"end":{"line":622,"column":56}},"236":{"start":{"line":625,"column":17},"end":{"line":627,"column":null}},"237":{"start":{"line":629,"column":4},"end":{"line":631,"column":5}},"238":{"start":{"line":630,"column":6},"end":{"line":630,"column":56}},"239":{"start":{"line":633,"column":22},"end":{"line":633,"column":32}},"240":{"start":{"line":634,"column":21},"end":{"line":638,"column":6}},"241":{"start":{"line":639,"column":22},"end":{"line":639,"column":44}},"242":{"start":{"line":640,"column":17},"end":{"line":640,"column":38}},"243":{"start":{"line":642,"column":4},"end":{"line":656,"column":5}},"244":{"start":{"line":643,"column":6},"end":{"line":654,"column":9}},"245":{"start":{"line":655,"column":6},"end":{"line":655,"column":76}},"246":{"start":{"line":658,"column":19},"end":{"line":658,"column":52}},"247":{"start":{"line":659,"column":18},"end":{"line":659,"column":43}},"248":{"start":{"line":660,"column":17},"end":{"line":660,"column":87}},"249":{"start":{"line":662,"column":4},"end":{"line":677,"column":7}},"250":{"start":{"line":679,"column":4},"end":{"line":688,"column":6}},"251":{"start":{"line":701,"column":4},"end":{"line":710,"column":7}},"252":{"start":{"line":714,"column":4},"end":{"line":717,"column":7}},"253":{"start":{"line":721,"column":23},"end":{"line":721,"column":75}},"254":{"start":{"line":722,"column":22},"end":{"line":722,"column":73}},"255":{"start":{"line":723,"column":21},"end":{"line":723,"column":70}},"256":{"start":{"line":724,"column":28},"end":{"line":724,"column":85}},"257":{"start":{"line":725,"column":28},"end":{"line":725,"column":85}},"258":{"start":{"line":727,"column":6},"end":{"line":729,"column":11}},"259":{"start":{"line":730,"column":25},"end":{"line":730,"column":90}},"260":{"start":{"line":731,"column":27},"end":{"line":731,"column":93}},"261":{"start":{"line":732,"column":23},"end":{"line":732,"column":90}},"262":{"start":{"line":734,"column":25},"end":{"line":734,"column":87}},"263":{"start":{"line":735,"column":20},"end":{"line":735,"column":72}},"264":{"start":{"line":736,"column":18},"end":{"line":736,"column":66}},"265":{"start":{"line":737,"column":25},"end":{"line":737,"column":100}},"266":{"start":{"line":738,"column":25},"end":{"line":738,"column":100}},"267":{"start":{"line":739,"column":22},"end":{"line":739,"column":58}},"268":{"start":{"line":740,"column":24},"end":{"line":740,"column":64}},"269":{"start":{"line":741,"column":17},"end":{"line":741,"column":32}},"270":{"start":{"line":742,"column":28},"end":{"line":742,"column":54}},"271":{"start":{"line":743,"column":29},"end":{"line":743,"column":56}},"272":{"start":{"line":744,"column":22},"end":{"line":744,"column":56}},"273":{"start":{"line":745,"column":17},"end":{"line":745,"column":32}},"274":{"start":{"line":746,"column":27},"end":{"line":746,"column":85}},"275":{"start":{"line":747,"column":25},"end":{"line":747,"column":81}},"276":{"start":{"line":748,"column":29},"end":{"line":748,"column":89}},"277":{"start":{"line":749,"column":24},"end":{"line":749,"column":74}},"278":{"start":{"line":751,"column":4},"end":{"line":768,"column":6}},"279":{"start":{"line":772,"column":22},"end":{"line":772,"column":79}},"280":{"start":{"line":773,"column":25},"end":{"line":773,"column":85}},"281":{"start":{"line":775,"column":4},"end":{"line":778,"column":6}},"282":{"start":{"line":782,"column":21},"end":{"line":782,"column":92}},"283":{"start":{"line":783,"column":23},"end":{"line":783,"column":94}},"284":{"start":{"line":784,"column":20},"end":{"line":784,"column":59}},"285":{"start":{"line":785,"column":27},"end":{"line":785,"column":75}},"286":{"start":{"line":787,"column":4},"end":{"line":791,"column":6}},"287":{"start":{"line":795,"column":17},"end":{"line":795,"column":43}},"288":{"start":{"line":796,"column":4},"end":{"line":798,"column":5}},"289":{"start":{"line":797,"column":6},"end":{"line":797,"column":18}},"290":{"start":{"line":799,"column":23},"end":{"line":799,"column":53}},"291":{"start":{"line":800,"column":4},"end":{"line":805,"column":5}},"292":{"start":{"line":801,"column":6},"end":{"line":803,"column":7}},"293":{"start":{"line":802,"column":8},"end":{"line":802,"column":26}},"294":{"start":{"line":804,"column":6},"end":{"line":804,"column":76}},"295":{"start":{"line":806,"column":4},"end":{"line":806,"column":41}},"296":{"start":{"line":814,"column":23},"end":{"line":814,"column":44}},"297":{"start":{"line":815,"column":20},"end":{"line":815,"column":67}},"298":{"start":{"line":815,"column":37},"end":{"line":815,"column":55}},"299":{"start":{"line":816,"column":4},"end":{"line":828,"column":5}},"300":{"start":{"line":817,"column":23},"end":{"line":817,"column":82}},"301":{"start":{"line":818,"column":6},"end":{"line":821,"column":7}},"302":{"start":{"line":819,"column":26},"end":{"line":819,"column":47}},"303":{"start":{"line":820,"column":8},"end":{"line":820,"column":65}},"304":{"start":{"line":822,"column":6},"end":{"line":822,"column":66}},"305":{"start":{"line":824,"column":22},"end":{"line":824,"column":78}},"306":{"start":{"line":825,"column":6},"end":{"line":825,"column":58}},"307":{"start":{"line":827,"column":6},"end":{"line":827,"column":28}},"308":{"start":{"line":832,"column":4},"end":{"line":834,"column":5}},"309":{"start":{"line":833,"column":6},"end":{"line":833,"column":18}},"310":{"start":{"line":835,"column":4},"end":{"line":839,"column":6}},"311":{"start":{"line":847,"column":18},"end":{"line":847,"column":36}},"312":{"start":{"line":848,"column":20},"end":{"line":848,"column":40}},"313":{"start":{"line":849,"column":4},"end":{"line":851,"column":5}},"314":{"start":{"line":850,"column":6},"end":{"line":850,"column":23}},"315":{"start":{"line":852,"column":19},"end":{"line":852,"column":85}},"316":{"start":{"line":853,"column":20},"end":{"line":853,"column":92}},"317":{"start":{"line":854,"column":18},"end":{"line":854,"column":34}},"318":{"start":{"line":855,"column":4},"end":{"line":855,"column":54}},"319":{"start":{"line":859,"column":4},"end":{"line":863,"column":5}},"320":{"start":{"line":860,"column":6},"end":{"line":860,"column":126}},"321":{"start":{"line":862,"column":6},"end":{"line":862,"column":18}},"322":{"start":{"line":867,"column":4},"end":{"line":871,"column":8}},"323":{"start":{"line":867,"column":39},"end":{"line":870,"column":null}},"324":{"start":{"line":879,"column":4},"end":{"line":881,"column":5}},"325":{"start":{"line":880,"column":6},"end":{"line":880,"column":13}},"326":{"start":{"line":882,"column":20},"end":{"line":882,"column":32}},"327":{"start":{"line":883,"column":4},"end":{"line":887,"column":5}},"328":{"start":{"line":884,"column":6},"end":{"line":884,"column":42}},"329":{"start":{"line":886,"column":6},"end":{"line":886,"column":25}},"330":{"start":{"line":891,"column":4},"end":{"line":891,"column":93}},"331":{"start":{"line":891,"column":70},"end":{"line":891,"column":85}},"332":{"start":{"line":895,"column":20},"end":{"line":895,"column":33}},"333":{"start":{"line":896,"column":4},"end":{"line":896,"column":34}},"334":{"start":{"line":900,"column":4},"end":{"line":905,"column":5}},"335":{"start":{"line":901,"column":6},"end":{"line":901,"column":74}},"336":{"start":{"line":903,"column":22},"end":{"line":903,"column":78}},"337":{"start":{"line":904,"column":6},"end":{"line":904,"column":78}},"338":{"start":{"line":59,"column":13},"end":{"line":59,"column":25}},"339":{"start":{"line":59,"column":13},"end":{"line":907,"column":null}}},"fnMap":{"0":{"name":"(anonymous_2)","decl":{"start":{"line":62,"column":2},"end":{"line":62,"column":null}},"loc":{"start":{"line":69,"column":53},"end":{"line":70,"column":6}}},"1":{"name":"(anonymous_3)","decl":{"start":{"line":72,"column":2},"end":{"line":72,"column":7}},"loc":{"start":{"line":72,"column":18},"end":{"line":111,"column":3}}},"2":{"name":"(anonymous_4)","decl":{"start":{"line":113,"column":2},"end":{"line":113,"column":7}},"loc":{"start":{"line":113,"column":42},"end":{"line":184,"column":3}}},"3":{"name":"(anonymous_5)","decl":{"start":{"line":179,"column":11},"end":{"line":179,"column":12}},"loc":{"start":{"line":179,"column":31},"end":{"line":179,"column":46}}},"4":{"name":"(anonymous_6)","decl":{"start":{"line":180,"column":12},"end":{"line":180,"column":13}},"loc":{"start":{"line":180,"column":22},"end":{"line":180,"column":39}}},"5":{"name":"(anonymous_7)","decl":{"start":{"line":186,"column":2},"end":{"line":186,"column":7}},"loc":{"start":{"line":186,"column":42},"end":{"line":222,"column":3}}},"6":{"name":"(anonymous_8)","decl":{"start":{"line":224,"column":2},"end":{"line":224,"column":7}},"loc":{"start":{"line":224,"column":42},"end":{"line":256,"column":3}}},"7":{"name":"(anonymous_9)","decl":{"start":{"line":258,"column":2},"end":{"line":258,"column":7}},"loc":{"start":{"line":258,"column":54},"end":{"line":286,"column":3}}},"8":{"name":"(anonymous_10)","decl":{"start":{"line":288,"column":2},"end":{"line":288,"column":7}},"loc":{"start":{"line":288,"column":63},"end":{"line":301,"column":3}}},"9":{"name":"(anonymous_11)","decl":{"start":{"line":303,"column":2},"end":{"line":303,"column":7}},"loc":{"start":{"line":303,"column":26},"end":{"line":322,"column":3}}},"10":{"name":"(anonymous_12)","decl":{"start":{"line":312,"column":23},"end":{"line":312,"column":24}},"loc":{"start":{"line":312,"column":35},"end":{"line":321,"column":6}}},"11":{"name":"(anonymous_13)","decl":{"start":{"line":324,"column":2},"end":{"line":324,"column":7}},"loc":{"start":{"line":324,"column":23},"end":{"line":348,"column":3}}},"12":{"name":"(anonymous_14)","decl":{"start":{"line":350,"column":2},"end":{"line":350,"column":7}},"loc":{"start":{"line":350,"column":66},"end":{"line":352,"column":3}}},"13":{"name":"(anonymous_15)","decl":{"start":{"line":354,"column":2},"end":{"line":354,"column":7}},"loc":{"start":{"line":354,"column":43},"end":{"line":356,"column":3}}},"14":{"name":"(anonymous_16)","decl":{"start":{"line":358,"column":2},"end":{"line":358,"column":7}},"loc":{"start":{"line":358,"column":81},"end":{"line":360,"column":3}}},"15":{"name":"(anonymous_17)","decl":{"start":{"line":362,"column":2},"end":{"line":362,"column":7}},"loc":{"start":{"line":362,"column":18},"end":{"line":364,"column":3}}},"16":{"name":"(anonymous_18)","decl":{"start":{"line":366,"column":2},"end":{"line":366,"column":7}},"loc":{"start":{"line":366,"column":19},"end":{"line":368,"column":3}}},"17":{"name":"(anonymous_19)","decl":{"start":{"line":370,"column":2},"end":{"line":370,"column":7}},"loc":{"start":{"line":370,"column":53},"end":{"line":493,"column":3}}},"18":{"name":"(anonymous_20)","decl":{"start":{"line":412,"column":41},"end":{"line":412,"column":42}},"loc":{"start":{"line":412,"column":52},"end":{"line":412,"column":65}}},"19":{"name":"(anonymous_21)","decl":{"start":{"line":420,"column":56},"end":{"line":420,"column":57}},"loc":{"start":{"line":420,"column":70},"end":{"line":420,"column":93}}},"20":{"name":"(anonymous_22)","decl":{"start":{"line":423,"column":13},"end":{"line":423,"column":14}},"loc":{"start":{"line":423,"column":26},"end":{"line":449,"column":9}}},"21":{"name":"(anonymous_23)","decl":{"start":{"line":495,"column":2},"end":{"line":495,"column":7}},"loc":{"start":{"line":495,"column":25},"end":{"line":545,"column":3}}},"22":{"name":"(anonymous_24)","decl":{"start":{"line":547,"column":2},"end":{"line":547,"column":7}},"loc":{"start":{"line":547,"column":25},"end":{"line":562,"column":3}}},"23":{"name":"(anonymous_25)","decl":{"start":{"line":564,"column":2},"end":{"line":564,"column":7}},"loc":{"start":{"line":578,"column":18},"end":{"line":689,"column":3}}},"24":{"name":"(anonymous_26)","decl":{"start":{"line":691,"column":2},"end":{"line":691,"column":7}},"loc":{"start":{"line":700,"column":3},"end":{"line":711,"column":3}}},"25":{"name":"(anonymous_27)","decl":{"start":{"line":713,"column":2},"end":{"line":713,"column":7}},"loc":{"start":{"line":713,"column":64},"end":{"line":718,"column":3}}},"26":{"name":"(anonymous_28)","decl":{"start":{"line":720,"column":10},"end":{"line":720,"column":24}},"loc":{"start":{"line":720,"column":52},"end":{"line":769,"column":3}}},"27":{"name":"(anonymous_29)","decl":{"start":{"line":771,"column":10},"end":{"line":771,"column":24}},"loc":{"start":{"line":771,"column":52},"end":{"line":779,"column":3}}},"28":{"name":"(anonymous_30)","decl":{"start":{"line":781,"column":10},"end":{"line":781,"column":27}},"loc":{"start":{"line":781,"column":58},"end":{"line":792,"column":3}}},"29":{"name":"(anonymous_31)","decl":{"start":{"line":794,"column":10},"end":{"line":794,"column":24}},"loc":{"start":{"line":794,"column":55},"end":{"line":807,"column":3}}},"30":{"name":"(anonymous_32)","decl":{"start":{"line":809,"column":10},"end":{"line":809,"column":15}},"loc":{"start":{"line":812,"column":21},"end":{"line":829,"column":3}}},"31":{"name":"(anonymous_33)","decl":{"start":{"line":815,"column":31},"end":{"line":815,"column":34}},"loc":{"start":{"line":815,"column":37},"end":{"line":815,"column":55}}},"32":{"name":"(anonymous_34)","decl":{"start":{"line":831,"column":10},"end":{"line":831,"column":22}},"loc":{"start":{"line":831,"column":125},"end":{"line":840,"column":3}}},"33":{"name":"(anonymous_35)","decl":{"start":{"line":842,"column":10},"end":{"line":842,"column":21}},"loc":{"start":{"line":845,"column":29},"end":{"line":856,"column":3}}},"34":{"name":"(anonymous_36)","decl":{"start":{"line":858,"column":10},"end":{"line":858,"column":18}},"loc":{"start":{"line":858,"column":34},"end":{"line":864,"column":3}}},"35":{"name":"(anonymous_37)","decl":{"start":{"line":866,"column":10},"end":{"line":866,"column":27}},"loc":{"start":{"line":866,"column":58},"end":{"line":872,"column":3}}},"36":{"name":"(anonymous_38)","decl":{"start":{"line":867,"column":25},"end":{"line":867,"column":26}},"loc":{"start":{"line":867,"column":39},"end":{"line":870,"column":null}}},"37":{"name":"(anonymous_39)","decl":{"start":{"line":874,"column":10},"end":{"line":874,"column":25}},"loc":{"start":{"line":877,"column":18},"end":{"line":888,"column":3}}},"38":{"name":"(anonymous_40)","decl":{"start":{"line":890,"column":10},"end":{"line":890,"column":24}},"loc":{"start":{"line":890,"column":68},"end":{"line":892,"column":3}}},"39":{"name":"(anonymous_41)","decl":{"start":{"line":891,"column":59},"end":{"line":891,"column":60}},"loc":{"start":{"line":891,"column":70},"end":{"line":891,"column":85}}},"40":{"name":"(anonymous_42)","decl":{"start":{"line":894,"column":10},"end":{"line":894,"column":23}},"loc":{"start":{"line":894,"column":38},"end":{"line":897,"column":3}}},"41":{"name":"(anonymous_43)","decl":{"start":{"line":899,"column":10},"end":{"line":899,"column":15}},"loc":{"start":{"line":899,"column":77},"end":{"line":906,"column":3}}}},"branchMap":{"0":{"loc":{"start":{"line":114,"column":17},"end":{"line":114,"column":32}},"type":"cond-expr","locations":[{"start":{"line":114,"column":27},"end":{"line":114,"column":31}},{"start":{"line":114,"column":31},"end":{"line":114,"column":32}}]},"1":{"loc":{"start":{"line":114,"column":17},"end":{"line":114,"column":31}},"type":"binary-expr","locations":[{"start":{"line":114,"column":17},"end":{"line":114,"column":31}},{"start":{"line":114,"column":27},"end":{"line":114,"column":31}}]},"2":{"loc":{"start":{"line":148,"column":6},"end":{"line":159,"column":7}},"type":"if","locations":[{"start":{"line":148,"column":6},"end":{"line":159,"column":7}}]},"3":{"loc":{"start":{"line":150,"column":8},"end":{"line":158,"column":9}},"type":"if","locations":[{"start":{"line":150,"column":8},"end":{"line":158,"column":9}},{"start":{"line":152,"column":15},"end":{"line":158,"column":9}}]},"4":{"loc":{"start":{"line":152,"column":15},"end":{"line":158,"column":9}},"type":"if","locations":[{"start":{"line":152,"column":15},"end":{"line":158,"column":9}},{"start":{"line":154,"column":15},"end":{"line":158,"column":9}}]},"5":{"loc":{"start":{"line":154,"column":15},"end":{"line":158,"column":9}},"type":"if","locations":[{"start":{"line":154,"column":15},"end":{"line":158,"column":9}},{"start":{"line":156,"column":15},"end":{"line":158,"column":9}}]},"6":{"loc":{"start":{"line":156,"column":15},"end":{"line":158,"column":9}},"type":"if","locations":[{"start":{"line":156,"column":15},"end":{"line":158,"column":9}}]},"7":{"loc":{"start":{"line":162,"column":6},"end":{"line":170,"column":7}},"type":"if","locations":[{"start":{"line":162,"column":6},"end":{"line":170,"column":7}},{"start":{"line":164,"column":13},"end":{"line":170,"column":7}}]},"8":{"loc":{"start":{"line":164,"column":13},"end":{"line":170,"column":7}},"type":"if","locations":[{"start":{"line":164,"column":13},"end":{"line":170,"column":7}},{"start":{"line":166,"column":13},"end":{"line":170,"column":7}}]},"9":{"loc":{"start":{"line":166,"column":13},"end":{"line":170,"column":7}},"type":"if","locations":[{"start":{"line":166,"column":13},"end":{"line":170,"column":7}},{"start":{"line":168,"column":13},"end":{"line":170,"column":7}}]},"10":{"loc":{"start":{"line":168,"column":13},"end":{"line":170,"column":7}},"type":"if","locations":[{"start":{"line":168,"column":13},"end":{"line":170,"column":7}}]},"11":{"loc":{"start":{"line":172,"column":6},"end":{"line":174,"column":7}},"type":"if","locations":[{"start":{"line":172,"column":6},"end":{"line":174,"column":7}}]},"12":{"loc":{"start":{"line":173,"column":47},"end":{"line":173,"column":89}},"type":"binary-expr","locations":[{"start":{"line":173,"column":47},"end":{"line":173,"column":84}},{"start":{"line":173,"column":88},"end":{"line":173,"column":89}}]},"13":{"loc":{"start":{"line":187,"column":20},"end":{"line":187,"column":41}},"type":"cond-expr","locations":[{"start":{"line":187,"column":33},"end":{"line":187,"column":35}},{"start":{"line":187,"column":33},"end":{"line":187,"column":41}}]},"14":{"loc":{"start":{"line":187,"column":20},"end":{"line":187,"column":35}},"type":"binary-expr","locations":[{"start":{"line":187,"column":20},"end":{"line":187,"column":35}},{"start":{"line":187,"column":33},"end":{"line":187,"column":35}}]},"15":{"loc":{"start":{"line":194,"column":4},"end":{"line":196,"column":5}},"type":"if","locations":[{"start":{"line":194,"column":4},"end":{"line":196,"column":5}}]},"16":{"loc":{"start":{"line":198,"column":4},"end":{"line":200,"column":5}},"type":"if","locations":[{"start":{"line":198,"column":4},"end":{"line":200,"column":5}}]},"17":{"loc":{"start":{"line":202,"column":4},"end":{"line":207,"column":5}},"type":"if","locations":[{"start":{"line":202,"column":4},"end":{"line":207,"column":5}}]},"18":{"loc":{"start":{"line":228,"column":4},"end":{"line":230,"column":5}},"type":"if","locations":[{"start":{"line":228,"column":4},"end":{"line":230,"column":5}}]},"19":{"loc":{"start":{"line":228,"column":8},"end":{"line":228,"column":25}},"type":"binary-expr","locations":[{"start":{"line":228,"column":8},"end":{"line":228,"column":16}},{"start":{"line":228,"column":20},"end":{"line":228,"column":25}}]},"20":{"loc":{"start":{"line":233,"column":4},"end":{"line":235,"column":5}},"type":"if","locations":[{"start":{"line":233,"column":4},"end":{"line":235,"column":5}}]},"21":{"loc":{"start":{"line":242,"column":14},"end":{"line":242,"column":38}},"type":"cond-expr","locations":[{"start":{"line":242,"column":22},"end":{"line":242,"column":26}},{"start":{"line":242,"column":26},"end":{"line":242,"column":38}}]},"22":{"loc":{"start":{"line":242,"column":14},"end":{"line":242,"column":26}},"type":"binary-expr","locations":[{"start":{"line":242,"column":14},"end":{"line":242,"column":26}},{"start":{"line":242,"column":22},"end":{"line":242,"column":26}}]},"23":{"loc":{"start":{"line":260,"column":4},"end":{"line":262,"column":5}},"type":"if","locations":[{"start":{"line":260,"column":4},"end":{"line":262,"column":5}}]},"24":{"loc":{"start":{"line":264,"column":17},"end":{"line":264,"column":33}},"type":"cond-expr","locations":[{"start":{"line":264,"column":25},"end":{"line":264,"column":27}},{"start":{"line":264,"column":25},"end":{"line":264,"column":33}}]},"25":{"loc":{"start":{"line":264,"column":17},"end":{"line":264,"column":27}},"type":"binary-expr","locations":[{"start":{"line":264,"column":17},"end":{"line":264,"column":27}},{"start":{"line":264,"column":25},"end":{"line":264,"column":27}}]},"26":{"loc":{"start":{"line":265,"column":4},"end":{"line":267,"column":5}},"type":"if","locations":[{"start":{"line":265,"column":4},"end":{"line":267,"column":5}}]},"27":{"loc":{"start":{"line":265,"column":8},"end":{"line":265,"column":39}},"type":"binary-expr","locations":[{"start":{"line":265,"column":8},"end":{"line":265,"column":30}},{"start":{"line":265,"column":34},"end":{"line":265,"column":39}}]},"28":{"loc":{"start":{"line":272,"column":12},"end":{"line":272,"column":50}},"type":"cond-expr","locations":[{"start":{"line":272,"column":37},"end":{"line":272,"column":45}},{"start":{"line":272,"column":48},"end":{"line":272,"column":50}}]},"29":{"loc":{"start":{"line":273,"column":12},"end":{"line":273,"column":60}},"type":"cond-expr","locations":[{"start":{"line":273,"column":37},"end":{"line":273,"column":55}},{"start":{"line":273,"column":58},"end":{"line":273,"column":60}}]},"30":{"loc":{"start":{"line":274,"column":12},"end":{"line":274,"column":72}},"type":"cond-expr","locations":[{"start":{"line":274,"column":41},"end":{"line":274,"column":67}},{"start":{"line":274,"column":70},"end":{"line":274,"column":72}}]},"31":{"loc":{"start":{"line":290,"column":4},"end":{"line":292,"column":5}},"type":"if","locations":[{"start":{"line":290,"column":4},"end":{"line":292,"column":5}}]},"32":{"loc":{"start":{"line":344,"column":13},"end":{"line":344,"column":30}},"type":"cond-expr","locations":[{"start":{"line":344,"column":13},"end":{"line":344,"column":22}},{"start":{"line":344,"column":26},"end":{"line":344,"column":30}}]},"33":{"loc":{"start":{"line":344,"column":13},"end":{"line":344,"column":26}},"type":"binary-expr","locations":[{"start":{"line":344,"column":13},"end":{"line":344,"column":26}},{"start":{"line":344,"column":13},"end":{"line":344,"column":26}}]},"34":{"loc":{"start":{"line":345,"column":13},"end":{"line":345,"column":30}},"type":"cond-expr","locations":[{"start":{"line":345,"column":13},"end":{"line":345,"column":22}},{"start":{"line":345,"column":26},"end":{"line":345,"column":30}}]},"35":{"loc":{"start":{"line":345,"column":13},"end":{"line":345,"column":26}},"type":"binary-expr","locations":[{"start":{"line":345,"column":13},"end":{"line":345,"column":26}},{"start":{"line":345,"column":13},"end":{"line":345,"column":26}}]},"36":{"loc":{"start":{"line":371,"column":4},"end":{"line":416,"column":5}},"type":"if","locations":[{"start":{"line":371,"column":4},"end":{"line":416,"column":5}}]},"37":{"loc":{"start":{"line":372,"column":23},"end":{"line":372,"column":88}},"type":"binary-expr","locations":[{"start":{"line":372,"column":24},"end":{"line":372,"column":81}},{"start":{"line":372,"column":86},"end":{"line":372,"column":88}}]},"38":{"loc":{"start":{"line":384,"column":6},"end":{"line":391,"column":7}},"type":"if","locations":[{"start":{"line":384,"column":6},"end":{"line":391,"column":7}}]},"39":{"loc":{"start":{"line":386,"column":8},"end":{"line":390,"column":9}},"type":"if","locations":[{"start":{"line":386,"column":8},"end":{"line":390,"column":9}},{"start":{"line":388,"column":15},"end":{"line":390,"column":9}}]},"40":{"loc":{"start":{"line":393,"column":6},"end":{"line":395,"column":7}},"type":"if","locations":[{"start":{"line":393,"column":6},"end":{"line":395,"column":7}}]},"41":{"loc":{"start":{"line":396,"column":6},"end":{"line":398,"column":7}},"type":"if","locations":[{"start":{"line":396,"column":6},"end":{"line":398,"column":7}}]},"42":{"loc":{"start":{"line":399,"column":6},"end":{"line":401,"column":7}},"type":"if","locations":[{"start":{"line":399,"column":6},"end":{"line":401,"column":7}}]},"43":{"loc":{"start":{"line":402,"column":6},"end":{"line":404,"column":7}},"type":"if","locations":[{"start":{"line":402,"column":6},"end":{"line":404,"column":7}}]},"44":{"loc":{"start":{"line":405,"column":6},"end":{"line":407,"column":7}},"type":"if","locations":[{"start":{"line":405,"column":6},"end":{"line":407,"column":7}}]},"45":{"loc":{"start":{"line":408,"column":6},"end":{"line":410,"column":7}},"type":"if","locations":[{"start":{"line":408,"column":6},"end":{"line":410,"column":7}}]},"46":{"loc":{"start":{"line":411,"column":6},"end":{"line":413,"column":7}},"type":"if","locations":[{"start":{"line":411,"column":6},"end":{"line":413,"column":7}}]},"47":{"loc":{"start":{"line":412,"column":20},"end":{"line":412,"column":79}},"type":"binary-expr","locations":[{"start":{"line":412,"column":20},"end":{"line":412,"column":66}},{"start":{"line":412,"column":70},"end":{"line":412,"column":79}}]},"48":{"loc":{"start":{"line":412,"column":20},"end":{"line":412,"column":66}},"type":"cond-expr","locations":[{"start":{"line":412,"column":32},"end":{"line":412,"column":34}},{"start":{"line":412,"column":32},"end":{"line":412,"column":66}}]},"49":{"loc":{"start":{"line":412,"column":20},"end":{"line":412,"column":34}},"type":"binary-expr","locations":[{"start":{"line":412,"column":20},"end":{"line":412,"column":34}},{"start":{"line":412,"column":32},"end":{"line":412,"column":34}}]},"50":{"loc":{"start":{"line":412,"column":52},"end":{"line":412,"column":65}},"type":"cond-expr","locations":[{"start":{"line":412,"column":57},"end":{"line":412,"column":59}},{"start":{"line":412,"column":52},"end":{"line":412,"column":65}}]},"51":{"loc":{"start":{"line":412,"column":52},"end":{"line":412,"column":59}},"type":"binary-expr","locations":[{"start":{"line":412,"column":52},"end":{"line":412,"column":59}},{"start":{"line":412,"column":52},"end":{"line":412,"column":59}}]},"52":{"loc":{"start":{"line":418,"column":4},"end":{"line":453,"column":5}},"type":"if","locations":[{"start":{"line":418,"column":4},"end":{"line":453,"column":5}}]},"53":{"loc":{"start":{"line":419,"column":32},"end":{"line":419,"column":116}},"type":"binary-expr","locations":[{"start":{"line":419,"column":33},"end":{"line":419,"column":109}},{"start":{"line":419,"column":114},"end":{"line":419,"column":116}}]},"54":{"loc":{"start":{"line":424,"column":21},"end":{"line":424,"column":95}},"type":"binary-expr","locations":[{"start":{"line":424,"column":21},"end":{"line":424,"column":52}},{"start":{"line":424,"column":56},"end":{"line":424,"column":89}},{"start":{"line":424,"column":93},"end":{"line":424,"column":95}}]},"55":{"loc":{"start":{"line":425,"column":10},"end":{"line":427,"column":11}},"type":"if","locations":[{"start":{"line":425,"column":10},"end":{"line":427,"column":11}}]},"56":{"loc":{"start":{"line":429,"column":26},"end":{"line":429,"column":109}},"type":"binary-expr","locations":[{"start":{"line":429,"column":26},"end":{"line":429,"column":62}},{"start":{"line":429,"column":66},"end":{"line":429,"column":103}},{"start":{"line":429,"column":107},"end":{"line":429,"column":109}}]},"57":{"loc":{"start":{"line":429,"column":85},"end":{"line":429,"column":102}},"type":"cond-expr","locations":[{"start":{"line":429,"column":93},"end":{"line":429,"column":95}},{"start":{"line":429,"column":85},"end":{"line":429,"column":102}}]},"58":{"loc":{"start":{"line":429,"column":85},"end":{"line":429,"column":95}},"type":"binary-expr","locations":[{"start":{"line":429,"column":85},"end":{"line":429,"column":95}},{"start":{"line":429,"column":85},"end":{"line":429,"column":95}}]},"59":{"loc":{"start":{"line":430,"column":10},"end":{"line":432,"column":11}},"type":"if","locations":[{"start":{"line":430,"column":10},"end":{"line":432,"column":11}}]},"60":{"loc":{"start":{"line":433,"column":25},"end":{"line":437,"column":32}},"type":"cond-expr","locations":[{"start":{"line":434,"column":14},"end":{"line":434,"column":23}},{"start":{"line":435,"column":14},"end":{"line":437,"column":32}}]},"61":{"loc":{"start":{"line":435,"column":14},"end":{"line":437,"column":32}},"type":"cond-expr","locations":[{"start":{"line":436,"column":16},"end":{"line":436,"column":64}},{"start":{"line":437,"column":16},"end":{"line":437,"column":32}}]},"62":{"loc":{"start":{"line":436,"column":16},"end":{"line":436,"column":64}},"type":"binary-expr","locations":[{"start":{"line":436,"column":16},"end":{"line":436,"column":51}},{"start":{"line":436,"column":55},"end":{"line":436,"column":64}}]},"63":{"loc":{"start":{"line":437,"column":16},"end":{"line":437,"column":32}},"type":"cond-expr","locations":[{"start":{"line":437,"column":24},"end":{"line":437,"column":26}},{"start":{"line":437,"column":16},"end":{"line":437,"column":32}}]},"64":{"loc":{"start":{"line":437,"column":16},"end":{"line":437,"column":26}},"type":"binary-expr","locations":[{"start":{"line":437,"column":16},"end":{"line":437,"column":26}},{"start":{"line":437,"column":16},"end":{"line":437,"column":26}}]},"65":{"loc":{"start":{"line":441,"column":18},"end":{"line":441,"column":95}},"type":"binary-expr","locations":[{"start":{"line":441,"column":18},"end":{"line":441,"column":51}},{"start":{"line":441,"column":55},"end":{"line":441,"column":89}},{"start":{"line":441,"column":93},"end":{"line":441,"column":95}}]},"66":{"loc":{"start":{"line":441,"column":74},"end":{"line":441,"column":88}},"type":"cond-expr","locations":[{"start":{"line":441,"column":82},"end":{"line":441,"column":84}},{"start":{"line":441,"column":74},"end":{"line":441,"column":88}}]},"67":{"loc":{"start":{"line":441,"column":74},"end":{"line":441,"column":84}},"type":"binary-expr","locations":[{"start":{"line":441,"column":74},"end":{"line":441,"column":84}},{"start":{"line":441,"column":74},"end":{"line":441,"column":84}}]},"68":{"loc":{"start":{"line":443,"column":18},"end":{"line":443,"column":102}},"type":"binary-expr","locations":[{"start":{"line":443,"column":18},"end":{"line":443,"column":51}},{"start":{"line":443,"column":55},"end":{"line":443,"column":89}},{"start":{"line":443,"column":93},"end":{"line":443,"column":102}}]},"69":{"loc":{"start":{"line":443,"column":74},"end":{"line":443,"column":88}},"type":"cond-expr","locations":[{"start":{"line":443,"column":82},"end":{"line":443,"column":84}},{"start":{"line":443,"column":74},"end":{"line":443,"column":88}}]},"70":{"loc":{"start":{"line":443,"column":74},"end":{"line":443,"column":84}},"type":"binary-expr","locations":[{"start":{"line":443,"column":74},"end":{"line":443,"column":84}},{"start":{"line":443,"column":74},"end":{"line":443,"column":84}}]},"71":{"loc":{"start":{"line":445,"column":21},"end":{"line":445,"column":66}},"type":"cond-expr","locations":[{"start":{"line":445,"column":58},"end":{"line":445,"column":62}},{"start":{"line":445,"column":62},"end":{"line":445,"column":66}}]},"72":{"loc":{"start":{"line":445,"column":21},"end":{"line":445,"column":62}},"type":"binary-expr","locations":[{"start":{"line":445,"column":21},"end":{"line":445,"column":62}},{"start":{"line":445,"column":58},"end":{"line":445,"column":62}}]},"73":{"loc":{"start":{"line":445,"column":21},"end":{"line":445,"column":58}},"type":"cond-expr","locations":[{"start":{"line":445,"column":37},"end":{"line":445,"column":41}},{"start":{"line":445,"column":41},"end":{"line":445,"column":58}}]},"74":{"loc":{"start":{"line":445,"column":21},"end":{"line":445,"column":41}},"type":"binary-expr","locations":[{"start":{"line":445,"column":21},"end":{"line":445,"column":41}},{"start":{"line":445,"column":37},"end":{"line":445,"column":41}}]},"75":{"loc":{"start":{"line":445,"column":41},"end":{"line":445,"column":58}},"type":"cond-expr","locations":[{"start":{"line":445,"column":49},"end":{"line":445,"column":51}},{"start":{"line":445,"column":41},"end":{"line":445,"column":58}}]},"76":{"loc":{"start":{"line":445,"column":41},"end":{"line":445,"column":51}},"type":"binary-expr","locations":[{"start":{"line":445,"column":41},"end":{"line":445,"column":51}},{"start":{"line":445,"column":41},"end":{"line":445,"column":51}}]},"77":{"loc":{"start":{"line":446,"column":21},"end":{"line":446,"column":64}},"type":"binary-expr","locations":[{"start":{"line":446,"column":21},"end":{"line":446,"column":37}},{"start":{"line":446,"column":41},"end":{"line":446,"column":58}},{"start":{"line":446,"column":62},"end":{"line":446,"column":64}}]},"78":{"loc":{"start":{"line":446,"column":41},"end":{"line":446,"column":58}},"type":"cond-expr","locations":[{"start":{"line":446,"column":49},"end":{"line":446,"column":51}},{"start":{"line":446,"column":41},"end":{"line":446,"column":58}}]},"79":{"loc":{"start":{"line":446,"column":41},"end":{"line":446,"column":51}},"type":"binary-expr","locations":[{"start":{"line":446,"column":41},"end":{"line":446,"column":51}},{"start":{"line":446,"column":41},"end":{"line":446,"column":51}}]},"80":{"loc":{"start":{"line":447,"column":20},"end":{"line":447,"column":61}},"type":"binary-expr","locations":[{"start":{"line":447,"column":20},"end":{"line":447,"column":35}},{"start":{"line":447,"column":39},"end":{"line":447,"column":55}},{"start":{"line":447,"column":59},"end":{"line":447,"column":61}}]},"81":{"loc":{"start":{"line":447,"column":39},"end":{"line":447,"column":55}},"type":"cond-expr","locations":[{"start":{"line":447,"column":47},"end":{"line":447,"column":49}},{"start":{"line":447,"column":39},"end":{"line":447,"column":55}}]},"82":{"loc":{"start":{"line":447,"column":39},"end":{"line":447,"column":49}},"type":"binary-expr","locations":[{"start":{"line":447,"column":39},"end":{"line":447,"column":49}},{"start":{"line":447,"column":39},"end":{"line":447,"column":49}}]},"83":{"loc":{"start":{"line":455,"column":4},"end":{"line":475,"column":5}},"type":"if","locations":[{"start":{"line":455,"column":4},"end":{"line":475,"column":5}}]},"84":{"loc":{"start":{"line":456,"column":23},"end":{"line":456,"column":88}},"type":"binary-expr","locations":[{"start":{"line":456,"column":24},"end":{"line":456,"column":81}},{"start":{"line":456,"column":86},"end":{"line":456,"column":88}}]},"85":{"loc":{"start":{"line":458,"column":6},"end":{"line":465,"column":7}},"type":"if","locations":[{"start":{"line":458,"column":6},"end":{"line":465,"column":7}}]},"86":{"loc":{"start":{"line":460,"column":8},"end":{"line":464,"column":9}},"type":"if","locations":[{"start":{"line":460,"column":8},"end":{"line":464,"column":9}},{"start":{"line":462,"column":15},"end":{"line":464,"column":9}}]},"87":{"loc":{"start":{"line":466,"column":6},"end":{"line":473,"column":7}},"type":"if","locations":[{"start":{"line":466,"column":6},"end":{"line":473,"column":7}}]},"88":{"loc":{"start":{"line":468,"column":8},"end":{"line":472,"column":9}},"type":"if","locations":[{"start":{"line":468,"column":8},"end":{"line":472,"column":9}},{"start":{"line":470,"column":15},"end":{"line":472,"column":9}}]},"89":{"loc":{"start":{"line":477,"column":4},"end":{"line":490,"column":5}},"type":"if","locations":[{"start":{"line":477,"column":4},"end":{"line":490,"column":5}}]},"90":{"loc":{"start":{"line":478,"column":23},"end":{"line":478,"column":94}},"type":"binary-expr","locations":[{"start":{"line":478,"column":24},"end":{"line":478,"column":87}},{"start":{"line":478,"column":92},"end":{"line":478,"column":94}}]},"91":{"loc":{"start":{"line":480,"column":6},"end":{"line":482,"column":7}},"type":"if","locations":[{"start":{"line":480,"column":6},"end":{"line":482,"column":7}}]},"92":{"loc":{"start":{"line":483,"column":6},"end":{"line":485,"column":7}},"type":"if","locations":[{"start":{"line":483,"column":6},"end":{"line":485,"column":7}}]},"93":{"loc":{"start":{"line":486,"column":6},"end":{"line":488,"column":7}},"type":"if","locations":[{"start":{"line":486,"column":6},"end":{"line":488,"column":7}}]},"94":{"loc":{"start":{"line":498,"column":4},"end":{"line":502,"column":5}},"type":"if","locations":[{"start":{"line":498,"column":4},"end":{"line":502,"column":5}}]},"95":{"loc":{"start":{"line":503,"column":4},"end":{"line":507,"column":5}},"type":"if","locations":[{"start":{"line":503,"column":4},"end":{"line":507,"column":5}}]},"96":{"loc":{"start":{"line":521,"column":4},"end":{"line":523,"column":5}},"type":"if","locations":[{"start":{"line":521,"column":4},"end":{"line":523,"column":5}}]},"97":{"loc":{"start":{"line":521,"column":8},"end":{"line":521,"column":47}},"type":"binary-expr","locations":[{"start":{"line":521,"column":8},"end":{"line":521,"column":21}},{"start":{"line":521,"column":25},"end":{"line":521,"column":47}}]},"98":{"loc":{"start":{"line":532,"column":6},"end":{"line":532,"column":31}},"type":"cond-expr","locations":[{"start":{"line":532,"column":22},"end":{"line":532,"column":26}},{"start":{"line":532,"column":26},"end":{"line":532,"column":31}}]},"99":{"loc":{"start":{"line":532,"column":6},"end":{"line":532,"column":26}},"type":"binary-expr","locations":[{"start":{"line":532,"column":6},"end":{"line":532,"column":26}},{"start":{"line":532,"column":22},"end":{"line":532,"column":26}}]},"100":{"loc":{"start":{"line":536,"column":4},"end":{"line":540,"column":5}},"type":"if","locations":[{"start":{"line":536,"column":4},"end":{"line":540,"column":5}}]},"101":{"loc":{"start":{"line":550,"column":19},"end":{"line":551,"column":63}},"type":"binary-expr","locations":[{"start":{"line":550,"column":19},"end":{"line":550,"column":56}},{"start":{"line":551,"column":6},"end":{"line":551,"column":57}},{"start":{"line":551,"column":61},"end":{"line":551,"column":63}}]},"102":{"loc":{"start":{"line":550,"column":38},"end":{"line":550,"column":55}},"type":"cond-expr","locations":[{"start":{"line":550,"column":47},"end":{"line":550,"column":49}},{"start":{"line":550,"column":38},"end":{"line":550,"column":55}}]},"103":{"loc":{"start":{"line":550,"column":38},"end":{"line":550,"column":49}},"type":"binary-expr","locations":[{"start":{"line":550,"column":38},"end":{"line":550,"column":49}},{"start":{"line":550,"column":38},"end":{"line":550,"column":49}}]},"104":{"loc":{"start":{"line":552,"column":22},"end":{"line":553,"column":66}},"type":"binary-expr","locations":[{"start":{"line":552,"column":22},"end":{"line":552,"column":62}},{"start":{"line":553,"column":6},"end":{"line":553,"column":60}},{"start":{"line":553,"column":64},"end":{"line":553,"column":66}}]},"105":{"loc":{"start":{"line":552,"column":41},"end":{"line":552,"column":61}},"type":"cond-expr","locations":[{"start":{"line":552,"column":50},"end":{"line":552,"column":52}},{"start":{"line":552,"column":41},"end":{"line":552,"column":61}}]},"106":{"loc":{"start":{"line":552,"column":41},"end":{"line":552,"column":52}},"type":"binary-expr","locations":[{"start":{"line":552,"column":41},"end":{"line":552,"column":52}},{"start":{"line":552,"column":41},"end":{"line":552,"column":52}}]},"107":{"loc":{"start":{"line":556,"column":4},"end":{"line":556,"column":39}},"type":"if","locations":[{"start":{"line":556,"column":4},"end":{"line":556,"column":39}}]},"108":{"loc":{"start":{"line":557,"column":4},"end":{"line":557,"column":48}},"type":"if","locations":[{"start":{"line":557,"column":4},"end":{"line":557,"column":48}}]},"109":{"loc":{"start":{"line":592,"column":4},"end":{"line":594,"column":5}},"type":"if","locations":[{"start":{"line":592,"column":4},"end":{"line":594,"column":5}}]},"110":{"loc":{"start":{"line":595,"column":4},"end":{"line":597,"column":5}},"type":"if","locations":[{"start":{"line":595,"column":4},"end":{"line":597,"column":5}}]},"111":{"loc":{"start":{"line":602,"column":12},"end":{"line":602,"column":89}},"type":"cond-expr","locations":[{"start":{"line":602,"column":34},"end":{"line":602,"column":84}},{"start":{"line":602,"column":87},"end":{"line":602,"column":89}}]},"112":{"loc":{"start":{"line":605,"column":18},"end":{"line":605,"column":41}},"type":"cond-expr","locations":[{"start":{"line":605,"column":34},"end":{"line":605,"column":38}},{"start":{"line":605,"column":38},"end":{"line":605,"column":41}}]},"113":{"loc":{"start":{"line":605,"column":18},"end":{"line":605,"column":38}},"type":"binary-expr","locations":[{"start":{"line":605,"column":18},"end":{"line":605,"column":38}},{"start":{"line":605,"column":34},"end":{"line":605,"column":38}}]},"114":{"loc":{"start":{"line":606,"column":19},"end":{"line":606,"column":44}},"type":"cond-expr","locations":[{"start":{"line":606,"column":37},"end":{"line":606,"column":41}},{"start":{"line":606,"column":41},"end":{"line":606,"column":44}}]},"115":{"loc":{"start":{"line":606,"column":19},"end":{"line":606,"column":41}},"type":"binary-expr","locations":[{"start":{"line":606,"column":19},"end":{"line":606,"column":41}},{"start":{"line":606,"column":37},"end":{"line":606,"column":41}}]},"116":{"loc":{"start":{"line":609,"column":4},"end":{"line":611,"column":5}},"type":"if","locations":[{"start":{"line":609,"column":4},"end":{"line":611,"column":5}}]},"117":{"loc":{"start":{"line":612,"column":4},"end":{"line":614,"column":5}},"type":"if","locations":[{"start":{"line":612,"column":4},"end":{"line":614,"column":5}}]},"118":{"loc":{"start":{"line":615,"column":4},"end":{"line":617,"column":5}},"type":"if","locations":[{"start":{"line":615,"column":4},"end":{"line":617,"column":5}}]},"119":{"loc":{"start":{"line":618,"column":4},"end":{"line":620,"column":5}},"type":"if","locations":[{"start":{"line":618,"column":4},"end":{"line":620,"column":5}}]},"120":{"loc":{"start":{"line":618,"column":8},"end":{"line":618,"column":27}},"type":"cond-expr","locations":[{"start":{"line":618,"column":19},"end":{"line":618,"column":21}},{"start":{"line":618,"column":19},"end":{"line":618,"column":27}}]},"121":{"loc":{"start":{"line":618,"column":8},"end":{"line":618,"column":21}},"type":"binary-expr","locations":[{"start":{"line":618,"column":8},"end":{"line":618,"column":21}},{"start":{"line":618,"column":19},"end":{"line":618,"column":21}}]},"122":{"loc":{"start":{"line":621,"column":4},"end":{"line":623,"column":5}},"type":"if","locations":[{"start":{"line":621,"column":4},"end":{"line":623,"column":5}}]},"123":{"loc":{"start":{"line":629,"column":4},"end":{"line":631,"column":5}},"type":"if","locations":[{"start":{"line":629,"column":4},"end":{"line":631,"column":5}}]},"124":{"loc":{"start":{"line":629,"column":8},"end":{"line":629,"column":47}},"type":"binary-expr","locations":[{"start":{"line":629,"column":8},"end":{"line":629,"column":21}},{"start":{"line":629,"column":25},"end":{"line":629,"column":47}}]},"125":{"loc":{"start":{"line":642,"column":4},"end":{"line":656,"column":5}},"type":"if","locations":[{"start":{"line":642,"column":4},"end":{"line":656,"column":5}}]},"126":{"loc":{"start":{"line":658,"column":19},"end":{"line":658,"column":52}},"type":"cond-expr","locations":[{"start":{"line":658,"column":26},"end":{"line":658,"column":45}},{"start":{"line":658,"column":48},"end":{"line":658,"column":52}}]},"127":{"loc":{"start":{"line":660,"column":42},"end":{"line":660,"column":61}},"type":"cond-expr","locations":[{"start":{"line":660,"column":47},"end":{"line":660,"column":49}},{"start":{"line":660,"column":42},"end":{"line":660,"column":61}}]},"128":{"loc":{"start":{"line":660,"column":42},"end":{"line":660,"column":49}},"type":"binary-expr","locations":[{"start":{"line":660,"column":42},"end":{"line":660,"column":49}},{"start":{"line":660,"column":42},"end":{"line":660,"column":49}}]},"129":{"loc":{"start":{"line":660,"column":63},"end":{"line":660,"column":86}},"type":"cond-expr","locations":[{"start":{"line":660,"column":68},"end":{"line":660,"column":70}},{"start":{"line":660,"column":63},"end":{"line":660,"column":86}}]},"130":{"loc":{"start":{"line":660,"column":63},"end":{"line":660,"column":70}},"type":"binary-expr","locations":[{"start":{"line":660,"column":63},"end":{"line":660,"column":70}},{"start":{"line":660,"column":63},"end":{"line":660,"column":70}}]},"131":{"loc":{"start":{"line":672,"column":20},"end":{"line":672,"column":39}},"type":"cond-expr","locations":[{"start":{"line":672,"column":25},"end":{"line":672,"column":27}},{"start":{"line":672,"column":20},"end":{"line":672,"column":39}}]},"132":{"loc":{"start":{"line":672,"column":20},"end":{"line":672,"column":27}},"type":"binary-expr","locations":[{"start":{"line":672,"column":20},"end":{"line":672,"column":27}},{"start":{"line":672,"column":20},"end":{"line":672,"column":27}}]},"133":{"loc":{"start":{"line":673,"column":24},"end":{"line":673,"column":47}},"type":"cond-expr","locations":[{"start":{"line":673,"column":29},"end":{"line":673,"column":31}},{"start":{"line":673,"column":24},"end":{"line":673,"column":47}}]},"134":{"loc":{"start":{"line":673,"column":24},"end":{"line":673,"column":31}},"type":"binary-expr","locations":[{"start":{"line":673,"column":24},"end":{"line":673,"column":31}},{"start":{"line":673,"column":24},"end":{"line":673,"column":31}}]},"135":{"loc":{"start":{"line":674,"column":19},"end":{"line":674,"column":37}},"type":"cond-expr","locations":[{"start":{"line":674,"column":24},"end":{"line":674,"column":26}},{"start":{"line":674,"column":19},"end":{"line":674,"column":37}}]},"136":{"loc":{"start":{"line":674,"column":19},"end":{"line":674,"column":26}},"type":"binary-expr","locations":[{"start":{"line":674,"column":19},"end":{"line":674,"column":26}},{"start":{"line":674,"column":19},"end":{"line":674,"column":26}}]},"137":{"loc":{"start":{"line":708,"column":12},"end":{"line":708,"column":57}},"type":"cond-expr","locations":[{"start":{"line":708,"column":25},"end":{"line":708,"column":45}},{"start":{"line":708,"column":48},"end":{"line":708,"column":57}}]},"138":{"loc":{"start":{"line":709,"column":10},"end":{"line":709,"column":51}},"type":"cond-expr","locations":[{"start":{"line":709,"column":21},"end":{"line":709,"column":39}},{"start":{"line":709,"column":42},"end":{"line":709,"column":51}}]},"139":{"loc":{"start":{"line":715,"column":14},"end":{"line":715,"column":63}},"type":"cond-expr","locations":[{"start":{"line":715,"column":29},"end":{"line":715,"column":51}},{"start":{"line":715,"column":54},"end":{"line":715,"column":63}}]},"140":{"loc":{"start":{"line":721,"column":23},"end":{"line":721,"column":75}},"type":"binary-expr","locations":[{"start":{"line":721,"column":23},"end":{"line":721,"column":69}},{"start":{"line":721,"column":73},"end":{"line":721,"column":75}}]},"141":{"loc":{"start":{"line":722,"column":22},"end":{"line":722,"column":73}},"type":"binary-expr","locations":[{"start":{"line":722,"column":22},"end":{"line":722,"column":67}},{"start":{"line":722,"column":71},"end":{"line":722,"column":73}}]},"142":{"loc":{"start":{"line":723,"column":21},"end":{"line":723,"column":70}},"type":"binary-expr","locations":[{"start":{"line":723,"column":21},"end":{"line":723,"column":64}},{"start":{"line":723,"column":68},"end":{"line":723,"column":70}}]},"143":{"loc":{"start":{"line":724,"column":28},"end":{"line":724,"column":85}},"type":"binary-expr","locations":[{"start":{"line":724,"column":28},"end":{"line":724,"column":79}},{"start":{"line":724,"column":83},"end":{"line":724,"column":85}}]},"144":{"loc":{"start":{"line":725,"column":28},"end":{"line":725,"column":85}},"type":"binary-expr","locations":[{"start":{"line":725,"column":28},"end":{"line":725,"column":79}},{"start":{"line":725,"column":83},"end":{"line":725,"column":85}}]},"145":{"loc":{"start":{"line":727,"column":6},"end":{"line":729,"column":11}},"type":"binary-expr","locations":[{"start":{"line":727,"column":6},"end":{"line":727,"column":57}},{"start":{"line":728,"column":6},"end":{"line":728,"column":52}},{"start":{"line":729,"column":6},"end":{"line":729,"column":11}}]},"146":{"loc":{"start":{"line":730,"column":32},"end":{"line":730,"column":89}},"type":"binary-expr","locations":[{"start":{"line":730,"column":32},"end":{"line":730,"column":80}},{"start":{"line":730,"column":84},"end":{"line":730,"column":89}}]},"147":{"loc":{"start":{"line":731,"column":34},"end":{"line":731,"column":92}},"type":"binary-expr","locations":[{"start":{"line":731,"column":34},"end":{"line":731,"column":83}},{"start":{"line":731,"column":87},"end":{"line":731,"column":92}}]},"148":{"loc":{"start":{"line":732,"column":30},"end":{"line":732,"column":89}},"type":"binary-expr","locations":[{"start":{"line":732,"column":30},"end":{"line":732,"column":78}},{"start":{"line":732,"column":82},"end":{"line":732,"column":89}}]},"149":{"loc":{"start":{"line":734,"column":25},"end":{"line":734,"column":87}},"type":"binary-expr","locations":[{"start":{"line":734,"column":25},"end":{"line":734,"column":68}},{"start":{"line":734,"column":72},"end":{"line":734,"column":87}}]},"150":{"loc":{"start":{"line":734,"column":44},"end":{"line":734,"column":67}},"type":"cond-expr","locations":[{"start":{"line":734,"column":53},"end":{"line":734,"column":55}},{"start":{"line":734,"column":44},"end":{"line":734,"column":67}}]},"151":{"loc":{"start":{"line":734,"column":44},"end":{"line":734,"column":55}},"type":"binary-expr","locations":[{"start":{"line":734,"column":44},"end":{"line":734,"column":55}},{"start":{"line":734,"column":44},"end":{"line":734,"column":55}}]},"152":{"loc":{"start":{"line":735,"column":20},"end":{"line":735,"column":72}},"type":"binary-expr","locations":[{"start":{"line":735,"column":20},"end":{"line":735,"column":58}},{"start":{"line":735,"column":62},"end":{"line":735,"column":72}}]},"153":{"loc":{"start":{"line":735,"column":39},"end":{"line":735,"column":57}},"type":"cond-expr","locations":[{"start":{"line":735,"column":48},"end":{"line":735,"column":50}},{"start":{"line":735,"column":39},"end":{"line":735,"column":57}}]},"154":{"loc":{"start":{"line":735,"column":39},"end":{"line":735,"column":50}},"type":"binary-expr","locations":[{"start":{"line":735,"column":39},"end":{"line":735,"column":50}},{"start":{"line":735,"column":39},"end":{"line":735,"column":50}}]},"155":{"loc":{"start":{"line":736,"column":18},"end":{"line":736,"column":66}},"type":"binary-expr","locations":[{"start":{"line":736,"column":18},"end":{"line":736,"column":54}},{"start":{"line":736,"column":58},"end":{"line":736,"column":66}}]},"156":{"loc":{"start":{"line":736,"column":37},"end":{"line":736,"column":53}},"type":"cond-expr","locations":[{"start":{"line":736,"column":46},"end":{"line":736,"column":48}},{"start":{"line":736,"column":37},"end":{"line":736,"column":53}}]},"157":{"loc":{"start":{"line":736,"column":37},"end":{"line":736,"column":48}},"type":"binary-expr","locations":[{"start":{"line":736,"column":37},"end":{"line":736,"column":48}},{"start":{"line":736,"column":37},"end":{"line":736,"column":48}}]},"158":{"loc":{"start":{"line":737,"column":25},"end":{"line":737,"column":100}},"type":"binary-expr","locations":[{"start":{"line":737,"column":25},"end":{"line":737,"column":68}},{"start":{"line":737,"column":72},"end":{"line":737,"column":87}},{"start":{"line":737,"column":91},"end":{"line":737,"column":100}}]},"159":{"loc":{"start":{"line":737,"column":44},"end":{"line":737,"column":67}},"type":"cond-expr","locations":[{"start":{"line":737,"column":53},"end":{"line":737,"column":55}},{"start":{"line":737,"column":44},"end":{"line":737,"column":67}}]},"160":{"loc":{"start":{"line":737,"column":44},"end":{"line":737,"column":55}},"type":"binary-expr","locations":[{"start":{"line":737,"column":44},"end":{"line":737,"column":55}},{"start":{"line":737,"column":44},"end":{"line":737,"column":55}}]},"161":{"loc":{"start":{"line":738,"column":25},"end":{"line":738,"column":100}},"type":"binary-expr","locations":[{"start":{"line":738,"column":25},"end":{"line":738,"column":68}},{"start":{"line":738,"column":72},"end":{"line":738,"column":87}},{"start":{"line":738,"column":91},"end":{"line":738,"column":100}}]},"162":{"loc":{"start":{"line":738,"column":44},"end":{"line":738,"column":67}},"type":"cond-expr","locations":[{"start":{"line":738,"column":53},"end":{"line":738,"column":55}},{"start":{"line":738,"column":44},"end":{"line":738,"column":67}}]},"163":{"loc":{"start":{"line":738,"column":44},"end":{"line":738,"column":55}},"type":"binary-expr","locations":[{"start":{"line":738,"column":44},"end":{"line":738,"column":55}},{"start":{"line":738,"column":44},"end":{"line":738,"column":55}}]},"164":{"loc":{"start":{"line":739,"column":22},"end":{"line":739,"column":58}},"type":"cond-expr","locations":[{"start":{"line":739,"column":42},"end":{"line":739,"column":46}},{"start":{"line":739,"column":46},"end":{"line":739,"column":58}}]},"165":{"loc":{"start":{"line":739,"column":22},"end":{"line":739,"column":46}},"type":"binary-expr","locations":[{"start":{"line":739,"column":22},"end":{"line":739,"column":46}},{"start":{"line":739,"column":42},"end":{"line":739,"column":46}}]},"166":{"loc":{"start":{"line":739,"column":22},"end":{"line":739,"column":42}},"type":"cond-expr","locations":[{"start":{"line":739,"column":31},"end":{"line":739,"column":33}},{"start":{"line":739,"column":22},"end":{"line":739,"column":42}}]},"167":{"loc":{"start":{"line":739,"column":22},"end":{"line":739,"column":33}},"type":"binary-expr","locations":[{"start":{"line":739,"column":22},"end":{"line":739,"column":33}},{"start":{"line":739,"column":22},"end":{"line":739,"column":33}}]},"168":{"loc":{"start":{"line":740,"column":24},"end":{"line":740,"column":64}},"type":"cond-expr","locations":[{"start":{"line":740,"column":46},"end":{"line":740,"column":50}},{"start":{"line":740,"column":50},"end":{"line":740,"column":64}}]},"169":{"loc":{"start":{"line":740,"column":24},"end":{"line":740,"column":50}},"type":"binary-expr","locations":[{"start":{"line":740,"column":24},"end":{"line":740,"column":50}},{"start":{"line":740,"column":46},"end":{"line":740,"column":50}}]},"170":{"loc":{"start":{"line":740,"column":24},"end":{"line":740,"column":46}},"type":"cond-expr","locations":[{"start":{"line":740,"column":33},"end":{"line":740,"column":35}},{"start":{"line":740,"column":24},"end":{"line":740,"column":46}}]},"171":{"loc":{"start":{"line":740,"column":24},"end":{"line":740,"column":35}},"type":"binary-expr","locations":[{"start":{"line":740,"column":24},"end":{"line":740,"column":35}},{"start":{"line":740,"column":24},"end":{"line":740,"column":35}}]},"172":{"loc":{"start":{"line":741,"column":17},"end":{"line":741,"column":32}},"type":"cond-expr","locations":[{"start":{"line":741,"column":26},"end":{"line":741,"column":28}},{"start":{"line":741,"column":17},"end":{"line":741,"column":32}}]},"173":{"loc":{"start":{"line":741,"column":17},"end":{"line":741,"column":28}},"type":"binary-expr","locations":[{"start":{"line":741,"column":17},"end":{"line":741,"column":28}},{"start":{"line":741,"column":17},"end":{"line":741,"column":28}}]},"174":{"loc":{"start":{"line":742,"column":28},"end":{"line":742,"column":54}},"type":"cond-expr","locations":[{"start":{"line":742,"column":37},"end":{"line":742,"column":39}},{"start":{"line":742,"column":28},"end":{"line":742,"column":54}}]},"175":{"loc":{"start":{"line":742,"column":28},"end":{"line":742,"column":39}},"type":"binary-expr","locations":[{"start":{"line":742,"column":28},"end":{"line":742,"column":39}},{"start":{"line":742,"column":28},"end":{"line":742,"column":39}}]},"176":{"l
[...]
,"D:\\work\\apps\\backend\\src\\teacher-settings\\dto\\grading-policy-query.dto.ts": {"path":"D:\\work\\apps\\backend\\src\\teacher-settings\\dto\\grading-policy-query.dto.ts","statementMap":{"0":{"start":{"line":1,"column":0},"end":{"line":1,"column":55}},"1":{"start":{"line":3,"column":0},"end":{"line":3,"column":13}},"2":{"start":{"line":6,"column":2},"end":{"line":6,"column":null}},"3":{"start":{"line":10,"column":2},"end":{"line":10,"column":null}}},"fnMap":{},"branchMap":{},"s":{"0":0,"1":0,"2":0,"3":0},"f":{},"b":{}}
,"D:\\work\\apps\\backend\\src\\teacher-settings\\dto\\grading-policy-update.dto.ts": {"path":"D:\\work\\apps\\backend\\src\\teacher-settings\\dto\\grading-policy-update.dto.ts","statementMap":{"0":{"start":{"line":1,"column":0},"end":{"line":1,"column":62}},"1":{"start":{"line":3,"column":0},"end":{"line":3,"column":13}},"2":{"start":{"line":6,"column":2},"end":{"line":6,"column":null}},"3":{"start":{"line":10,"column":2},"end":{"line":10,"column":null}}},"fnMap":{},"branchMap":{},"s":{"0":0,"1":0,"2":0,"3":0},"f":{},"b":{}}
,"D:\\work\\apps\\backend\\src\\worker\\grading.processor.ts": {"path":"D:\\work\\apps\\backend\\src\\worker\\grading.processor.ts","statementMap":{"0":{"start":{"line":1,"column":0},"end":{"line":1,"column":40}},"1":{"start":{"line":2,"column":0},"end":{"line":2,"column":47}},"2":{"start":{"line":3,"column":0},"end":{"line":3,"column":55}},"3":{"start":{"line":5,"column":0},"end":{"line":5,"column":50}},"4":{"start":{"line":6,"column":0},"end":{"line":6,"column":57}},"5":{"start":{"line":7,"column":0},"end":{"line":7,"column":60}},"6":{"start":{"line":8,"column":0},"end":{"line":8,"column":57}},"7":{"start":{"line":9,"column":0},"end":{"line":9,"column":60}},"8":{"start":{"line":10,"column":0},"end":{"line":10,"column":77}},"9":{"start":{"line":11,"column":0},"end":{"line":11,"column":59}},"10":{"start":{"line":18,"column":4},"end":{"line":18,"column":19}},"11":{"start":{"line":19,"column":4},"end":{"line":19,"column":21}},"12":{"start":{"line":30,"column":29},"end":{"line":224,"column":null}},"13":{"start":{"line":44,"column":4},"end":{"line":44,"column":12}},"14":{"start":{"line":37,"column":21},"end":{"line":37,"column":29}},"15":{"start":{"line":38,"column":21},"end":{"line":38,"column":30}},"16":{"start":{"line":39,"column":21},"end":{"line":39,"column":37}},"17":{"start":{"line":40,"column":21},"end":{"line":40,"column":42}},"18":{"start":{"line":41,"column":21},"end":{"line":41,"column":38}},"19":{"start":{"line":31,"column":19},"end":{"line":31,"column":62}},"20":{"start":{"line":32,"column":19},"end":{"line":32,"column":79}},"21":{"start":{"line":45,"column":4},"end":{"line":45,"column":78}},"22":{"start":{"line":46,"column":4},"end":{"line":46,"column":84}},"23":{"start":{"line":50,"column":4},"end":{"line":50,"column":45}},"24":{"start":{"line":54,"column":4},"end":{"line":56,"column":5}},"25":{"start":{"line":55,"column":6},"end":{"line":55,"column":34}},"26":{"start":{"line":58,"column":4},"end":{"line":60,"column":5}},"27":{"start":{"line":59,"column":6},"end":{"line":59,"column":60}},"28":{"start":{"line":62,"column":4},"end":{"line":62,"column":62}},"29":{"start":{"line":63,"column":4},"end":{"line":63,"column":16}},"30":{"start":{"line":67,"column":22},"end":{"line":67,"column":32}},"31":{"start":{"line":68,"column":4},"end":{"line":68,"column":87}},"32":{"start":{"line":69,"column":4},"end":{"line":69,"column":61}},"33":{"start":{"line":69,"column":35},"end":{"line":69,"column":59}},"34":{"start":{"line":70,"column":21},"end":{"line":70,"column":43}},"35":{"start":{"line":71,"column":4},"end":{"line":71,"column":69}},"36":{"start":{"line":72,"column":4},"end":{"line":72,"column":36}},"37":{"start":{"line":76,"column":22},"end":{"line":76,"column":32}},"38":{"start":{"line":77,"column":48},"end":{"line":77,"column":56}},"39":{"start":{"line":78,"column":21},"end":{"line":78,"column":44}},"40":{"start":{"line":79,"column":24},"end":{"line":79,"column":25}},"41":{"start":{"line":80,"column":24},"end":{"line":80,"column":25}},"42":{"start":{"line":81,"column":38},"end":{"line":81,"column":42}},"43":{"start":{"line":83,"column":4},"end":{"line":212,"column":5}},"44":{"start":{"line":84,"column":6},"end":{"line":87,"column":9}},"45":{"start":{"line":89,"column":25},"end":{"line":92,"column":8}},"46":{"start":{"line":94,"column":6},"end":{"line":96,"column":7}},"47":{"start":{"line":95,"column":8},"end":{"line":95,"column":75}},"48":{"start":{"line":98,"column":23},"end":{"line":98,"column":55}},"49":{"start":{"line":99,"column":6},"end":{"line":150,"column":7}},"50":{"start":{"line":100,"column":25},"end":{"line":100,"column":35}},"51":{"start":{"line":101,"column":26},"end":{"line":101,"column":51}},"52":{"start":{"line":102,"column":32},"end":{"line":102,"column":34}},"53":{"start":{"line":103,"column":39},"end":{"line":103,"column":41}},"54":{"start":{"line":104,"column":27},"end":{"line":104,"column":51}},"55":{"start":{"line":105,"column":8},"end":{"line":105,"column":97}},"56":{"start":{"line":107,"column":8},"end":{"line":129,"column":9}},"57":{"start":{"line":107,"column":21},"end":{"line":107,"column":22}},"58":{"start":{"line":108,"column":24},"end":{"line":108,"column":44}},"59":{"start":{"line":109,"column":29},"end":{"line":109,"column":39}},"60":{"start":{"line":110,"column":10},"end":{"line":128,"column":11}},"61":{"start":{"line":111,"column":32},"end":{"line":111,"column":77}},"62":{"start":{"line":112,"column":30},"end":{"line":112,"column":90}},"63":{"start":{"line":113,"column":34},"end":{"line":113,"column":57}},"64":{"start":{"line":114,"column":12},"end":{"line":121,"column":13}},"65":{"start":{"line":115,"column":33},"end":{"line":115,"column":61}},"66":{"start":{"line":116,"column":14},"end":{"line":116,"column":48}},"67":{"start":{"line":117,"column":14},"end":{"line":117,"column":126}},"68":{"start":{"line":119,"column":14},"end":{"line":119,"column":109}},"69":{"start":{"line":120,"column":14},"end":{"line":120,"column":39}},"70":{"start":{"line":123,"column":34},"end":{"line":123,"column":57}},"71":{"start":{"line":124,"column":28},"end":{"line":124,"column":84}},"72":{"start":{"line":125,"column":12},"end":{"line":125,"column":107}},"73":{"start":{"line":126,"column":12},"end":{"line":126,"column":37}},"74":{"start":{"line":133,"column":8},"end":{"line":133,"column":45}},"75":{"start":{"line":134,"column":8},"end":{"line":134,"column":46}},"76":{"start":{"line":136,"column":8},"end":{"line":140,"column":9}},"77":{"start":{"line":137,"column":10},"end":{"line":137,"column":130}},"78":{"start":{"line":139,"column":10},"end":{"line":139,"column":186}},"79":{"start":{"line":142,"column":8},"end":{"line":144,"column":9}},"80":{"start":{"line":143,"column":10},"end":{"line":143,"column":99}},"81":{"start":{"line":146,"column":8},"end":{"line":149,"column":11}},"82":{"start":{"line":152,"column":6},"end":{"line":152,"column":32}},"83":{"start":{"line":153,"column":30},"end":{"line":156,"column":8}},"84":{"start":{"line":157,"column":6},"end":{"line":157,"column":48}},"85":{"start":{"line":159,"column":6},"end":{"line":169,"column":9}},"86":{"start":{"line":171,"column":23},"end":{"line":171,"column":45}},"87":{"start":{"line":172,"column":6},"end":{"line":174,"column":8}},"88":{"start":{"line":175,"column":6},"end":{"line":180,"column":8}},"89":{"start":{"line":182,"column":6},"end":{"line":184,"column":7}},"90":{"start":{"line":183,"column":8},"end":{"line":183,"column":50}},"91":{"start":{"line":185,"column":22},"end":{"line":185,"column":78}},"92":{"start":{"line":187,"column":8},"end":{"line":193,"column":25}},"93":{"start":{"line":194,"column":6},"end":{"line":207,"column":7}},"94":{"start":{"line":195,"column":8},"end":{"line":202,"column":11}},"95":{"start":{"line":205,"column":10},"end":{"line":205,"column":85}},"96":{"start":{"line":206,"column":8},"end":{"line":206,"column":91}},"97":{"start":{"line":208,"column":6},"end":{"line":210,"column":8}},"98":{"start":{"line":211,"column":6},"end":{"line":211,"column":18}},"99":{"start":{"line":216,"column":19},"end":{"line":217,"column":null}},"100":{"start":{"line":219,"column":4},"end":{"line":222,"column":6}},"101":{"start":{"line":30,"column":13},"end":{"line":30,"column":29}},"102":{"start":{"line":30,"column":13},"end":{"line":224,"column":null}}},"fnMap":{"0":{"name":"(anonymous_2)","decl":{"start":{"line":17,"column":2},"end":{"line":17,"column":14}},"loc":{"start":{"line":17,"column":43},"end":{"line":20,"column":3}}},"1":{"name":"(anonymous_3)","decl":{"start":{"line":36,"column":2},"end":{"line":36,"column":null}},"loc":{"start":{"line":42,"column":32},"end":{"line":47,"column":3}}},"2":{"name":"(anonymous_4)","decl":{"start":{"line":49,"column":12},"end":{"line":49,"column":28}},"loc":{"start":{"line":49,"column":28},"end":{"line":51,"column":3}}},"3":{"name":"(anonymous_5)","decl":{"start":{"line":53,"column":2},"end":{"line":53,"column":7}},"loc":{"start":{"line":53,"column":91},"end":{"line":64,"column":3}}},"4":{"name":"(anonymous_6)","decl":{"start":{"line":66,"column":10},"end":{"line":66,"column":15}},"loc":{"start":{"line":66,"column":79},"end":{"line":73,"column":3}}},"5":{"name":"(anonymous_7)","decl":{"start":{"line":69,"column":22},"end":{"line":69,"column":23}},"loc":{"start":{"line":69,"column":35},"end":{"line":69,"column":59}}},"6":{"name":"(anonymous_8)","decl":{"start":{"line":75,"column":10},"end":{"line":75,"column":15}},"loc":{"start":{"line":75,"column":54},"end":{"line":213,"column":3}}},"7":{"name":"(anonymous_9)","decl":{"start":{"line":215,"column":10},"end":{"line":215,"column":15}},"loc":{"start":{"line":215,"column":28},"end":{"line":223,"column":3}}}},"branchMap":{"0":{"loc":{"start":{"line":32,"column":40},"end":{"line":32,"column":77}},"type":"binary-expr","locations":[{"start":{"line":32,"column":40},"end":{"line":32,"column":70}},{"start":{"line":32,"column":74},"end":{"line":32,"column":77}}]},"1":{"loc":{"start":{"line":45,"column":25},"end":{"line":45,"column":77}},"type":"binary-expr","locations":[{"start":{"line":45,"column":25},"end":{"line":45,"column":71}},{"start":{"line":45,"column":75},"end":{"line":45,"column":77}}]},"2":{"loc":{"start":{"line":46,"column":28},"end":{"line":46,"column":83}},"type":"binary-expr","locations":[{"start":{"line":46,"column":28},"end":{"line":46,"column":77}},{"start":{"line":46,"column":81},"end":{"line":46,"column":83}}]},"3":{"loc":{"start":{"line":54,"column":4},"end":{"line":56,"column":5}},"type":"if","locations":[{"start":{"line":54,"column":4},"end":{"line":56,"column":5}}]},"4":{"loc":{"start":{"line":58,"column":4},"end":{"line":60,"column":5}},"type":"if","locations":[{"start":{"line":58,"column":4},"end":{"line":60,"column":5}}]},"5":{"loc":{"start":{"line":58,"column":8},"end":{"line":58,"column":83}},"type":"binary-expr","locations":[{"start":{"line":58,"column":9},"end":{"line":58,"column":31}},{"start":{"line":58,"column":35},"end":{"line":58,"column":57}},{"start":{"line":58,"column":62},"end":{"line":58,"column":83}}]},"6":{"loc":{"start":{"line":68,"column":61},"end":{"line":68,"column":83}},"type":"binary-expr","locations":[{"start":{"line":68,"column":61},"end":{"line":68,"column":77}},{"start":{"line":68,"column":81},"end":{"line":68,"column":83}}]},"7":{"loc":{"start":{"line":94,"column":6},"end":{"line":96,"column":7}},"type":"if","locations":[{"start":{"line":94,"column":6},"end":{"line":96,"column":7}}]},"8":{"loc":{"start":{"line":98,"column":23},"end":{"line":98,"column":55}},"type":"binary-expr","locations":[{"start":{"line":98,"column":23},"end":{"line":98,"column":49}},{"start":{"line":98,"column":53},"end":{"line":98,"column":55}}]},"9":{"loc":{"start":{"line":98,"column":23},"end":{"line":98,"column":49}},"type":"cond-expr","locations":[{"start":{"line":98,"column":41},"end":{"line":98,"column":43}},{"start":{"line":98,"column":41},"end":{"line":98,"column":49}}]},"10":{"loc":{"start":{"line":98,"column":23},"end":{"line":98,"column":43}},"type":"binary-expr","locations":[{"start":{"line":98,"column":23},"end":{"line":98,"column":43}},{"start":{"line":98,"column":41},"end":{"line":98,"column":43}}]},"11":{"loc":{"start":{"line":99,"column":6},"end":{"line":150,"column":7}},"type":"if","locations":[{"start":{"line":99,"column":6},"end":{"line":150,"column":7}}]},"12":{"loc":{"start":{"line":114,"column":12},"end":{"line":121,"column":13}},"type":"if","locations":[{"start":{"line":114,"column":12},"end":{"line":121,"column":13}},{"start":{"line":118,"column":19},"end":{"line":121,"column":13}}]},"13":{"loc":{"start":{"line":114,"column":16},"end":{"line":114,"column":38}},"type":"cond-expr","locations":[{"start":{"line":114,"column":30},"end":{"line":114,"column":32}},{"start":{"line":114,"column":30},"end":{"line":114,"column":38}}]},"14":{"loc":{"start":{"line":114,"column":16},"end":{"line":114,"column":32}},"type":"binary-expr","locations":[{"start":{"line":114,"column":16},"end":{"line":114,"column":32}},{"start":{"line":114,"column":30},"end":{"line":114,"column":32}}]},"15":{"loc":{"start":{"line":124,"column":28},"end":{"line":124,"column":84}},"type":"cond-expr","locations":[{"start":{"line":124,"column":53},"end":{"line":124,"column":66}},{"start":{"line":124,"column":69},"end":{"line":124,"column":84}}]},"16":{"loc":{"start":{"line":136,"column":8},"end":{"line":140,"column":9}},"type":"if","locations":[{"start":{"line":136,"column":8},"end":{"line":140,"column":9}},{"start":{"line":138,"column":15},"end":{"line":140,"column":9}}]},"17":{"loc":{"start":{"line":142,"column":8},"end":{"line":144,"column":9}},"type":"if","locations":[{"start":{"line":142,"column":8},"end":{"line":144,"column":9}}]},"18":{"loc":{"start":{"line":154,"column":14},"end":{"line":154,"column":29}},"type":"binary-expr","locations":[{"start":{"line":154,"column":14},"end":{"line":154,"column":18}},{"start":{"line":154,"column":22},"end":{"line":154,"column":29}}]},"19":{"loc":{"start":{"line":173,"column":240},"end":{"line":173,"column":284}},"type":"binary-expr","locations":[{"start":{"line":173,"column":240},"end":{"line":173,"column":274}},{"start":{"line":173,"column":278},"end":{"line":173,"column":284}}]},"20":{"loc":{"start":{"line":182,"column":6},"end":{"line":184,"column":7}},"type":"if","locations":[{"start":{"line":182,"column":6},"end":{"line":184,"column":7}}]},"21":{"loc":{"start":{"line":182,"column":10},"end":{"line":182,"column":45}},"type":"binary-expr","locations":[{"start":{"line":182,"column":10},"end":{"line":182,"column":22}},{"start":{"line":182,"column":26},"end":{"line":182,"column":45}}]},"22":{"loc":{"start":{"line":185,"column":22},"end":{"line":185,"column":78}},"type":"cond-expr","locations":[{"start":{"line":185,"column":47},"end":{"line":185,"column":60}},{"start":{"line":185,"column":63},"end":{"line":185,"column":78}}]},"23":{"loc":{"start":{"line":187,"column":8},"end":{"line":193,"column":25}},"type":"cond-expr","locations":[{"start":{"line":188,"column":12},"end":{"line":188,"column":22}},{"start":{"line":189,"column":12},"end":{"line":193,"column":25}}]},"24":{"loc":{"start":{"line":189,"column":12},"end":{"line":193,"column":25}},"type":"cond-expr","locations":[{"start":{"line":190,"column":14},"end":{"line":190,"column":24}},{"start":{"line":191,"column":14},"end":{"line":193,"column":25}}]},"25":{"loc":{"start":{"line":191,"column":14},"end":{"line":193,"column":25}},"type":"cond-expr","locations":[{"start":{"line":192,"column":16},"end":{"line":192,"column":31}},{"start":{"line":193,"column":16},"end":{"line":193,"column":25}}]},"26":{"loc":{"start":{"line":205,"column":10},"end":{"line":205,"column":85}},"type":"cond-expr","locations":[{"start":{"line":205,"column":41},"end":{"line":205,"column":60}},{"start":{"line":205,"column":63},"end":{"line":205,"column":85}}]},"27":{"loc":{"start":{"line":220,"column":14},"end":{"line":220,"column":58}},"type":"binary-expr","locations":[{"start":{"line":220,"column":14},"end":{"line":220,"column":36}},{"start":{"line":220,"column":40},"end":{"line":220,"column":58}}]},"28":{"loc":{"start":{"line":220,"column":14},"end":{"line":220,"column":36}},"type":"cond-expr","locations":[{"start":{"line":220,"column":28},"end":{"line":220,"column":30}},{"start":{"line":220,"column":28},"end":{"line":220,"column":36}}]},"29":{"loc":{"start":{"line":220,"column":14},"end":{"line":220,"column":30}},"type":"binary-expr","locations":[{"start":{"line":220,"column":14},"end":{"line":220,"column":30}},{"start":{"line":220,"column":28},"end":{"line":220,"column":30}}]},"30":{"loc":{"start":{"line":220,"column":14},"end":{"line":220,"column":28}},"type":"cond-expr","locations":[{"start":{"line":220,"column":20},"end":{"line":220,"column":22}},{"start":{"line":220,"column":14},"end":{"line":220,"column":28}}]},"31":{"loc":{"start":{"line":220,"column":14},"end":{"line":220,"column":22}},"type":"binary-expr","locations":[{"start":{"line":220,"column":14},"end":{"line":220,"column":22}},{"start":{"line":220,"column":14},"end":{"line":220,"column":22}}]},"32":{"loc":{"start":{"line":221,"column":17},"end":{"line":221,"column":67}},"type":"binary-expr","locations":[{"start":{"line":221,"column":17},"end":{"line":221,"column":42}},{"start":{"line":221,"column":46},"end":{"line":221,"column":67}}]},"33":{"loc":{"start":{"line":221,"column":17},"end":{"line":221,"column":42}},"type":"cond-expr","locations":[{"start":{"line":221,"column":34},"end":{"line":221,"column":36}},{"start":{"line":221,"column":34},"end":{"line":221,"column":42}}]},"34":{"loc":{"start":{"line":221,"column":17},"end":{"line":221,"column":36}},"type":"binary-expr","locations":[{"start":{"line":221,"column":17},"end":{"line":221,"column":36}},{"start":{"line":221,"column":34},"end":{"line":221,"column":36}}]},"35":{"loc":{"start":{"line":221,"column":17},"end":{"line":221,"column":34}},"type":"cond-expr","locations":[{"start":{"line":221,"column":23},"end":{"line":221,"column":25}},{"start":{"line":221,"column":17},"end":{"line":221,"column":34}}]},"36":{"loc":{"start":{"line":221,"column":17},"end":{"line":221,"column":25}},"type":"binary-expr","locations":[{"start":{"line":221,"column":17},"end":{"line":221,"column":25}},{"start":{"line":221,"column":17},"end":{"line":221,"column":25}}]}},"s":{"0":0,"1":0,"2":0,"3":0,"4":0,"5":0,"6":0,"7":0,"8":0,"9":0,"10":0,"11":0,"12":0,"13":0,"14":0,"15":0,"16":0,"17":0,"18":0,"19":0,"20":0,"21":0,"22":0,"23":0,"24":0,"25":0,"26":0,"27":0,"28":0,"29":0,"30":0,"31":0,"32":0,"33":0,"34":0,"35":0,"36":0,"37":0,"38":0,"39":0,"40":0,"41":0,"42":0,"43":0,"44":0,"45":0,"46":0,"47":0,"48":0,"49":0,"50":0,"51":0,"52":0,"53":0,"54":0,"55":0,"56":0,"57":0,"58":0,"59":0,"60":0,"61":0,"62":0,"63":0,"64":0,"65":0,"66":0,"67":0,"68":0,"69":0,"70":0,"71":0,"72":0,"73":0,"74":0,"75":0,"76":0,"77":0,"78":0,"79":0,"80":0,"81":0,"82":0,"83":0,"84":0,"85":0,"86":0,"87":0,"88":0,"89":0,"90":0,"91":0,"92":0,"93":0,"94":0,"95":0,"96":0,"97":0,"98":0,"99":0,"100":0,"101":0,"102":0},"f":{"0":0,"1":0,"2":0,"3":0,"4":0,"5":0,"6":0,"7":0},"b":{"0":[0,0],"1":[0,0],"2":[0,0],"3":[0],"4":[0],"5":[0,0,0],"6":[0,0],"7":[0],"8":[0,0],"9":[0,0],"10":[0,0],"11":[0],"12":[0,0],"13":[0,0],"14":[0,0],"15":[0,0],"16":[0,0],"17":[0],"18":[0,0],"19":[0,0],"20":[0],"21":[0,0],"22":[0,0],"23":[0,0],"24":[0,0],"25":[0,0],"26":[0,0],"27":[0,0],"28":[0,0],"29":[0,0],"30":[0,0],"31":[0,0],"32":[0,0],"33":[0,0],"34":[0,0],"35":[0,0],"36":[0,0]}}
}
