TN:
SF:src\admin\admin.controller.ts
FN:25,(anonymous_4)
FN:28,(anonymous_5)
FN:33,(anonymous_6)
FN:38,(anonymous_7)
FN:43,(anonymous_8)
FN:48,(anonymous_9)
FN:53,(anonymous_10)
FN:58,(anonymous_11)
FN:63,(anonymous_12)
FN:68,(anonymous_13)
FN:73,(anonymous_14)
FN:78,(anonymous_15)
FN:82,(anonymous_16)
FN:87,(anonymous_17)
FN:92,(anonymous_18)
FN:97,(anonymous_19)
FN:102,(anonymous_20)
FN:107,(anonymous_21)
FN:112,(anonymous_22)
FN:117,(anonymous_23)
FNF:20
FNH:0
FNDA:0,(anonymous_4)
FNDA:0,(anonymous_5)
FNDA:0,(anonymous_6)
FNDA:0,(anonymous_7)
FNDA:0,(anonymous_8)
FNDA:0,(anonymous_9)
FNDA:0,(anonymous_10)
FNDA:0,(anonymous_11)
FNDA:0,(anonymous_12)
FNDA:0,(anonymous_13)
FNDA:0,(anonymous_14)
FNDA:0,(anonymous_15)
FNDA:0,(anonymous_16)
FNDA:0,(anonymous_17)
FNDA:0,(anonymous_18)
FNDA:0,(anonymous_19)
FNDA:0,(anonymous_20)
FNDA:0,(anonymous_21)
FNDA:0,(anonymous_22)
FNDA:0,(anonymous_23)
DA:1,0
DA:2,0
DA:3,0
DA:4,0
DA:5,0
DA:7,0
DA:8,0
DA:9,0
DA:10,0
DA:11,0
DA:12,0
DA:13,0
DA:14,0
DA:15,0
DA:16,0
DA:17,0
DA:18,0
DA:19,0
DA:24,0
DA:25,0
DA:28,0
DA:29,0
DA:33,0
DA:34,0
DA:38,0
DA:39,0
DA:43,0
DA:44,0
DA:48,0
DA:49,0
DA:53,0
DA:54,0
DA:58,0
DA:59,0
DA:63,0
DA:64,0
DA:68,0
DA:69,0
DA:73,0
DA:74,0
DA:78,0
DA:79,0
DA:82,0
DA:83,0
DA:87,0
DA:88,0
DA:92,0
DA:93,0
DA:97,0
DA:98,0
DA:102,0
DA:103,0
DA:107,0
DA:108,0
DA:112,0
DA:113,0
DA:117,0
DA:118,0
LF:58
LH:0
BRF:0
BRH:0
end_of_record
TN:
SF:src\admin\admin.service.ts
FN:62,(anonymous_2)
FN:72,(anonymous_3)
FN:113,(anonymous_4)
FN:179,(anonymous_5)
FN:180,(anonymous_6)
FN:186,(anonymous_7)
FN:224,(anonymous_8)
FN:258,(anonymous_9)
FN:288,(anonymous_10)
FN:303,(anonymous_11)
FN:312,(anonymous_12)
FN:324,(anonymous_13)
FN:350,(anonymous_14)
FN:354,(anonymous_15)
FN:358,(anonymous_16)
FN:362,(anonymous_17)
FN:366,(anonymous_18)
FN:370,(anonymous_19)
FN:412,(anonymous_20)
FN:420,(anonymous_21)
FN:423,(anonymous_22)
FN:495,(anonymous_23)
FN:547,(anonymous_24)
FN:564,(anonymous_25)
FN:691,(anonymous_26)
FN:713,(anonymous_27)
FN:720,(anonymous_28)
FN:771,(anonymous_29)
FN:781,(anonymous_30)
FN:794,(anonymous_31)
FN:809,(anonymous_32)
FN:815,(anonymous_33)
FN:831,(anonymous_34)
FN:842,(anonymous_35)
FN:858,(anonymous_36)
FN:866,(anonymous_37)
FN:867,(anonymous_38)
FN:874,(anonymous_39)
FN:890,(anonymous_40)
FN:891,(anonymous_41)
FN:894,(anonymous_42)
FN:899,(anonymous_43)
FNF:42
FNH:0
FNDA:0,(anonymous_2)
FNDA:0,(anonymous_3)
FNDA:0,(anonymous_4)
FNDA:0,(anonymous_5)
FNDA:0,(anonymous_6)
FNDA:0,(anonymous_7)
FNDA:0,(anonymous_8)
FNDA:0,(anonymous_9)
FNDA:0,(anonymous_10)
FNDA:0,(anonymous_11)
FNDA:0,(anonymous_12)
FNDA:0,(anonymous_13)
FNDA:0,(anonymous_14)
FNDA:0,(anonymous_15)
FNDA:0,(anonymous_16)
FNDA:0,(anonymous_17)
FNDA:0,(anonymous_18)
FNDA:0,(anonymous_19)
FNDA:0,(anonymous_20)
FNDA:0,(anonymous_21)
FNDA:0,(anonymous_22)
FNDA:0,(anonymous_23)
FNDA:0,(anonymous_24)
FNDA:0,(anonymous_25)
FNDA:0,(anonymous_26)
FNDA:0,(anonymous_27)
FNDA:0,(anonymous_28)
FNDA:0,(anonymous_29)
FNDA:0,(anonymous_30)
FNDA:0,(anonymous_31)
FNDA:0,(anonymous_32)
FNDA:0,(anonymous_33)
FNDA:0,(anonymous_34)
FNDA:0,(anonymous_35)
FNDA:0,(anonymous_36)
FNDA:0,(anonymous_37)
FNDA:0,(anonymous_38)
FNDA:0,(anonymous_39)
FNDA:0,(anonymous_40)
FNDA:0,(anonymous_41)
FNDA:0,(anonymous_42)
FNDA:0,(anonymous_43)
DA:1,0
DA:2,0
DA:3,0
DA:4,0
DA:6,0
DA:7,0
DA:8,0
DA:9,0
DA:10,0
DA:11,0
DA:59,0
DA:60,0
DA:63,0
DA:64,0
DA:65,0
DA:66,0
DA:67,0
DA:68,0
DA:69,0
DA:73,0
DA:74,0
DA:86,0
DA:98,0
DA:114,0
DA:115,0
DA:116,0
DA:117,0
DA:119,0
DA:124,0
DA:128,0
DA:129,0
DA:130,0
DA:131,0
DA:132,0
DA:142,0
DA:143,0
DA:145,0
DA:146,0
DA:147,0
DA:148,0
DA:149,0
DA:150,0
DA:151,0
DA:152,0
DA:153,0
DA:154,0
DA:155,0
DA:156,0
DA:157,0
DA:161,0
DA:162,0
DA:163,0
DA:164,0
DA:165,0
DA:166,0
DA:167,0
DA:168,0
DA:169,0
DA:172,0
DA:173,0
DA:177,0
DA:178,0
DA:179,0
DA:180,0
DA:183,0
DA:187,0
DA:192,0
DA:194,0
DA:195,0
DA:198,0
DA:199,0
DA:202,0
DA:203,0
DA:209,0
DA:225,0
DA:226,0
DA:228,0
DA:229,0
DA:232,0
DA:233,0
DA:234,0
DA:237,0
DA:238,0
DA:248,0
DA:259,0
DA:260,0
DA:261,0
DA:264,0
DA:265,0
DA:266,0
DA:269,0
DA:278,0
DA:289,0
DA:290,0
DA:291,0
DA:294,0
DA:295,0
DA:300,0
DA:304,0
DA:312,0
DA:325,0
DA:334,0
DA:335,0
DA:336,0
DA:338,0
DA:351,0
DA:355,0
DA:359,0
DA:363,0
DA:367,0
DA:371,0
DA:372,0
DA:373,0
DA:375,0
DA:376,0
DA:377,0
DA:378,0
DA:379,0
DA:380,0
DA:381,0
DA:382,0
DA:384,0
DA:385,0
DA:386,0
DA:387,0
DA:389,0
DA:393,0
DA:394,0
DA:396,0
DA:397,0
DA:399,0
DA:400,0
DA:402,0
DA:403,0
DA:405,0
DA:406,0
DA:408,0
DA:409,0
DA:411,0
DA:412,0
DA:415,0
DA:418,0
DA:419,0
DA:420,0
DA:422,0
DA:424,0
DA:425,0
DA:426,0
DA:428,0
DA:429,0
DA:430,0
DA:431,0
DA:433,0
DA:439,0
DA:452,0
DA:455,0
DA:456,0
DA:457,0
DA:458,0
DA:459,0
DA:460,0
DA:461,0
DA:463,0
DA:466,0
DA:467,0
DA:468,0
DA:469,0
DA:471,0
DA:474,0
DA:477,0
DA:478,0
DA:479,0
DA:480,0
DA:481,0
DA:483,0
DA:484,0
DA:486,0
DA:487,0
DA:489,0
DA:492,0
DA:496,0
DA:497,0
DA:498,0
DA:499,0
DA:500,0
DA:501,0
DA:503,0
DA:504,0
DA:505,0
DA:506,0
DA:509,0
DA:516,0
DA:517,0
DA:521,0
DA:522,0
DA:525,0
DA:535,0
DA:536,0
DA:537,0
DA:538,0
DA:539,0
DA:542,0
DA:543,0
DA:544,0
DA:548,0
DA:549,0
DA:550,0
DA:552,0
DA:555,0
DA:556,0
DA:557,0
DA:559,0
DA:560,0
DA:561,0
DA:580,0
DA:592,0
DA:593,0
DA:595,0
DA:596,0
DA:599,0
DA:609,0
DA:610,0
DA:612,0
DA:613,0
DA:615,0
DA:616,0
DA:618,0
DA:619,0
DA:621,0
DA:622,0
DA:625,0
DA:629,0
DA:630,0
DA:633,0
DA:634,0
DA:639,0
DA:640,0
DA:642,0
DA:643,0
DA:655,0
DA:658,0
DA:659,0
DA:660,0
DA:662,0
DA:679,0
DA:701,0
DA:714,0
DA:721,0
DA:722,0
DA:723,0
DA:724,0
DA:725,0
DA:727,0
DA:730,0
DA:731,0
DA:732,0
DA:734,0
DA:735,0
DA:736,0
DA:737,0
DA:738,0
DA:739,0
DA:740,0
DA:741,0
DA:742,0
DA:743,0
DA:744,0
DA:745,0
DA:746,0
DA:747,0
DA:748,0
DA:749,0
DA:751,0
DA:772,0
DA:773,0
DA:775,0
DA:782,0
DA:783,0
DA:784,0
DA:785,0
DA:787,0
DA:795,0
DA:796,0
DA:797,0
DA:799,0
DA:800,0
DA:801,0
DA:802,0
DA:804,0
DA:806,0
DA:814,0
DA:815,0
DA:816,0
DA:817,0
DA:818,0
DA:819,0
DA:820,0
DA:822,0
DA:824,0
DA:825,0
DA:827,0
DA:832,0
DA:833,0
DA:835,0
DA:847,0
DA:848,0
DA:849,0
DA:850,0
DA:852,0
DA:853,0
DA:854,0
DA:855,0
DA:859,0
DA:860,0
DA:862,0
DA:867,0
DA:879,0
DA:880,0
DA:882,0
DA:883,0
DA:884,0
DA:886,0
DA:891,0
DA:895,0
DA:896,0
DA:900,0
DA:901,0
DA:903,0
DA:904,0
LF:329
LH:0
BRDA:114,0,0,0
BRDA:114,0,1,0
BRDA:114,1,0,0
BRDA:114,1,1,0
BRDA:148,2,0,0
BRDA:150,3,0,0
BRDA:150,3,1,0
BRDA:152,4,0,0
BRDA:152,4,1,0
BRDA:154,5,0,0
BRDA:154,5,1,0
BRDA:156,6,0,0
BRDA:162,7,0,0
BRDA:162,7,1,0
BRDA:164,8,0,0
BRDA:164,8,1,0
BRDA:166,9,0,0
BRDA:166,9,1,0
BRDA:168,10,0,0
BRDA:172,11,0,0
BRDA:173,12,0,0
BRDA:173,12,1,0
BRDA:187,13,0,0
BRDA:187,13,1,0
BRDA:187,14,0,0
BRDA:187,14,1,0
BRDA:194,15,0,0
BRDA:198,16,0,0
BRDA:202,17,0,0
BRDA:228,18,0,0
BRDA:228,19,0,0
BRDA:228,19,1,0
BRDA:233,20,0,0
BRDA:242,21,0,0
BRDA:242,21,1,0
BRDA:242,22,0,0
BRDA:242,22,1,0
BRDA:260,23,0,0
BRDA:264,24,0,0
BRDA:264,24,1,0
BRDA:264,25,0,0
BRDA:264,25,1,0
BRDA:265,26,0,0
BRDA:265,27,0,0
BRDA:265,27,1,0
BRDA:272,28,0,0
BRDA:272,28,1,0
BRDA:273,29,0,0
BRDA:273,29,1,0
BRDA:274,30,0,0
BRDA:274,30,1,0
BRDA:290,31,0,0
BRDA:344,32,0,0
BRDA:344,32,1,0
BRDA:344,33,0,0
BRDA:344,33,1,0
BRDA:345,34,0,0
BRDA:345,34,1,0
BRDA:345,35,0,0
BRDA:345,35,1,0
BRDA:371,36,0,0
BRDA:372,37,0,0
BRDA:372,37,1,0
BRDA:384,38,0,0
BRDA:386,39,0,0
BRDA:386,39,1,0
BRDA:393,40,0,0
BRDA:396,41,0,0
BRDA:399,42,0,0
BRDA:402,43,0,0
BRDA:405,44,0,0
BRDA:408,45,0,0
BRDA:411,46,0,0
BRDA:412,47,0,0
BRDA:412,47,1,0
BRDA:412,48,0,0
BRDA:412,48,1,0
BRDA:412,49,0,0
BRDA:412,49,1,0
BRDA:412,50,0,0
BRDA:412,50,1,0
BRDA:412,51,0,0
BRDA:412,51,1,0
BRDA:418,52,0,0
BRDA:419,53,0,0
BRDA:419,53,1,0
BRDA:424,54,0,0
BRDA:424,54,1,0
BRDA:424,54,2,0
BRDA:425,55,0,0
BRDA:429,56,0,0
BRDA:429,56,1,0
BRDA:429,56,2,0
BRDA:429,57,0,0
BRDA:429,57,1,0
BRDA:429,58,0,0
BRDA:429,58,1,0
BRDA:430,59,0,0
BRDA:433,60,0,0
BRDA:433,60,1,0
BRDA:435,61,0,0
BRDA:435,61,1,0
BRDA:436,62,0,0
BRDA:436,62,1,0
BRDA:437,63,0,0
BRDA:437,63,1,0
BRDA:437,64,0,0
BRDA:437,64,1,0
BRDA:441,65,0,0
BRDA:441,65,1,0
BRDA:441,65,2,0
BRDA:441,66,0,0
BRDA:441,66,1,0
BRDA:441,67,0,0
BRDA:441,67,1,0
BRDA:443,68,0,0
BRDA:443,68,1,0
BRDA:443,68,2,0
BRDA:443,69,0,0
BRDA:443,69,1,0
BRDA:443,70,0,0
BRDA:443,70,1,0
BRDA:445,71,0,0
BRDA:445,71,1,0
BRDA:445,72,0,0
BRDA:445,72,1,0
BRDA:445,73,0,0
BRDA:445,73,1,0
BRDA:445,74,0,0
BRDA:445,74,1,0
BRDA:445,75,0,0
BRDA:445,75,1,0
BRDA:445,76,0,0
BRDA:445,76,1,0
BRDA:446,77,0,0
BRDA:446,77,1,0
BRDA:446,77,2,0
BRDA:446,78,0,0
BRDA:446,78,1,0
BRDA:446,79,0,0
BRDA:446,79,1,0
BRDA:447,80,0,0
BRDA:447,80,1,0
BRDA:447,80,2,0
BRDA:447,81,0,0
BRDA:447,81,1,0
BRDA:447,82,0,0
BRDA:447,82,1,0
BRDA:455,83,0,0
BRDA:456,84,0,0
BRDA:456,84,1,0
BRDA:458,85,0,0
BRDA:460,86,0,0
BRDA:460,86,1,0
BRDA:466,87,0,0
BRDA:468,88,0,0
BRDA:468,88,1,0
BRDA:477,89,0,0
BRDA:478,90,0,0
BRDA:478,90,1,0
BRDA:480,91,0,0
BRDA:483,92,0,0
BRDA:486,93,0,0
BRDA:498,94,0,0
BRDA:503,95,0,0
BRDA:521,96,0,0
BRDA:521,97,0,0
BRDA:521,97,1,0
BRDA:532,98,0,0
BRDA:532,98,1,0
BRDA:532,99,0,0
BRDA:532,99,1,0
BRDA:536,100,0,0
BRDA:550,101,0,0
BRDA:550,101,1,0
BRDA:550,101,2,0
BRDA:550,102,0,0
BRDA:550,102,1,0
BRDA:550,103,0,0
BRDA:550,103,1,0
BRDA:552,104,0,0
BRDA:552,104,1,0
BRDA:552,104,2,0
BRDA:552,105,0,0
BRDA:552,105,1,0
BRDA:552,106,0,0
BRDA:552,106,1,0
BRDA:556,107,0,0
BRDA:557,108,0,0
BRDA:592,109,0,0
BRDA:595,110,0,0
BRDA:602,111,0,0
BRDA:602,111,1,0
BRDA:605,112,0,0
BRDA:605,112,1,0
BRDA:605,113,0,0
BRDA:605,113,1,0
BRDA:606,114,0,0
BRDA:606,114,1,0
BRDA:606,115,0,0
BRDA:606,115,1,0
BRDA:609,116,0,0
BRDA:612,117,0,0
BRDA:615,118,0,0
BRDA:618,119,0,0
BRDA:618,120,0,0
BRDA:618,120,1,0
BRDA:618,121,0,0
BRDA:618,121,1,0
BRDA:621,122,0,0
BRDA:629,123,0,0
BRDA:629,124,0,0
BRDA:629,124,1,0
BRDA:642,125,0,0
BRDA:658,126,0,0
BRDA:658,126,1,0
BRDA:660,127,0,0
BRDA:660,127,1,0
BRDA:660,128,0,0
BRDA:660,128,1,0
BRDA:660,129,0,0
BRDA:660,129,1,0
BRDA:660,130,0,0
BRDA:660,130,1,0
BRDA:672,131,0,0
BRDA:672,131,1,0
BRDA:672,132,0,0
BRDA:672,132,1,0
BRDA:673,133,0,0
BRDA:673,133,1,0
BRDA:673,134,0,0
BRDA:673,134,1,0
BRDA:674,135,0,0
BRDA:674,135,1,0
BRDA:674,136,0,0
BRDA:674,136,1,0
BRDA:708,137,0,0
BRDA:708,137,1,0
BRDA:709,138,0,0
BRDA:709,138,1,0
BRDA:715,139,0,0
BRDA:715,139,1,0
BRDA:721,140,0,0
BRDA:721,140,1,0
BRDA:722,141,0,0
BRDA:722,141,1,0
BRDA:723,142,0,0
BRDA:723,142,1,0
BRDA:724,143,0,0
BRDA:724,143,1,0
BRDA:725,144,0,0
BRDA:725,144,1,0
BRDA:727,145,0,0
BRDA:727,145,1,0
BRDA:727,145,2,0
BRDA:730,146,0,0
BRDA:730,146,1,0
BRDA:731,147,0,0
BRDA:731,147,1,0
BRDA:732,148,0,0
BRDA:732,148,1,0
BRDA:734,149,0,0
BRDA:734,149,1,0
BRDA:734,150,0,0
BRDA:734,150,1,0
BRDA:734,151,0,0
BRDA:734,151,1,0
BRDA:735,152,0,0
BRDA:735,152,1,0
BRDA:735,153,0,0
BRDA:735,153,1,0
BRDA:735,154,0,0
BRDA:735,154,1,0
BRDA:736,155,0,0
BRDA:736,155,1,0
BRDA:736,156,0,0
BRDA:736,156,1,0
BRDA:736,157,0,0
BRDA:736,157,1,0
BRDA:737,158,0,0
BRDA:737,158,1,0
BRDA:737,158,2,0
BRDA:737,159,0,0
BRDA:737,159,1,0
BRDA:737,160,0,0
BRDA:737,160,1,0
BRDA:738,161,0,0
BRDA:738,161,1,0
BRDA:738,161,2,0
BRDA:738,162,0,0
BRDA:738,162,1,0
BRDA:738,163,0,0
BRDA:738,163,1,0
BRDA:739,164,0,0
BRDA:739,164,1,0
BRDA:739,165,0,0
BRDA:739,165,1,0
BRDA:739,166,0,0
BRDA:739,166,1,0
BRDA:739,167,0,0
BRDA:739,167,1,0
BRDA:740,168,0,0
BRDA:740,168,1,0
BRDA:740,169,0,0
BRDA:740,169,1,0
BRDA:740,170,0,0
BRDA:740,170,1,0
BRDA:740,171,0,0
BRDA:740,171,1,0
BRDA:741,172,0,0
BRDA:741,172,1,0
BRDA:741,173,0,0
BRDA:741,173,1,0
BRDA:742,174,0,0
BRDA:742,174,1,0
BRDA:742,175,0,0
BRDA:742,175,1,0
BRDA:743,176,0,0
BRDA:743,176,1,0
BRDA:743,177,0,0
BRDA:743,177,1,0
BRDA:744,178,0,0
BRDA:744,178,1,0
BRDA:744,179,0,0
BRDA:744,179,1,0
BRDA:744,180,0,0
BRDA:744,180,1,0
BRDA:744,181,0,0
BRDA:744,181,1,0
BRDA:745,182,0,0
BRDA:745,182,1,0
BRDA:745,183,0,0
BRDA:745,183,1,0
BRDA:746,184,0,0
BRDA:746,184,1,0
BRDA:746,185,0,0
BRDA:746,185,1,0
BRDA:746,186,0,0
BRDA:746,186,1,0
BRDA:747,187,0,0
BRDA:747,187,1,0
BRDA:747,188,0,0
BRDA:747,188,1,0
BRDA:747,189,0,0
BRDA:747,189,1,0
BRDA:748,190,0,0
BRDA:748,190,1,0
BRDA:748,191,0,0
BRDA:748,191,1,0
BRDA:748,192,0,0
BRDA:748,192,1,0
BRDA:749,193,0,0
BRDA:749,193,1,0
BRDA:749,194,0,0
BRDA:749,194,1,0
BRDA:749,195,0,0
BRDA:749,195,1,0
BRDA:772,196,0,0
BRDA:772,196,1,0
BRDA:773,197,0,0
BRDA:773,197,1,0
BRDA:776,198,0,0
BRDA:776,198,1,0
BRDA:776,199,0,0
BRDA:776,199,1,0
BRDA:776,200,0,0
BRDA:776,200,1,0
BRDA:777,201,0,0
BRDA:777,201,1,0
BRDA:777,202,0,0
BRDA:777,202,1,0
BRDA:777,203,0,0
BRDA:777,203,1,0
BRDA:782,204,0,0
BRDA:782,204,1,0
BRDA:783,205,0,0
BRDA:783,205,1,0
BRDA:784,206,0,0
BRDA:784,206,1,0
BRDA:785,207,0,0
BRDA:785,207,1,0
BRDA:788,208,0,0
BRDA:788,208,1,0
BRDA:788,209,0,0
BRDA:788,209,1,0
BRDA:788,210,0,0
BRDA:788,210,1,0
BRDA:788,211,0,0
BRDA:788,211,1,0
BRDA:789,212,0,0
BRDA:789,212,1,0
BRDA:789,213,0,0
BRDA:789,213,1,0
BRDA:789,214,0,0
BRDA:789,214,1,0
BRDA:789,215,0,0
BRDA:789,215,1,0
BRDA:790,216,0,0
BRDA:790,216,1,0
BRDA:790,217,0,0
BRDA:790,217,1,0
BRDA:790,218,0,0
BRDA:790,218,1,0
BRDA:790,219,0,0
BRDA:790,219,1,0
BRDA:796,220,0,0
BRDA:796,221,0,0
BRDA:796,221,1,0
BRDA:799,222,0,0
BRDA:799,222,1,0
BRDA:800,223,0,0
BRDA:801,224,0,0
BRDA:801,225,0,0
BRDA:801,225,1,0
BRDA:804,226,0,0
BRDA:804,226,1,0
BRDA:818,227,0,0
BRDA:824,228,0,0
BRDA:824,228,1,0
BRDA:832,229,0,0
BRDA:832,230,0,0
BRDA:832,230,1,0
BRDA:832,231,0,0
BRDA:832,231,1,0
BRDA:847,232,0,0
BRDA:847,232,1,0
BRDA:849,233,0,0
BRDA:852,234,0,0
BRDA:852,234,1,0
BRDA:852,235,0,0
BRDA:852,235,1,0
BRDA:853,236,0,0
BRDA:853,236,1,0
BRDA:853,237,0,0
BRDA:853,237,1,0
BRDA:855,238,0,0
BRDA:855,238,1,0
BRDA:879,239,0,0
BRDA:883,240,0,0
BRDA:883,240,1,0
BRDA:895,241,0,0
BRDA:895,241,1,0
BRDA:895,242,0,0
BRDA:895,242,1,0
BRDA:896,243,0,0
BRDA:896,243,1,0
BRDA:903,244,0,0
BRDA:903,244,1,0
BRF:448
BRH:0
end_of_record
TN:
SF:src\admin\dto\admin-usage-query.dto.ts
FN:6,(anonymous_2)
FNF:1
FNH:0
FNDA:0,(anonymous_2)
DA:1,0
DA:2,0
DA:4,0
DA:6,0
DA:10,0
LF:5
LH:0
BRF:0
BRH:0
end_of_record
TN:
SF:src\admin\dto\create-admin-user.dto.ts
FNF:0
FNH:0
DA:1,0
DA:2,0
DA:4,0
DA:6,0
DA:9,0
DA:13,0
DA:17,0
LF:7
LH:0
BRF:0
BRH:0
end_of_record
TN:
SF:src\admin\dto\list-users-query.dto.ts
FN:15,(anonymous_2)
FNF:1
FNH:0
FNDA:0,(anonymous_2)
DA:1,0
DA:2,0
DA:3,0
DA:5,0
DA:8,0
DA:12,0
DA:16,0
DA:17,0
DA:19,0
DA:20,0
DA:22,0
DA:25,0
LF:12
LH:0
BRDA:16,0,0,0
BRDA:16,1,0,0
BRDA:16,1,1,0
BRDA:16,1,2,0
BRDA:19,2,0,0
BRF:5
BRH:0
end_of_record
TN:
SF:src\admin\dto\llm-logs-clear.dto.ts
FNF:0
FNH:0
DA:1,0
DA:3,0
DA:6,0
DA:10,0
LF:4
LH:0
BRF:0
BRH:0
end_of_record
TN:
SF:src\admin\dto\llm-logs-query.dto.ts
FN:6,(anonymous_2)
FN:11,(anonymous_3)
FNF:2
FNH:0
FNDA:0,(anonymous_2)
FNDA:0,(anonymous_3)
DA:1,0
DA:2,0
DA:4,0
DA:6,0
DA:8,0
DA:11,0
DA:13,0
DA:17,0
DA:21,0
DA:25,0
DA:29,0
DA:33,0
DA:37,0
LF:13
LH:0
BRF:0
BRH:0
end_of_record
TN:
SF:src\admin\dto\llm-test.dto.ts
FN:21,(anonymous_2)
FN:26,(anonymous_3)
FN:31,(anonymous_4)
FN:36,(anonymous_5)
FN:41,(anonymous_6)
FNF:5
FNH:0
FNDA:0,(anonymous_2)
FNDA:0,(anonymous_3)
FNDA:0,(anonymous_4)
FNDA:0,(anonymous_5)
FNDA:0,(anonymous_6)
DA:1,0
DA:2,0
DA:4,0
DA:7,0
DA:11,0
DA:14,0
DA:18,0
DA:21,0
DA:23,0
DA:26,0
DA:28,0
DA:31,0
DA:33,0
DA:36,0
DA:38,0
DA:41,0
DA:43,0
DA:47,0
DA:51,0
LF:19
LH:0
BRF:0
BRH:0
end_of_record
TN:
SF:src\admin\dto\queue-clean.dto.ts
FN:10,(anonymous_2)
FN:16,(anonymous_3)
FNF:2
FNH:0
FNDA:0,(anonymous_2)
FNDA:0,(anonymous_3)
DA:1,0
DA:2,0
DA:4,0
DA:7,0
DA:10,0
DA:13,0
DA:16,0
DA:20,0
LF:8
LH:0
BRF:0
BRH:0
end_of_record
TN:
SF:src\admin\dto\queue-metrics-query.dto.ts
FN:10,(anonymous_2)
FNF:1
FNH:0
FNDA:0,(anonymous_2)
DA:1,0
DA:2,0
DA:4,0
DA:7,0
DA:10,0
DA:14,0
LF:6
LH:0
BRF:0
BRH:0
end_of_record
TN:
SF:src\admin\dto\queue-retry.dto.ts
FN:6,(anonymous_2)
FNF:1
FNH:0
FNDA:0,(anonymous_2)
DA:1,0
DA:2,0
DA:4,0
DA:6,0
DA:10,0
LF:5
LH:0
BRF:0
BRH:0
end_of_record
TN:
SF:src\admin\dto\reset-user-password.dto.ts
FNF:0
FNH:0
DA:1,0
DA:3,0
DA:6,0
LF:3
LH:0
BRF:0
BRH:0
end_of_record
TN:
SF:src\admin\dto\update-admin-user.dto.ts
FNF:0
FNH:0
DA:1,0
DA:2,0
DA:4,0
DA:7,0
DA:11,0
DA:15,0
LF:6
LH:0
BRF:0
BRH:0
end_of_record
TN:
SF:src\admin\dto\update-system-config.dto.ts
FN:39,(anonymous_2)
FN:46,(anonymous_3)
FN:53,(anonymous_4)
FN:60,(anonymous_5)
FN:67,(anonymous_6)
FN:74,(anonymous_7)
FN:114,(anonymous_8)
FN:119,(anonymous_9)
FN:158,(anonymous_10)
FN:163,(anonymous_11)
FN:183,(anonymous_12)
FN:195,(anonymous_13)
FN:200,(anonymous_14)
FN:205,(anonymous_15)
FN:210,(anonymous_16)
FNF:15
FNH:0
FNDA:0,(anonymous_2)
FNDA:0,(anonymous_3)
FNDA:0,(anonymous_4)
FNDA:0,(anonymous_5)
FNDA:0,(anonymous_6)
FNDA:0,(anonymous_7)
FNDA:0,(anonymous_8)
FNDA:0,(anonymous_9)
FNDA:0,(anonymous_10)
FNDA:0,(anonymous_11)
FNDA:0,(anonymous_12)
FNDA:0,(anonymous_13)
FNDA:0,(anonymous_14)
FNDA:0,(anonymous_15)
FNDA:0,(anonymous_16)
DA:1,0
DA:2,0
DA:13,0
DA:16,0
DA:20,0
DA:24,0
DA:28,0
DA:32,0
DA:36,0
DA:39,0
DA:43,0
DA:46,0
DA:50,0
DA:53,0
DA:57,0
DA:60,0
DA:64,0
DA:67,0
DA:71,0
DA:74,0
DA:78,0
DA:82,0
DA:86,0
DA:90,0
DA:94,0
DA:97,0
DA:99,0
DA:102,0
DA:106,0
DA:109,0
DA:111,0
DA:114,0
DA:116,0
DA:119,0
DA:121,0
DA:125,0
DA:128,0
DA:130,0
DA:134,0
DA:138,0
DA:142,0
DA:146,0
DA:150,0
DA:154,0
DA:158,0
DA:159,0
DA:163,0
DA:164,0
DA:167,0
DA:170,0
DA:174,0
DA:177,0
DA:180,0
DA:183,0
DA:185,0
DA:189,0
DA:192,0
DA:195,0
DA:196,0
DA:200,0
DA:201,0
DA:205,0
DA:206,0
DA:210,0
DA:211,0
LF:65
LH:0
BRF:0
BRH:0
end_of_record
TN:
SF:src\auth\auth.controller.ts
FN:9,(anonymous_4)
FN:12,(anonymous_5)
FN:17,(anonymous_6)
FN:23,(anonymous_7)
FNF:4
FNH:0
FNDA:0,(anonymous_4)
FNDA:0,(anonymous_5)
FNDA:0,(anonymous_6)
FNDA:0,(anonymous_7)
DA:1,0
DA:2,0
DA:3,0
DA:4,0
DA:5,0
DA:8,0
DA:9,0
DA:12,0
DA:13,0
DA:17,0
DA:18,0
DA:23,0
DA:24,0
LF:13
LH:0
BRF:0
BRH:0
end_of_record
TN:
SF:src\auth\auth.service.ts
FN:16,(anonymous_2)
FN:21,(anonymous_3)
FN:27,(anonymous_4)
FN:36,(anonymous_5)
FN:59,(anonymous_6)
FNF:5
FNH:5
FNDA:8,(anonymous_2)
FNDA:4,(anonymous_3)
FNDA:4,(anonymous_4)
FNDA:4,(anonymous_5)
FNDA:4,(anonymous_6)
DA:1,1
DA:7,1
DA:8,1
DA:9,1
DA:10,1
DA:15,1
DA:17,8
DA:18,8
DA:22,4
DA:23,4
DA:24,4
DA:28,4
DA:37,4
DA:41,4
DA:42,1
DA:45,3
DA:46,3
DA:55,3
DA:56,3
DA:60,4
DA:64,4
DA:65,1
DA:68,3
DA:69,1
DA:72,2
DA:73,2
DA:74,1
DA:77,1
DA:78,1
LF:29
LH:29
BRDA:41,0,0,1
BRDA:50,1,0,3
BRDA:50,1,1,0
BRDA:50,2,0,3
BRDA:50,2,1,3
BRDA:64,3,0,1
BRDA:68,4,0,1
BRDA:73,5,0,1
BRF:8
BRH:7
end_of_record
TN:
SF:src\auth\jwt-auth.guard.ts
FNF:0
FNH:0
DA:1,0
DA:2,0
DA:5,0
LF:3
LH:0
BRF:0
BRH:0
end_of_record
TN:
SF:src\auth\jwt.strategy.ts
FN:10,(anonymous_2)
FN:21,(anonymous_3)
FNF:2
FNH:0
FNDA:0,(anonymous_2)
FNDA:0,(anonymous_3)
DA:1,0
DA:2,0
DA:3,0
DA:4,0
DA:5,0
DA:9,0
DA:12,0
DA:14,0
DA:23,0
DA:25,0
DA:26,0
DA:29,0
DA:30,0
DA:33,0
LF:14
LH:0
BRDA:17,0,0,0
BRDA:17,0,1,0
BRDA:25,1,0,0
BRDA:29,2,0,0
BRF:4
BRH:0
end_of_record
TN:
SF:src\auth\roles.decorator.ts
FN:5,(anonymous_0)
FNF:1
FNH:0
FNDA:0,(anonymous_0)
DA:1,0
DA:4,0
DA:5,0
LF:3
LH:0
BRF:0
BRH:0
end_of_record
TN:
SF:src\auth\roles.guard.ts
FN:8,(anonymous_2)
FN:10,(anonymous_3)
FNF:2
FNH:0
FNDA:0,(anonymous_2)
FNDA:0,(anonymous_3)
DA:1,0
DA:2,0
DA:4,0
DA:7,0
DA:8,0
DA:11,0
DA:16,0
DA:17,0
DA:20,0
DA:21,0
DA:23,0
LF:11
LH:0
BRDA:16,0,0,0
BRDA:16,1,0,0
BRDA:16,1,1,0
BRDA:23,2,0,0
BRDA:23,2,1,0
BRDA:23,3,0,0
BRDA:23,3,1,0
BRDA:23,4,0,0
BRDA:23,4,1,0
BRF:9
BRH:0
end_of_record
TN:
SF:src\auth\dto\login.dto.ts
FNF:0
FNH:0
DA:1,0
DA:3,0
DA:5,0
DA:8,0
LF:4
LH:0
BRF:0
BRH:0
end_of_record
TN:
SF:src\auth\dto\register.dto.ts
FNF:0
FNH:0
DA:1,0
DA:2,0
DA:4,0
DA:6,0
DA:9,0
DA:13,0
DA:16,0
LF:7
LH:0
BRF:0
BRH:0
end_of_record
TN:
SF:src\classes\classes.controller.ts
FN:15,(anonymous_4)
FN:19,(anonymous_5)
FN:25,(anonymous_6)
FN:31,(anonymous_7)
FN:41,(anonymous_8)
FN:51,(anonymous_9)
FN:57,(anonymous_10)
FNF:7
FNH:0
FNDA:0,(anonymous_4)
FNDA:0,(anonymous_5)
FNDA:0,(anonymous_6)
FNDA:0,(anonymous_7)
FNDA:0,(anonymous_8)
FNDA:0,(anonymous_9)
FNDA:0,(anonymous_10)
DA:1,0
DA:2,0
DA:3,0
DA:4,0
DA:5,0
DA:7,0
DA:8,0
DA:9,0
DA:10,0
DA:14,0
DA:15,0
DA:19,0
DA:20,0
DA:25,0
DA:26,0
DA:31,0
DA:36,0
DA:41,0
DA:46,0
DA:51,0
DA:52,0
DA:57,0
DA:62,0
LF:23
LH:0
BRF:0
BRH:0
end_of_record
TN:
SF:src\classes\classes.service.ts
FN:16,(anonymous_2)
FN:18,(anonymous_3)
FN:36,(anonymous_4)
FN:55,(anonymous_5)
FN:80,(anonymous_6)
FN:87,(anonymous_7)
FN:90,(anonymous_8)
FN:130,(anonymous_9)
FN:134,(anonymous_10)
FN:137,(anonymous_11)
FN:141,(anonymous_12)
FN:163,(anonymous_13)
FN:215,(anonymous_14)
FN:230,(anonymous_15)
FN:238,(anonymous_16)
FN:245,(anonymous_17)
FNF:16
FNH:0
FNDA:0,(anonymous_2)
FNDA:0,(anonymous_3)
FNDA:0,(anonymous_4)
FNDA:0,(anonymous_5)
FNDA:0,(anonymous_6)
FNDA:0,(anonymous_7)
FNDA:0,(anonymous_8)
FNDA:0,(anonymous_9)
FNDA:0,(anonymous_10)
FNDA:0,(anonymous_11)
FNDA:0,(anonymous_12)
FNDA:0,(anonymous_13)
FNDA:0,(anonymous_14)
FNDA:0,(anonymous_15)
FNDA:0,(anonymous_16)
FNDA:0,(anonymous_17)
DA:1,0
DA:7,0
DA:8,0
DA:9,0
DA:15,0
DA:16,0
DA:21,0
DA:22,0
DA:23,0
DA:24,0
DA:27,0
DA:37,0
DA:38,0
DA:44,0
DA:45,0
DA:52,0
DA:56,0
DA:57,0
DA:60,0
DA:61,0
DA:62,0
DA:65,0
DA:66,0
DA:67,0
DA:71,0
DA:72,0
DA:76,0
DA:80,0
DA:88,0
DA:90,0
DA:93,0
DA:95,0
DA:96,0
DA:97,0
DA:102,0
DA:103,0
DA:104,0
DA:105,0
DA:106,0
DA:107,0
DA:108,0
DA:109,0
DA:110,0
DA:111,0
DA:112,0
DA:114,0
DA:115,0
DA:118,0
DA:119,0
DA:122,0
DA:123,0
DA:127,0
DA:131,0
DA:132,0
DA:133,0
DA:134,0
DA:138,0
DA:142,0
DA:143,0
DA:144,0
DA:145,0
DA:147,0
DA:150,0
DA:151,0
DA:154,0
DA:155,0
DA:157,0
DA:160,0
DA:164,0
DA:166,0
DA:171,0
DA:172,0
DA:175,0
DA:177,0
DA:178,0
DA:186,0
DA:187,0
DA:188,0
DA:192,0
DA:193,0
DA:194,0
DA:195,0
DA:198,0
DA:199,0
DA:207,0
DA:208,0
DA:210,0
DA:211,0
DA:215,0
DA:220,0
DA:225,0
DA:227,0
DA:231,0
DA:233,0
DA:238,0
DA:246,0
DA:247,0
DA:250,0
LF:98
LH:0
BRDA:21,0,0,0
BRDA:21,0,1,0
BRDA:23,1,0,0
BRDA:31,2,0,0
BRDA:31,2,1,0
BRDA:37,3,0,0
BRDA:44,4,0,0
BRDA:56,5,0,0
BRDA:61,6,0,0
BRDA:65,7,0,0
BRDA:65,7,1,0
BRDA:66,8,0,0
BRDA:71,9,0,0
BRDA:97,10,0,0
BRDA:102,11,0,0
BRDA:102,11,1,0
BRDA:105,12,0,0
BRDA:105,12,1,0
BRDA:107,13,0,0
BRDA:107,13,1,0
BRDA:107,14,0,0
BRDA:107,14,1,0
BRDA:110,15,0,0
BRDA:110,15,1,0
BRDA:110,16,0,0
BRDA:110,16,1,0
BRDA:122,17,0,0
BRDA:122,18,0,0
BRDA:122,18,1,0
BRDA:142,19,0,0
BRDA:144,20,0,0
BRDA:150,21,0,0
BRDA:154,22,0,0
BRDA:167,23,0,0
BRDA:167,23,1,0
BRDA:168,24,0,0
BRDA:168,24,1,0
BRDA:171,25,0,0
BRDA:175,26,0,0
BRDA:175,26,1,0
BRDA:192,27,0,0
BRDA:210,28,0,0
BRDA:210,28,1,0
BRF:43
BRH:0
end_of_record
TN:
SF:src\classes\dto\create-class.dto.ts
FNF:0
FNH:0
DA:1,0
DA:3,0
DA:5,0
DA:9,0
DA:13,0
LF:5
LH:0
BRF:0
BRH:0
end_of_record
TN:
SF:src\classes\dto\import-students.dto.ts
FN:20,(anonymous_2)
FNF:1
FNH:0
FNDA:0,(anonymous_2)
DA:1,0
DA:2,0
DA:4,0
DA:6,0
DA:9,0
DA:12,0
DA:15,0
DA:20,0
DA:21,0
DA:25,0
LF:10
LH:0
BRF:0
BRH:0
end_of_record
TN:
SF:src\classes\dto\update-class-teachers.dto.ts
FNF:0
FNH:0
DA:1,0
DA:3,0
DA:7,0
LF:3
LH:0
BRF:0
BRH:0
end_of_record
TN:
SF:src\grading\grading.errors.ts
FN:4,(anonymous_0)
FNF:1
FNH:1
FNDA:14,(anonymous_0)
DA:1,1
DA:5,14
DA:6,14
LF:3
LH:3
BRF:0
BRH:0
end_of_record
TN:
SF:src\grading\grading.service.ts
FN:37,(anonymous_2)
FN:48,(anonymous_3)
FN:89,(anonymous_4)
FN:198,(anonymous_5)
FN:237,(anonymous_6)
FN:252,(anonymous_7)
FN:277,(anonymous_8)
FN:285,(anonymous_9)
FN:293,(anonymous_10)
FN:301,(anonymous_11)
FN:337,(anonymous_12)
FN:381,(anonymous_13)
FN:396,(anonymous_14)
FN:405,(anonymous_15)
FN:409,(anonymous_16)
FNF:15
FNH:15
FNDA:19,(anonymous_2)
FNDA:19,(anonymous_3)
FNDA:22,(anonymous_4)
FNDA:22,(anonymous_5)
FNDA:12,(anonymous_6)
FNDA:15,(anonymous_7)
FNDA:12,(anonymous_8)
FNDA:12,(anonymous_9)
FNDA:14,(anonymous_10)
FNDA:2,(anonymous_11)
FNDA:12,(anonymous_12)
FNDA:12,(anonymous_13)
FNDA:12,(anonymous_14)
FNDA:6,(anonymous_15)
FNDA:2,(anonymous_16)
DA:1,1
DA:2,1
DA:3,1
DA:5,1
DA:7,1
DA:8,1
DA:22,1
DA:30,1
DA:31,19
DA:38,19
DA:39,19
DA:42,19
DA:43,19
DA:44,19
DA:45,19
DA:50,19
DA:51,2
DA:54,17
DA:55,17
DA:56,2
DA:59,15
DA:60,15
DA:61,15
DA:63,15
DA:66,15
DA:67,15
DA:70,1
DA:71,1
DA:72,1
DA:73,1
DA:74,1
DA:75,1
DA:78,15
DA:87,15
DA:88,15
DA:89,15
DA:90,22
DA:91,22
DA:92,0
DA:94,22
DA:95,22
DA:97,10
DA:98,2
DA:100,8
DA:104,15
DA:105,14
DA:106,14
DA:107,8
DA:108,2
DA:109,2
DA:111,8
DA:116,6
DA:117,3
DA:118,3
DA:122,2
DA:123,0
DA:124,0
DA:126,2
DA:131,1
DA:132,1
DA:133,1
DA:135,3
DA:136,2
DA:138,2
DA:144,1
DA:149,1
DA:150,1
DA:151,1
DA:154,1
DA:159,3
DA:169,3
DA:170,3
DA:171,1
DA:176,2
DA:177,0
DA:178,0
DA:182,0
DA:187,0
DA:192,2
DA:199,22
DA:200,22
DA:201,1
DA:204,21
DA:205,2
DA:210,21
DA:211,21
DA:212,21
DA:213,2
DA:214,2
DA:215,2
DA:216,2
DA:217,2
DA:218,2
DA:221,21
DA:222,21
DA:223,21
DA:224,15
DA:225,12
DA:226,12
DA:227,0
DA:230,12
DA:243,12
DA:253,15
DA:254,15
DA:255,3
DA:258,12
DA:259,12
DA:260,12
DA:261,13
DA:262,13
DA:263,11
DA:265,2
DA:266,2
DA:267,1
DA:268,1
DA:269,1
DA:274,0
DA:278,12
DA:279,1
DA:280,1
DA:282,11
DA:286,12
DA:287,12
DA:288,11
DA:290,1
DA:294,14
DA:295,14
DA:297,2
DA:302,2
DA:303,2
DA:304,2
DA:305,2
DA:306,515
DA:307,515
DA:308,0
DA:309,0
DA:310,0
DA:312,515
DA:313,0
DA:314,0
DA:315,0
DA:317,515
DA:318,72
DA:319,72
DA:320,72
DA:322,443
DA:323,25
DA:324,25
DA:325,0
DA:327,25
DA:328,25
DA:329,1
DA:332,442
DA:334,2
DA:338,12
DA:339,12
DA:340,12
DA:341,12
DA:342,12
DA:343,12
DA:344,3025
DA:345,3025
DA:346,0
DA:347,0
DA:349,3025
DA:350,0
DA:351,0
DA:353,3025
DA:354,432
DA:355,432
DA:357,2593
DA:358,1920
DA:360,673
DA:361,96
DA:362,12
DA:364,96
DA:365,96
DA:367,577
DA:368,96
DA:369,0
DA:371,96
DA:372,96
DA:373,12
DA:374,12
DA:378,12
DA:382,12
DA:383,12
DA:385,12
DA:386,12
DA:387,1
DA:390,12
DA:391,12
DA:392,0
DA:395,12
DA:396,12
DA:397,12
DA:398,0
DA:402,12
DA:406,6
DA:410,2
DA:411,2
DA:413,0
LF:202
LH:178
BRDA:42,0,0,19
BRDA:42,0,1,19
BRDA:43,1,0,19
BRDA:43,1,1,19
BRDA:48,2,0,17
BRDA:50,3,0,2
BRDA:55,4,0,2
BRDA:59,5,0,15
BRDA:59,5,1,14
BRDA:60,6,0,15
BRDA:60,6,1,15
BRDA:67,7,0,1
BRDA:91,8,0,0
BRDA:97,9,0,2
BRDA:104,10,0,14
BRDA:107,11,0,2
BRDA:109,12,0,2
BRDA:109,12,1,2
BRDA:116,13,0,3
BRDA:116,13,1,3
BRDA:116,14,0,6
BRDA:116,14,1,6
BRDA:122,15,0,0
BRDA:124,16,0,0
BRDA:124,16,1,0
BRDA:132,17,0,1
BRDA:132,17,1,1
BRDA:135,18,0,2
BRDA:135,18,1,1
BRDA:135,19,0,3
BRDA:135,19,1,3
BRDA:150,20,0,1
BRDA:150,20,1,1
BRDA:173,21,0,1
BRDA:173,21,1,0
BRDA:176,22,0,0
BRDA:176,23,0,2
BRDA:176,23,1,2
BRDA:180,24,0,0
BRDA:180,24,1,0
BRDA:180,25,0,0
BRDA:180,25,1,0
BRDA:184,26,0,0
BRDA:184,26,1,0
BRDA:187,27,0,0
BRDA:187,27,1,0
BRDA:192,28,0,2
BRDA:192,28,1,0
BRDA:200,29,0,1
BRDA:200,30,0,22
BRDA:200,30,1,3
BRDA:204,31,0,2
BRDA:206,32,0,2
BRDA:206,32,1,0
BRDA:206,33,0,2
BRDA:206,33,1,2
BRDA:212,34,0,2
BRDA:212,35,0,21
BRDA:212,35,1,2
BRDA:217,36,0,2
BRDA:217,36,1,0
BRDA:217,37,0,2
BRDA:217,37,1,2
BRDA:226,38,0,0
BRDA:227,39,0,0
BRDA:227,39,1,0
BRDA:254,40,0,3
BRDA:262,41,0,11
BRDA:266,42,0,1
BRDA:268,43,0,1
BRDA:278,44,0,1
BRDA:287,45,0,11
BRDA:307,46,0,0
BRDA:312,47,0,0
BRDA:312,48,0,515
BRDA:312,48,1,0
BRDA:317,49,0,72
BRDA:322,50,0,25
BRDA:322,51,0,443
BRDA:322,51,1,123
BRDA:324,52,0,25
BRDA:324,52,1,25
BRDA:328,53,0,1
BRDA:328,54,0,25
BRDA:328,54,1,24
BRDA:345,55,0,0
BRDA:349,56,0,0
BRDA:349,57,0,3025
BRDA:349,57,1,0
BRDA:353,58,0,432
BRDA:357,59,0,1920
BRDA:360,60,0,96
BRDA:360,61,0,673
BRDA:360,61,1,637
BRDA:361,62,0,12
BRDA:367,63,0,96
BRDA:367,64,0,577
BRDA:367,64,1,541
BRDA:368,65,0,0
BRDA:372,66,0,12
BRDA:372,67,0,96
BRDA:372,67,1,12
BRDA:386,68,0,1
BRDA:386,69,0,12
BRDA:386,69,1,1
BRDA:391,70,0,0
BRDA:391,71,0,12
BRDA:391,71,1,12
BRDA:397,72,0,0
BRDA:397,73,0,12
BRDA:397,73,1,12
BRDA:406,74,0,6
BRDA:406,74,1,4
BRDA:410,75,0,2
BRF:114
BRH:85
end_of_record
TN:
SF:src\grading-policy\grading-policy.service.ts
FN:16,(anonymous_2)
FN:18,(anonymous_3)
FN:22,(anonymous_4)
FN:26,(anonymous_5)
FN:41,(anonymous_6)
FN:56,(anonymous_7)
FN:60,(anonymous_8)
FN:64,(anonymous_9)
FN:85,(anonymous_10)
FN:98,(anonymous_11)
FNF:10
FNH:0
FNDA:0,(anonymous_2)
FNDA:0,(anonymous_3)
FNDA:0,(anonymous_4)
FNDA:0,(anonymous_5)
FNDA:0,(anonymous_6)
FNDA:0,(anonymous_7)
FNDA:0,(anonymous_8)
FNDA:0,(anonymous_9)
FNDA:0,(anonymous_10)
FNDA:0,(anonymous_11)
DA:1,1
DA:2,1
DA:15,1
DA:16,0
DA:19,0
DA:23,0
DA:27,0
DA:42,0
DA:57,0
DA:61,0
DA:65,0
DA:66,0
DA:67,0
DA:71,0
DA:74,0
DA:79,0
DA:80,0
DA:81,0
DA:82,0
DA:86,0
DA:87,0
DA:89,0
DA:90,0
DA:91,0
DA:93,0
DA:94,0
DA:99,0
DA:100,0
DA:102,0
LF:29
LH:3
BRDA:30,0,0,0
BRDA:30,0,1,0
BRDA:31,1,0,0
BRDA:31,1,1,0
BRDA:35,2,0,0
BRDA:35,2,1,0
BRDA:35,3,0,0
BRDA:35,3,1,0
BRDA:36,4,0,0
BRDA:36,4,1,0
BRDA:36,5,0,0
BRDA:36,5,1,0
BRDA:45,6,0,0
BRDA:45,6,1,0
BRDA:46,7,0,0
BRDA:46,7,1,0
BRDA:50,8,0,0
BRDA:50,8,1,0
BRDA:50,9,0,0
BRDA:50,9,1,0
BRDA:51,10,0,0
BRDA:51,10,1,0
BRDA:51,11,0,0
BRDA:51,11,1,0
BRDA:65,12,0,0
BRDA:65,12,1,0
BRDA:66,13,0,0
BRDA:66,14,0,0
BRDA:66,14,1,0
BRDA:71,15,0,0
BRDA:71,15,1,0
BRDA:71,16,0,0
BRDA:71,16,1,0
BRDA:71,17,0,0
BRDA:71,17,1,0
BRDA:75,18,0,0
BRDA:75,18,1,0
BRDA:76,19,0,0
BRDA:76,19,1,0
BRDA:86,20,0,0
BRDA:90,21,0,0
BRDA:93,22,0,0
BRDA:93,23,0,0
BRDA:93,23,1,0
BRDA:99,24,0,0
BRDA:99,25,0,0
BRDA:99,25,1,0
BRF:47
BRH:0
end_of_record
TN:
SF:src\grading\prompts\grading.user.template.ts
FN:23,(anonymous_0)
FNF:1
FNH:0
FNDA:0,(anonymous_0)
DA:10,1
DA:23,1
DA:31,0
DA:34,0
DA:37,0
DA:40,0
DA:44,0
DA:45,0
DA:46,0
DA:47,0
DA:51,0
DA:52,0
LF:12
LH:2
BRDA:31,0,0,0
BRDA:31,0,1,0
BRDA:34,1,0,0
BRDA:34,1,1,0
BRDA:37,2,0,0
BRDA:37,2,1,0
BRDA:40,3,0,0
BRDA:40,3,1,0
BRDA:47,4,0,0
BRDA:47,4,1,0
BRDA:74,5,0,0
BRDA:74,5,1,0
BRF:12
BRH:0
end_of_record
TN:
SF:src\grading\providers\cheap.provider.ts
FN:19,(anonymous_2)
FN:34,(anonymous_3)
FN:42,(anonymous_4)
FN:142,(anonymous_5)
FN:154,(anonymous_6)
FN:186,(anonymous_7)
FN:199,(anonymous_8)
FN:211,(anonymous_9)
FN:226,(anonymous_10)
FN:234,(anonymous_11)
FN:243,(anonymous_12)
FN:248,(anonymous_13)
FN:251,(anonymous_14)
FN:264,(anonymous_15)
FN:277,(anonymous_16)
FN:288,(anonymous_17)
FN:326,(anonymous_18)
FNF:17
FNH:0
FNDA:0,(anonymous_2)
FNDA:0,(anonymous_3)
FNDA:0,(anonymous_4)
FNDA:0,(anonymous_5)
FNDA:0,(anonymous_6)
FNDA:0,(anonymous_7)
FNDA:0,(anonymous_8)
FNDA:0,(anonymous_9)
FNDA:0,(anonymous_10)
FNDA:0,(anonymous_11)
FNDA:0,(anonymous_12)
FNDA:0,(anonymous_13)
FNDA:0,(anonymous_14)
FNDA:0,(anonymous_15)
FNDA:0,(anonymous_16)
FNDA:0,(anonymous_17)
FNDA:0,(anonymous_18)
DA:1,1
DA:3,1
DA:4,1
DA:5,1
DA:6,1
DA:8,1
DA:9,1
DA:12,1
DA:13,0
DA:16,0
DA:17,0
DA:20,0
DA:21,0
DA:23,0
DA:30,0
DA:31,0
DA:35,0
DA:43,0
DA:44,0
DA:45,0
DA:48,0
DA:49,0
DA:50,0
DA:53,0
DA:54,0
DA:63,0
DA:73,0
DA:74,0
DA:75,0
DA:76,0
DA:78,0
DA:79,0
DA:81,0
DA:82,0
DA:84,0
DA:85,0
DA:87,0
DA:88,0
DA:91,0
DA:94,0
DA:95,0
DA:97,0
DA:98,0
DA:99,0
DA:100,0
DA:101,0
DA:102,0
DA:103,0
DA:104,0
DA:105,0
DA:108,0
DA:109,0
DA:110,0
DA:119,0
DA:122,0
DA:123,0
DA:124,0
DA:125,0
DA:139,0
DA:145,0
DA:146,0
DA:147,0
DA:148,0
DA:151,0
DA:155,0
DA:159,0
DA:160,0
DA:163,0
DA:169,0
DA:170,0
DA:171,0
DA:177,0
DA:178,0
DA:179,0
DA:181,0
DA:183,0
DA:187,0
DA:188,0
DA:190,0
DA:191,0
DA:193,0
DA:194,0
DA:196,0
DA:200,0
DA:201,0
DA:202,0
DA:204,0
DA:205,0
DA:207,0
DA:208,0
DA:212,0
DA:213,0
DA:214,0
DA:216,0
DA:217,0
DA:218,0
DA:219,0
DA:221,0
DA:223,0
DA:227,0
DA:228,0
DA:230,0
DA:231,0
DA:235,0
DA:236,0
DA:237,0
DA:239,0
DA:240,0
DA:244,0
DA:245,0
DA:249,0
DA:250,0
DA:251,0
DA:252,0
DA:253,0
DA:255,0
DA:256,0
DA:258,0
DA:260,0
DA:267,0
DA:268,0
DA:270,0
DA:278,0
DA:279,0
DA:280,0
DA:282,0
DA:283,0
DA:284,0
DA:285,0
DA:302,0
DA:303,0
DA:321,0
DA:322,0
DA:327,0
DA:328,0
DA:330,0
LF:136
LH:8
BRDA:36,0,0,0
BRDA:36,0,1,0
BRDA:38,1,0,0
BRDA:38,1,1,0
BRDA:44,2,0,0
BRDA:49,3,0,0
BRDA:56,4,0,0
BRDA:56,4,1,0
BRDA:69,5,0,0
BRDA:69,5,1,0
BRDA:69,6,0,0
BRDA:69,6,1,0
BRDA:69,7,0,0
BRDA:69,7,1,0
BRDA:69,8,0,0
BRDA:69,8,1,0
BRDA:70,9,0,0
BRDA:70,9,1,0
BRDA:70,10,0,0
BRDA:70,10,1,0
BRDA:70,11,0,0
BRDA:70,11,1,0
BRDA:70,12,0,0
BRDA:70,12,1,0
BRDA:73,13,0,0
BRDA:73,13,1,0
BRDA:73,14,0,0
BRDA:73,14,1,0
BRDA:74,15,0,0
BRDA:74,15,1,0
BRDA:74,16,0,0
BRDA:74,16,1,0
BRDA:75,17,0,0
BRDA:75,17,1,0
BRDA:75,18,0,0
BRDA:75,18,1,0
BRDA:76,19,0,0
BRDA:76,19,1,0
BRDA:76,20,0,0
BRDA:76,20,1,0
BRDA:78,21,0,0
BRDA:81,22,0,0
BRDA:84,23,0,0
BRDA:87,24,0,0
BRDA:87,25,0,0
BRDA:87,25,1,0
BRDA:87,26,0,0
BRDA:87,26,1,0
BRDA:91,27,0,0
BRDA:91,27,1,0
BRDA:93,28,0,0
BRDA:93,28,1,0
BRDA:93,29,0,0
BRDA:93,29,1,0
BRDA:94,30,0,0
BRDA:101,31,0,0
BRDA:101,32,0,0
BRDA:101,32,1,0
BRDA:101,32,2,0
BRDA:109,33,0,0
BRDA:124,34,0,0
BRDA:124,34,1,0
BRDA:124,35,0,0
BRDA:124,35,1,0
BRDA:124,36,0,0
BRDA:124,36,1,0
BRDA:124,37,0,0
BRDA:124,37,1,0
BRDA:132,38,0,0
BRDA:132,38,1,0
BRDA:132,39,0,0
BRDA:132,39,1,0
BRDA:133,40,0,0
BRDA:133,40,1,0
BRDA:133,41,0,0
BRDA:133,41,1,0
BRDA:134,42,0,0
BRDA:134,42,1,0
BRDA:134,43,0,0
BRDA:134,43,1,0
BRDA:145,44,0,0
BRDA:145,44,1,0
BRDA:145,45,0,0
BRDA:145,45,1,0
BRDA:145,46,0,0
BRDA:145,46,1,0
BRDA:145,47,0,0
BRDA:145,47,1,0
BRDA:145,48,0,0
BRDA:145,48,1,0
BRDA:145,49,0,0
BRDA:145,49,1,0
BRDA:145,50,0,0
BRDA:145,50,1,0
BRDA:145,51,0,0
BRDA:145,51,1,0
BRDA:145,52,0,0
BRDA:145,52,1,0
BRDA:145,53,0,0
BRDA:145,53,1,0
BRDA:145,54,0,0
BRDA:145,54,1,0
BRDA:145,55,0,0
BRDA:145,55,1,0
BRDA:145,56,0,0
BRDA:145,56,1,0
BRDA:145,57,0,0
BRDA:145,57,1,0
BRDA:145,58,0,0
BRDA:145,58,1,0
BRDA:145,59,0,0
BRDA:145,59,1,0
BRDA:146,60,0,0
BRDA:159,61,0,0
BRDA:170,62,0,0
BRDA:179,63,0,0
BRDA:179,63,1,0
BRDA:187,64,0,0
BRDA:190,65,0,0
BRDA:190,66,0,0
BRDA:190,66,1,0
BRDA:193,67,0,0
BRDA:193,68,0,0
BRDA:193,68,1,0
BRDA:196,69,0,0
BRDA:196,69,1,0
BRDA:201,70,0,0
BRDA:204,71,0,0
BRDA:207,72,0,0
BRDA:207,72,1,0
BRDA:207,72,2,0
BRDA:212,73,0,0
BRDA:212,73,1,0
BRDA:213,74,0,0
BRDA:213,75,0,0
BRDA:213,75,1,0
BRDA:216,76,0,0
BRDA:216,76,1,0
BRDA:217,77,0,0
BRDA:218,78,0,0
BRDA:218,79,0,0
BRDA:218,79,1,0
BRDA:221,80,0,0
BRDA:221,80,1,0
BRDA:227,81,0,0
BRDA:227,82,0,0
BRDA:227,82,1,0
BRDA:231,83,0,0
BRDA:231,83,1,0
BRDA:231,83,2,0
BRDA:236,84,0,0
BRDA:244,85,0,0
BRDA:244,85,1,0
BRDA:244,86,0,0
BRDA:244,86,1,0
BRDA:245,87,0,0
BRDA:245,87,1,0
BRDA:250,88,0,0
BRDA:250,88,1,0
BRDA:250,89,0,0
BRDA:250,89,1,0
BRDA:255,90,0,0
BRDA:255,91,0,0
BRDA:255,91,1,0
BRDA:267,92,0,0
BRDA:267,93,0,0
BRDA:267,93,1,0
BRDA:267,94,0,0
BRDA:267,94,1,0
BRDA:279,95,0,0
BRDA:279,96,0,0
BRDA:279,96,1,0
BRDA:279,96,2,0
BRDA:282,97,0,0
BRDA:282,97,1,0
BRDA:282,98,0,0
BRDA:282,98,1,0
BRDA:283,99,0,0
BRDA:283,99,1,0
BRDA:283,100,0,0
BRDA:283,100,1,0
BRDA:285,101,0,0
BRDA:285,101,1,0
BRDA:321,102,0,0
BRDA:321,102,1,0
BRDA:326,103,0,0
BRDA:327,104,0,0
BRDA:330,105,0,0
BRDA:330,105,1,0
BRF:189
BRH:0
end_of_record
TN:
SF:src\grading\utils\asset-path.ts
FN:4,(anonymous_0)
FNF:1
FNH:1
FNDA:1,(anonymous_0)
DA:1,1
DA:2,1
DA:4,1
DA:5,1
DA:11,1
DA:12,2
DA:13,1
DA:17,0
LF:8
LH:7
BRDA:12,0,0,1
BRF:1
BRH:1
end_of_record
TN:
SF:src\grading\utils\budget.ts
FN:13,(anonymous_2)
FN:35,(anonymous_3)
FN:47,(anonymous_4)
FN:56,(anonymous_5)
FN:77,(anonymous_6)
FN:95,(anonymous_7)
FNF:6
FNH:0
FNDA:0,(anonymous_2)
FNDA:0,(anonymous_3)
FNDA:0,(anonymous_4)
FNDA:0,(anonymous_5)
FNDA:0,(anonymous_6)
FNDA:0,(anonymous_7)
DA:1,1
DA:2,1
DA:3,1
DA:4,1
DA:13,1
DA:14,0
DA:15,0
DA:16,0
DA:17,0
DA:24,0
DA:29,1
DA:30,0
DA:37,0
DA:39,0
DA:40,0
DA:41,0
DA:42,0
DA:43,0
DA:44,0
DA:48,0
DA:49,0
DA:51,0
DA:52,0
DA:57,0
DA:58,0
DA:59,0
DA:60,0
DA:61,0
DA:64,0
DA:65,0
DA:68,0
DA:69,0
DA:82,0
DA:88,0
DA:89,0
DA:90,0
DA:92,0
DA:96,0
DA:97,0
DA:98,0
DA:99,0
DA:100,0
LF:42
LH:6
BRDA:16,0,0,0
BRDA:16,0,1,0
BRDA:20,1,0,0
BRDA:20,1,1,0
BRDA:21,2,0,0
BRDA:21,2,1,0
BRDA:39,3,0,0
BRDA:39,3,1,0
BRDA:41,4,0,0
BRDA:41,4,1,0
BRDA:42,5,0,0
BRDA:42,5,1,0
BRDA:43,6,0,0
BRDA:43,6,1,0
BRDA:44,7,0,0
BRDA:44,7,1,0
BRDA:51,8,0,0
BRDA:51,8,1,0
BRDA:60,9,0,0
BRDA:64,10,0,0
BRDA:64,11,0,0
BRDA:64,11,1,0
BRDA:64,11,2,0
BRDA:88,12,0,0
BRDA:88,12,1,0
BRDA:88,13,0,0
BRDA:88,13,1,0
BRDA:88,14,0,0
BRDA:88,14,1,0
BRDA:88,15,0,0
BRDA:88,15,1,0
BRDA:88,16,0,0
BRDA:88,16,1,0
BRDA:89,17,0,0
BRDA:89,17,1,0
BRDA:89,18,0,0
BRDA:89,18,1,0
BRDA:89,19,0,0
BRDA:89,19,1,0
BRDA:89,20,0,0
BRDA:89,20,1,0
BRDA:90,21,0,0
BRDA:90,21,1,0
BRDA:90,22,0,0
BRDA:90,22,1,0
BRDA:90,23,0,0
BRDA:90,23,1,0
BRDA:90,24,0,0
BRDA:90,24,1,0
BRF:49
BRH:0
end_of_record
TN:
SF:src\grading\utils\schema-validate.ts
FN:16,(anonymous_0)
FNF:1
FNH:1
FNDA:12,(anonymous_0)
DA:1,1
DA:2,1
DA:3,1
DA:5,1
DA:6,1
DA:8,1
DA:9,1
DA:16,1
DA:17,12
DA:18,12
DA:19,12
DA:22,0
LF:12
LH:11
BRDA:18,0,0,12
BRDA:24,1,0,0
BRDA:24,1,1,0
BRF:3
BRH:1
end_of_record
TN:
SF:src\health\health.controller.ts
FN:6,(anonymous_2)
FN:9,(anonymous_3)
FNF:2
FNH:0
FNDA:0,(anonymous_2)
FNDA:0,(anonymous_3)
DA:1,0
DA:2,0
DA:5,0
DA:6,0
DA:9,0
DA:10,0
LF:6
LH:0
BRF:0
BRH:0
end_of_record
TN:
SF:src\homeworks\homeworks.controller.ts
FN:14,(anonymous_4)
FN:18,(anonymous_5)
FN:24,(anonymous_6)
FN:33,(anonymous_7)
FN:42,(anonymous_8)
FNF:5
FNH:0
FNDA:0,(anonymous_4)
FNDA:0,(anonymous_5)
FNDA:0,(anonymous_6)
FNDA:0,(anonymous_7)
FNDA:0,(anonymous_8)
DA:1,0
DA:2,0
DA:3,0
DA:4,0
DA:5,0
DA:7,0
DA:8,0
DA:9,0
DA:13,0
DA:14,0
DA:18,0
DA:19,0
DA:24,0
DA:28,0
DA:33,0
DA:37,0
DA:42,0
DA:43,0
LF:18
LH:0
BRF:0
BRH:0
end_of_record
TN:
SF:src\homeworks\homeworks.service.ts
FN:9,(anonymous_2)
FN:11,(anonymous_3)
FN:33,(anonymous_4)
FN:47,(anonymous_5)
FN:55,(anonymous_6)
FN:68,(anonymous_7)
FN:113,(anonymous_8)
FN:141,(anonymous_9)
FNF:8
FNH:0
FNDA:0,(anonymous_2)
FNDA:0,(anonymous_3)
FNDA:0,(anonymous_4)
FNDA:0,(anonymous_5)
FNDA:0,(anonymous_6)
FNDA:0,(anonymous_7)
FNDA:0,(anonymous_8)
FNDA:0,(anonymous_9)
DA:1,0
DA:2,0
DA:4,0
DA:8,0
DA:9,0
DA:12,0
DA:13,0
DA:14,0
DA:15,0
DA:17,0
DA:20,0
DA:21,0
DA:24,0
DA:25,0
DA:27,0
DA:30,0
DA:34,0
DA:35,0
DA:37,0
DA:48,0
DA:49,0
DA:56,0
DA:58,0
DA:63,0
DA:64,0
DA:67,0
DA:68,0
DA:70,0
DA:76,0
DA:81,0
DA:86,0
DA:87,0
DA:94,0
DA:95,0
DA:96,0
DA:97,0
DA:98,0
DA:99,0
DA:100,0
DA:101,0
DA:102,0
DA:103,0
DA:105,0
DA:108,0
DA:109,0
DA:110,0
DA:113,0
DA:114,0
DA:121,0
DA:122,0
DA:123,0
DA:142,0
LF:52
LH:0
BRDA:12,0,0,0
BRDA:14,1,0,0
BRDA:20,2,0,0
BRDA:24,3,0,0
BRDA:35,4,0,0
BRDA:35,4,1,0
BRDA:63,5,0,0
BRDA:87,6,0,0
BRDA:87,6,1,0
BRDA:96,7,0,0
BRDA:96,7,1,0
BRDA:98,8,0,0
BRDA:98,8,1,0
BRDA:100,9,0,0
BRDA:100,9,1,0
BRDA:102,10,0,0
BRDA:110,11,0,0
BRDA:110,11,1,0
BRDA:114,12,0,0
BRDA:114,12,1,0
BRDA:121,13,0,0
BRDA:121,13,1,0
BRF:22
BRH:0
end_of_record
TN:
SF:src\homeworks\dto\create-homework.dto.ts
FNF:0
FNH:0
DA:1,0
DA:3,0
DA:5,0
DA:8,0
DA:12,0
DA:16,0
LF:6
LH:0
BRF:0
BRH:0
end_of_record
TN:
SF:src\homeworks\dto\list-homeworks-query.dto.ts
FNF:0
FNH:0
DA:1,0
DA:3,0
DA:5,0
LF:3
LH:0
BRF:0
BRH:0
end_of_record
TN:
SF:src\llm\llm-config.service.ts
FN:72,(anonymous_2)
FN:77,(anonymous_3)
FN:113,(anonymous_4)
FN:116,(anonymous_5)
FN:117,(anonymous_6)
FN:118,(anonymous_7)
FN:143,(anonymous_8)
FN:177,(anonymous_9)
FN:186,(anonymous_10)
FN:218,(anonymous_11)
FN:225,(anonymous_12)
FN:228,(anonymous_13)
FN:236,(anonymous_14)
FN:244,(anonymous_15)
FN:248,(anonymous_16)
FN:252,(anonymous_17)
FN:254,(anonymous_18)
FN:264,(anonymous_19)
FN:265,(anonymous_20)
FN:274,(anonymous_21)
FN:288,(anonymous_22)
FN:293,(anonymous_23)
FN:300,(anonymous_24)
FN:305,(anonymous_25)
FN:309,(anonymous_26)
FNF:25
FNH:0
FNDA:0,(anonymous_2)
FNDA:0,(anonymous_3)
FNDA:0,(anonymous_4)
FNDA:0,(anonymous_5)
FNDA:0,(anonymous_6)
FNDA:0,(anonymous_7)
FNDA:0,(anonymous_8)
FNDA:0,(anonymous_9)
FNDA:0,(anonymous_10)
FNDA:0,(anonymous_11)
FNDA:0,(anonymous_12)
FNDA:0,(anonymous_13)
FNDA:0,(anonymous_14)
FNDA:0,(anonymous_15)
FNDA:0,(anonymous_16)
FNDA:0,(anonymous_17)
FNDA:0,(anonymous_18)
FNDA:0,(anonymous_19)
FNDA:0,(anonymous_20)
FNDA:0,(anonymous_21)
FNDA:0,(anonymous_22)
FNDA:0,(anonymous_23)
FNDA:0,(anonymous_24)
FNDA:0,(anonymous_25)
FNDA:0,(anonymous_26)
DA:1,1
DA:2,1
DA:3,1
DA:71,1
DA:73,0
DA:74,0
DA:78,0
DA:80,0
DA:81,0
DA:82,0
DA:83,0
DA:84,0
DA:86,0
DA:89,0
DA:90,0
DA:91,0
DA:93,0
DA:114,0
DA:115,0
DA:116,0
DA:117,0
DA:118,0
DA:120,0
DA:121,0
DA:124,0
DA:125,0
DA:126,0
DA:129,0
DA:144,0
DA:145,0
DA:147,0
DA:148,0
DA:149,0
DA:150,0
DA:151,0
DA:152,0
DA:154,0
DA:181,0
DA:182,0
DA:183,0
DA:185,0
DA:186,0
DA:189,0
DA:190,0
DA:191,0
DA:192,0
DA:193,0
DA:195,0
DA:222,0
DA:223,0
DA:225,0
DA:232,0
DA:233,0
DA:235,0
DA:236,0
DA:237,0
DA:238,0
DA:241,0
DA:245,0
DA:246,0
DA:248,0
DA:249,0
DA:253,0
DA:254,0
DA:255,0
DA:256,0
DA:257,0
DA:258,0
DA:261,0
DA:265,0
DA:266,0
DA:267,0
DA:269,0
DA:270,0
DA:275,0
DA:289,0
DA:290,0
DA:292,0
DA:293,0
DA:294,0
DA:296,0
DA:297,0
DA:301,0
DA:302,0
DA:306,0
DA:307,0
DA:309,0
LF:87
LH:4
BRDA:78,0,0,0
BRDA:78,0,1,0
BRDA:80,1,0,0
BRDA:80,1,1,0
BRDA:81,2,0,0
BRDA:81,2,1,0
BRDA:82,3,0,0
BRDA:82,3,1,0
BRDA:83,4,0,0
BRDA:83,4,1,0
BRDA:84,5,0,0
BRDA:84,5,1,0
BRDA:86,6,0,0
BRDA:86,6,1,0
BRDA:86,6,2,0
BRDA:89,7,0,0
BRDA:89,7,1,0
BRDA:90,8,0,0
BRDA:90,8,1,0
BRDA:91,9,0,0
BRDA:91,9,1,0
BRDA:94,10,0,0
BRDA:94,10,1,0
BRDA:95,11,0,0
BRDA:95,11,1,0
BRDA:96,12,0,0
BRDA:96,12,1,0
BRDA:96,12,2,0
BRDA:97,13,0,0
BRDA:97,13,1,0
BRDA:98,14,0,0
BRDA:98,14,1,0
BRDA:98,14,2,0
BRDA:99,15,0,0
BRDA:99,15,1,0
BRDA:99,15,2,0
BRDA:100,16,0,0
BRDA:100,16,1,0
BRDA:100,17,0,0
BRDA:100,17,1,0
BRDA:101,18,0,0
BRDA:101,18,1,0
BRDA:101,19,0,0
BRDA:101,19,1,0
BRDA:105,20,0,0
BRDA:105,20,1,0
BRDA:105,21,0,0
BRDA:105,21,1,0
BRDA:109,22,0,0
BRDA:109,22,1,0
BRDA:114,23,0,0
BRDA:114,23,1,0
BRDA:117,24,0,0
BRDA:117,24,1,0
BRDA:120,25,0,0
BRDA:125,26,0,0
BRDA:132,27,0,0
BRDA:132,27,1,0
BRDA:135,28,0,0
BRDA:135,28,1,0
BRDA:148,29,0,0
BRDA:148,29,1,0
BRDA:148,29,2,0
BRDA:148,30,0,0
BRDA:148,30,1,0
BRDA:148,31,0,0
BRDA:148,31,1,0
BRDA:149,32,0,0
BRDA:149,32,1,0
BRDA:149,32,2,0
BRDA:149,33,0,0
BRDA:149,33,1,0
BRDA:149,34,0,0
BRDA:149,34,1,0
BRDA:150,35,0,0
BRDA:150,35,1,0
BRDA:150,35,2,0
BRDA:150,36,0,0
BRDA:150,36,1,0
BRDA:150,37,0,0
BRDA:150,37,1,0
BRDA:151,38,0,0
BRDA:151,38,1,0
BRDA:151,39,0,0
BRDA:151,39,1,0
BRDA:151,40,0,0
BRDA:151,40,1,0
BRDA:152,41,0,0
BRDA:152,41,1,0
BRDA:155,42,0,0
BRDA:155,42,1,0
BRDA:155,43,0,0
BRDA:155,43,1,0
BRDA:158,44,0,0
BRDA:158,44,1,0
BRDA:158,45,0,0
BRDA:158,45,1,0
BRDA:173,46,0,0
BRDA:173,46,1,0
BRDA:173,47,0,0
BRDA:173,47,1,0
BRDA:173,48,0,0
BRDA:173,48,1,0
BRDA:185,49,0,0
BRDA:185,49,1,0
BRDA:189,50,0,0
BRDA:189,50,1,0
BRDA:189,50,2,0
BRDA:189,51,0,0
BRDA:189,51,1,0
BRDA:189,52,0,0
BRDA:189,52,1,0
BRDA:190,53,0,0
BRDA:190,53,1,0
BRDA:190,53,2,0
BRDA:190,54,0,0
BRDA:190,54,1,0
BRDA:190,55,0,0
BRDA:190,55,1,0
BRDA:191,56,0,0
BRDA:191,56,1,0
BRDA:191,56,2,0
BRDA:191,57,0,0
BRDA:191,57,1,0
BRDA:191,58,0,0
BRDA:191,58,1,0
BRDA:192,59,0,0
BRDA:192,59,1,0
BRDA:192,60,0,0
BRDA:192,60,1,0
BRDA:192,61,0,0
BRDA:192,61,1,0
BRDA:193,62,0,0
BRDA:193,62,1,0
BRDA:196,63,0,0
BRDA:196,63,1,0
BRDA:196,64,0,0
BRDA:196,64,1,0
BRDA:199,65,0,0
BRDA:199,65,1,0
BRDA:199,66,0,0
BRDA:199,66,1,0
BRDA:214,67,0,0
BRDA:214,67,1,0
BRDA:214,68,0,0
BRDA:214,68,1,0
BRDA:214,69,0,0
BRDA:214,69,1,0
BRDA:222,70,0,0
BRDA:232,71,0,0
BRDA:235,72,0,0
BRDA:237,73,0,0
BRDA:245,74,0,0
BRDA:245,75,0,0
BRDA:245,75,1,0
BRDA:245,76,0,0
BRDA:245,76,1,0
BRDA:245,77,0,0
BRDA:245,77,1,0
BRDA:245,78,0,0
BRDA:245,78,1,0
BRDA:249,79,0,0
BRDA:249,79,1,0
BRDA:249,80,0,0
BRDA:249,80,1,0
BRDA:249,81,0,0
BRDA:249,81,1,0
BRDA:249,82,0,0
BRDA:249,82,1,0
BRDA:249,83,0,0
BRDA:249,83,1,0
BRDA:257,84,0,0
BRDA:257,85,0,0
BRDA:257,85,1,0
BRDA:266,86,0,0
BRDA:278,87,0,0
BRDA:278,87,1,0
BRDA:278,87,2,0
BRDA:280,88,0,0
BRDA:280,88,1,0
BRDA:281,89,0,0
BRDA:281,89,1,0
BRDA:282,90,0,0
BRDA:282,90,1,0
BRDA:283,91,0,0
BRDA:283,91,1,0
BRDA:284,92,0,0
BRDA:284,92,1,0
BRDA:284,93,0,0
BRDA:284,93,1,0
BRDA:289,94,0,0
BRDA:292,95,0,0
BRDA:294,96,0,0
BRDA:294,96,1,0
BRDA:297,97,0,0
BRDA:297,97,1,0
BRDA:301,98,0,0
BRDA:301,98,1,0
BRDA:301,99,0,0
BRDA:301,99,1,0
BRDA:302,100,0,0
BRDA:302,100,1,0
BRDA:306,101,0,0
BRF:203
BRH:0
end_of_record
TN:
SF:src\llm\llm-logs.service.ts
FN:38,(anonymous_2)
FN:40,(anonymous_3)
FN:64,(anonymous_4)
FN:91,(anonymous_5)
FNF:4
FNH:0
FNDA:0,(anonymous_2)
FNDA:0,(anonymous_3)
FNDA:0,(anonymous_4)
FNDA:0,(anonymous_5)
DA:1,1
DA:3,1
DA:37,1
DA:38,0
DA:41,0
DA:65,0
DA:66,0
DA:67,0
DA:78,0
DA:88,0
DA:92,0
DA:97,0
DA:98,0
LF:13
LH:3
BRDA:65,0,0,0
BRDA:65,0,1,0
BRDA:65,1,0,0
BRDA:65,1,1,0
BRDA:66,2,0,0
BRDA:66,2,1,0
BRDA:66,3,0,0
BRDA:66,3,1,0
BRDA:68,4,0,0
BRDA:68,4,1,0
BRDA:69,5,0,0
BRDA:69,5,1,0
BRDA:70,6,0,0
BRDA:70,6,1,0
BRDA:71,7,0,0
BRDA:71,7,1,0
BRDA:93,8,0,0
BRDA:93,8,1,0
BRDA:94,9,0,0
BRDA:94,9,1,0
BRF:20
BRH:0
end_of_record
TN:
SF:src\ocr\baidu-ocr.service.ts
FN:24,(anonymous_2)
FN:30,(anonymous_3)
FN:62,(anonymous_4)
FN:71,(anonymous_5)
FN:99,(anonymous_6)
FN:146,(anonymous_7)
FN:154,(anonymous_8)
FN:172,(anonymous_9)
FN:185,(anonymous_10)
FN:192,(anonymous_11)
FN:216,(anonymous_12)
FNF:11
FNH:0
FNDA:0,(anonymous_2)
FNDA:0,(anonymous_3)
FNDA:0,(anonymous_4)
FNDA:0,(anonymous_5)
FNDA:0,(anonymous_6)
FNDA:0,(anonymous_7)
FNDA:0,(anonymous_8)
FNDA:0,(anonymous_9)
FNDA:0,(anonymous_10)
FNDA:0,(anonymous_11)
FNDA:0,(anonymous_12)
DA:1,0
DA:2,0
DA:3,0
DA:12,0
DA:13,0
DA:18,0
DA:19,0
DA:21,0
DA:22,0
DA:24,0
DA:25,0
DA:26,0
DA:27,0
DA:31,0
DA:33,0
DA:34,0
DA:37,0
DA:40,0
DA:42,0
DA:43,0
DA:45,0
DA:56,0
DA:58,0
DA:59,0
DA:62,0
DA:64,0
DA:65,0
DA:68,0
DA:72,0
DA:73,0
DA:75,0
DA:76,0
DA:83,0
DA:84,0
DA:85,0
DA:90,0
DA:91,0
DA:100,0
DA:101,0
DA:104,0
DA:105,0
DA:109,0
DA:115,0
DA:123,0
DA:124,0
DA:127,0
DA:129,0
DA:130,0
DA:133,0
DA:134,0
DA:138,0
DA:139,0
DA:140,0
DA:142,0
DA:143,0
DA:151,0
DA:152,0
DA:153,0
DA:154,0
DA:156,0
DA:161,0
DA:164,0
DA:165,0
DA:166,0
DA:169,0
DA:170,0
DA:171,0
DA:172,0
DA:173,0
DA:178,0
DA:180,0
DA:181,0
DA:183,0
DA:184,0
DA:185,0
DA:189,0
DA:193,0
DA:195,0
DA:199,0
DA:202,0
DA:207,0
DA:208,0
DA:209,0
DA:212,0
DA:217,0
LF:85
LH:0
BRDA:25,0,0,0
BRDA:25,0,1,0
BRDA:26,1,0,0
BRDA:26,1,1,0
BRDA:27,2,0,0
BRDA:27,2,1,0
BRDA:33,3,0,0
BRDA:33,4,0,0
BRDA:33,4,1,0
BRDA:58,5,0,0
BRDA:62,6,0,0
BRDA:62,6,1,0
BRDA:62,7,0,0
BRDA:62,7,1,0
BRDA:62,8,0,0
BRDA:62,8,1,0
BRDA:64,9,0,0
BRDA:75,10,0,0
BRDA:75,11,0,0
BRDA:75,11,1,0
BRDA:90,12,0,0
BRDA:90,12,1,0
BRDA:100,13,0,0
BRDA:100,13,1,0
BRDA:100,14,0,0
BRDA:100,14,1,0
BRDA:104,15,0,0
BRDA:104,16,0,0
BRDA:104,16,1,0
BRDA:123,17,0,0
BRDA:129,18,0,0
BRDA:133,19,0,0
BRDA:149,20,0,0
BRDA:164,21,0,0
BRDA:166,22,0,0
BRDA:166,23,0,0
BRDA:166,23,1,0
BRDA:166,23,2,0
BRDA:169,24,0,0
BRDA:180,25,0,0
BRDA:193,26,0,0
BRDA:193,26,1,0
BRDA:195,27,0,0
BRDA:195,27,1,0
BRDA:195,27,2,0
BRDA:195,27,3,0
BRDA:195,27,4,0
BRDA:195,27,5,0
BRDA:195,27,6,0
BRDA:218,28,0,0
BRDA:218,28,1,0
BRDA:218,29,0,0
BRDA:218,29,1,0
BRDA:218,30,0,0
BRDA:218,30,1,0
BRDA:218,31,0,0
BRDA:218,31,1,0
BRDA:218,32,0,0
BRDA:218,32,1,0
BRDA:219,33,0,0
BRDA:219,33,1,0
BRDA:219,34,0,0
BRDA:219,34,1,0
BRDA:219,35,0,0
BRDA:219,35,1,0
BRDA:219,36,0,0
BRDA:219,36,1,0
BRDA:219,37,0,0
BRDA:219,37,1,0
BRDA:220,38,0,0
BRDA:220,38,1,0
BRDA:220,39,0,0
BRDA:220,39,1,0
BRDA:220,40,0,0
BRDA:220,40,1,0
BRDA:220,41,0,0
BRDA:220,41,1,0
BRF:77
BRH:0
end_of_record
TN:
SF:src\ocr\ocr.types.ts
FN:32,(anonymous_0)
FNF:1
FNH:0
FNDA:0,(anonymous_0)
DA:32,0
DA:33,0
DA:34,0
DA:35,0
DA:36,0
DA:37,0
DA:38,0
DA:39,0
DA:40,0
DA:41,0
DA:42,0
LF:11
LH:0
BRDA:32,0,0,0
BRDA:32,0,1,0
BRF:2
BRH:0
end_of_record
TN:
SF:src\prisma\prisma.service.ts
FN:9,(anonymous_1)
FN:13,(anonymous_2)
FNF:2
FNH:0
FNDA:0,(anonymous_1)
FNDA:0,(anonymous_2)
DA:1,3
DA:2,3
DA:5,3
DA:10,0
DA:14,0
LF:5
LH:3
BRF:0
BRH:0
end_of_record
TN:
SF:src\public\public.controller.ts
FN:7,(anonymous_4)
FN:10,(anonymous_5)
FNF:2
FNH:0
FNDA:0,(anonymous_4)
FNDA:0,(anonymous_5)
DA:1,0
DA:2,0
DA:3,0
DA:6,0
DA:7,0
DA:10,0
DA:11,0
LF:7
LH:0
BRF:0
BRH:0
end_of_record
TN:
SF:src\public\public.service.ts
FN:10,(anonymous_2)
FN:12,(anonymous_3)
FNF:2
FNH:0
FNDA:0,(anonymous_2)
FNDA:0,(anonymous_3)
DA:1,0
DA:2,0
DA:3,0
DA:6,0
DA:9,0
DA:10,0
DA:13,0
DA:14,0
DA:16,0
DA:24,0
DA:26,0
LF:11
LH:0
BRDA:13,0,0,0
BRDA:13,0,1,0
BRDA:13,1,0,0
BRDA:13,1,1,0
BRDA:24,2,0,0
BRDA:24,2,1,0
BRF:6
BRH:0
end_of_record
TN:
SF:src\public\dto\public-overview-query.dto.ts
FN:6,(anonymous_2)
FNF:1
FNH:0
FNDA:0,(anonymous_2)
DA:1,0
DA:2,0
DA:4,0
DA:6,0
DA:10,0
LF:5
LH:0
BRF:0
BRH:0
end_of_record
TN:
SF:src\queue\queue.controller.ts
FN:7,(anonymous_4)
FN:10,(anonymous_5)
FNF:2
FNH:0
FNDA:0,(anonymous_4)
FNDA:0,(anonymous_5)
DA:1,0
DA:2,0
DA:3,0
DA:6,0
DA:7,0
DA:10,0
DA:11,0
DA:12,0
LF:8
LH:0
BRF:0
BRH:0
end_of_record
TN:
SF:src\queue\queue.service.ts
FN:11,(anonymous_4)
FN:13,(anonymous_5)
FN:23,(anonymous_6)
FN:33,(anonymous_7)
FN:43,(anonymous_8)
FN:51,(anonymous_9)
FN:73,(anonymous_10)
FN:89,(anonymous_11)
FN:103,(anonymous_12)
FN:108,(anonymous_13)
FN:113,(anonymous_14)
FN:122,(anonymous_15)
FN:138,(anonymous_16)
FN:146,(anonymous_17)
FN:164,(anonymous_18)
FN:169,(anonymous_19)
FN:177,(anonymous_20)
FN:179,(anonymous_21)
FNF:18
FNH:0
FNDA:0,(anonymous_4)
FNDA:0,(anonymous_5)
FNDA:0,(anonymous_6)
FNDA:0,(anonymous_7)
FNDA:0,(anonymous_8)
FNDA:0,(anonymous_9)
FNDA:0,(anonymous_10)
FNDA:0,(anonymous_11)
FNDA:0,(anonymous_12)
FNDA:0,(anonymous_13)
FNDA:0,(anonymous_14)
FNDA:0,(anonymous_15)
FNDA:0,(anonymous_16)
FNDA:0,(anonymous_17)
FNDA:0,(anonymous_18)
FNDA:0,(anonymous_19)
FNDA:0,(anonymous_20)
FNDA:0,(anonymous_21)
DA:1,1
DA:2,1
DA:4,1
DA:7,1
DA:8,0
DA:9,0
DA:11,0
DA:14,0
DA:18,0
DA:19,0
DA:20,0
DA:27,0
DA:28,0
DA:29,0
DA:30,0
DA:37,0
DA:38,0
DA:39,0
DA:40,0
DA:44,0
DA:45,0
DA:46,0
DA:47,0
DA:48,0
DA:50,0
DA:51,0
DA:64,0
DA:74,0
DA:75,0
DA:76,0
DA:77,0
DA:78,0
DA:79,0
DA:80,0
DA:81,0
DA:83,0
DA:86,0
DA:90,0
DA:91,0
DA:92,0
DA:93,0
DA:94,0
DA:95,0
DA:96,0
DA:97,0
DA:98,0
DA:100,0
DA:104,0
DA:105,0
DA:109,0
DA:110,0
DA:114,0
DA:115,0
DA:117,0
DA:123,0
DA:124,0
DA:126,0
DA:127,0
DA:129,0
DA:130,0
DA:132,0
DA:133,0
DA:135,0
DA:139,0
DA:140,0
DA:142,0
DA:150,0
DA:151,0
DA:152,0
DA:153,0
DA:155,0
DA:156,0
DA:158,0
DA:160,0
DA:165,0
DA:166,0
DA:168,0
DA:169,0
DA:170,0
DA:171,0
DA:174,0
DA:178,0
DA:179,0
DA:180,0
DA:181,0
DA:183,0
LF:86
LH:4
BRDA:15,0,0,0
BRDA:15,0,1,0
BRDA:25,1,0,0
BRDA:35,2,0,0
BRDA:43,3,0,0
BRDA:44,4,0,0
BRDA:44,4,1,0
BRDA:44,5,0,0
BRDA:44,5,1,0
BRDA:57,6,0,0
BRDA:57,6,1,0
BRDA:58,7,0,0
BRDA:58,7,1,0
BRDA:59,8,0,0
BRDA:59,8,1,0
BRDA:73,9,0,0
BRDA:89,10,0,0
BRDA:90,11,0,0
BRDA:90,11,1,0
BRDA:90,12,0,0
BRDA:90,12,1,0
BRDA:91,13,0,0
BRDA:91,13,1,0
BRDA:91,14,0,0
BRDA:91,14,1,0
BRDA:114,15,0,0
BRDA:114,16,0,0
BRDA:114,16,1,0
BRDA:123,17,0,0
BRDA:123,18,0,0
BRDA:123,18,1,0
BRDA:126,19,0,0
BRDA:129,20,0,0
BRDA:129,21,0,0
BRDA:129,21,1,0
BRDA:129,21,2,0
BRDA:129,21,3,0
BRDA:132,22,0,0
BRDA:152,23,0,0
BRDA:155,24,0,0
BRDA:160,25,0,0
BRDA:160,25,1,0
BRDA:165,26,0,0
BRDA:170,27,0,0
BRDA:180,28,0,0
BRDA:180,28,1,0
BRDA:181,29,0,0
BRDA:181,29,1,0
BRDA:181,30,0,0
BRDA:181,30,1,0
BRDA:181,31,0,0
BRDA:181,31,1,0
BRDA:181,32,0,0
BRDA:181,32,1,0
BRF:54
BRH:0
end_of_record
TN:
SF:src\queue\dto\create-demo-job.dto.ts
FNF:0
FNH:0
DA:1,0
DA:3,0
DA:6,0
LF:3
LH:0
BRF:0
BRH:0
end_of_record
TN:
SF:src\reports\reports.controller.ts
FN:14,(anonymous_4)
FN:18,(anonymous_5)
FN:28,(anonymous_6)
FN:45,(anonymous_7)
FN:63,(anonymous_8)
FN:73,(anonymous_9)
FNF:6
FNH:0
FNDA:0,(anonymous_4)
FNDA:0,(anonymous_5)
FNDA:0,(anonymous_6)
FNDA:0,(anonymous_7)
FNDA:0,(anonymous_8)
FNDA:0,(anonymous_9)
DA:1,0
DA:2,0
DA:4,0
DA:5,0
DA:6,0
DA:8,0
DA:9,0
DA:13,0
DA:14,0
DA:18,0
DA:23,0
DA:28,0
DA:34,0
DA:35,0
DA:36,0
DA:40,0
DA:45,0
DA:51,0
DA:52,0
DA:53,0
DA:57,0
DA:58,0
DA:63,0
DA:68,0
DA:73,0
DA:79,0
DA:80,0
DA:81,0
DA:85,0
DA:86,0
LF:30
LH:0
BRF:0
BRH:0
end_of_record
TN:
SF:src\reports\reports.service.ts
FN:60,(anonymous_2)
FN:62,(anonymous_3)
FN:118,(anonymous_4)
FN:158,(anonymous_5)
FN:161,(anonymous_6)
FN:165,(anonymous_7)
FN:174,(anonymous_8)
FN:195,(anonymous_9)
FN:200,(anonymous_10)
FN:205,(anonymous_11)
FN:210,(anonymous_12)
FN:219,(anonymous_13)
FN:224,(anonymous_14)
FN:229,(anonymous_15)
FN:234,(anonymous_16)
FN:241,(anonymous_17)
FN:279,(anonymous_18)
FN:283,(anonymous_19)
FN:292,(anonymous_20)
FN:305,(anonymous_21)
FN:310,(anonymous_22)
FN:315,(anonymous_23)
FN:320,(anonymous_24)
FN:325,(anonymous_25)
FN:330,(anonymous_26)
FN:337,(anonymous_27)
FN:359,(anonymous_28)
FN:389,(anonymous_29)
FN:395,(anonymous_30)
FN:399,(anonymous_31)
FN:400,(anonymous_32)
FN:403,(anonymous_33)
FN:408,(anonymous_34)
FN:421,(anonymous_35)
FN:431,(anonymous_36)
FN:435,(anonymous_37)
FN:441,(anonymous_38)
FN:447,(anonymous_39)
FN:485,(anonymous_40)
FN:490,(anonymous_41)
FN:503,(anonymous_42)
FN:508,(anonymous_43)
FN:511,(anonymous_44)
FN:529,(anonymous_45)
FN:535,(anonymous_46)
FN:539,(anonymous_47)
FN:556,(anonymous_48)
FN:557,(anonymous_49)
FN:561,(anonymous_50)
FN:567,(anonymous_51)
FN:576,(anonymous_52)
FN:581,(anonymous_53)
FN:584,(anonymous_54)
FN:591,(anonymous_55)
FN:595,(anonymous_56)
FN:599,(anonymous_57)
FN:603,(anonymous_58)
FN:639,(anonymous_59)
FN:643,(anonymous_60)
FN:661,(anonymous_61)
FN:663,(anonymous_62)
FN:676,(anonymous_63)
FN:677,(anonymous_64)
FN:680,(anonymous_65)
FN:681,(anonymous_66)
FN:682,(anonymous_67)
FN:688,(anonymous_68)
FN:692,(anonymous_69)
FN:696,(anonymous_70)
FN:704,(anonymous_71)
FN:705,(anonymous_72)
FN:710,(anonymous_73)
FN:714,(anonymous_74)
FNF:73
FNH:0
FNDA:0,(anonymous_2)
FNDA:0,(anonymous_3)
FNDA:0,(anonymous_4)
FNDA:0,(anonymous_5)
FNDA:0,(anonymous_6)
FNDA:0,(anonymous_7)
FNDA:0,(anonymous_8)
FNDA:0,(anonymous_9)
FNDA:0,(anonymous_10)
FNDA:0,(anonymous_11)
FNDA:0,(anonymous_12)
FNDA:0,(anonymous_13)
FNDA:0,(anonymous_14)
FNDA:0,(anonymous_15)
FNDA:0,(anonymous_16)
FNDA:0,(anonymous_17)
FNDA:0,(anonymous_18)
FNDA:0,(anonymous_19)
FNDA:0,(anonymous_20)
FNDA:0,(anonymous_21)
FNDA:0,(anonymous_22)
FNDA:0,(anonymous_23)
FNDA:0,(anonymous_24)
FNDA:0,(anonymous_25)
FNDA:0,(anonymous_26)
FNDA:0,(anonymous_27)
FNDA:0,(anonymous_28)
FNDA:0,(anonymous_29)
FNDA:0,(anonymous_30)
FNDA:0,(anonymous_31)
FNDA:0,(anonymous_32)
FNDA:0,(anonymous_33)
FNDA:0,(anonymous_34)
FNDA:0,(anonymous_35)
FNDA:0,(anonymous_36)
FNDA:0,(anonymous_37)
FNDA:0,(anonymous_38)
FNDA:0,(anonymous_39)
FNDA:0,(anonymous_40)
FNDA:0,(anonymous_41)
FNDA:0,(anonymous_42)
FNDA:0,(anonymous_43)
FNDA:0,(anonymous_44)
FNDA:0,(anonymous_45)
FNDA:0,(anonymous_46)
FNDA:0,(anonymous_47)
FNDA:0,(anonymous_48)
FNDA:0,(anonymous_49)
FNDA:0,(anonymous_50)
FNDA:0,(anonymous_51)
FNDA:0,(anonymous_52)
FNDA:0,(anonymous_53)
FNDA:0,(anonymous_54)
FNDA:0,(anonymous_55)
FNDA:0,(anonymous_56)
FNDA:0,(anonymous_57)
FNDA:0,(anonymous_58)
FNDA:0,(anonymous_59)
FNDA:0,(anonymous_60)
FNDA:0,(anonymous_61)
FNDA:0,(anonymous_62)
FNDA:0,(anonymous_63)
FNDA:0,(anonymous_64)
FNDA:0,(anonymous_65)
FNDA:0,(anonymous_66)
FNDA:0,(anonymous_67)
FNDA:0,(anonymous_68)
FNDA:0,(anonymous_69)
FNDA:0,(anonymous_70)
FNDA:0,(anonymous_71)
FNDA:0,(anonymous_72)
FNDA:0,(anonymous_73)
FNDA:0,(anonymous_74)
DA:1,0
DA:2,0
DA:3,0
DA:4,0
DA:5,0
DA:6,0
DA:12,0
DA:59,0
DA:60,0
DA:67,0
DA:68,0
DA:69,0
DA:70,0
DA:72,0
DA:73,0
DA:80,0
DA:81,0
DA:82,0
DA:84,0
DA:100,0
DA:102,0
DA:119,0
DA:120,0
DA:121,0
DA:123,0
DA:139,0
DA:143,0
DA:144,0
DA:158,0
DA:162,0
DA:163,0
DA:164,0
DA:165,0
DA:166,0
DA:167,0
DA:174,0
DA:175,0
DA:181,0
DA:182,0
DA:183,0
DA:184,0
DA:186,0
DA:195,0
DA:196,0
DA:197,0
DA:198,0
DA:200,0
DA:201,0
DA:205,0
DA:206,0
DA:207,0
DA:208,0
DA:210,0
DA:211,0
DA:219,0
DA:220,0
DA:221,0
DA:222,0
DA:224,0
DA:225,0
DA:229,0
DA:230,0
DA:231,0
DA:232,0
DA:234,0
DA:235,0
DA:246,0
DA:247,0
DA:248,0
DA:250,0
DA:266,0
DA:268,0
DA:280,0
DA:281,0
DA:282,0
DA:283,0
DA:284,0
DA:285,0
DA:292,0
DA:293,0
DA:294,0
DA:295,0
DA:297,0
DA:305,0
DA:306,0
DA:307,0
DA:308,0
DA:310,0
DA:311,0
DA:315,0
DA:316,0
DA:317,0
DA:318,0
DA:320,0
DA:321,0
DA:325,0
DA:326,0
DA:327,0
DA:328,0
DA:330,0
DA:331,0
DA:338,0
DA:339,0
DA:340,0
DA:341,0
DA:343,0
DA:346,0
DA:347,0
DA:350,0
DA:351,0
DA:353,0
DA:356,0
DA:360,0
DA:361,0
DA:362,0
DA:365,0
DA:366,0
DA:369,0
DA:370,0
DA:371,0
DA:373,0
DA:376,0
DA:377,0
DA:385,0
DA:386,0
DA:389,0
DA:392,0
DA:398,0
DA:399,0
DA:400,0
DA:404,0
DA:405,0
DA:408,0
DA:409,0
DA:410,0
DA:411,0
DA:413,0
DA:422,0
DA:430,0
DA:431,0
DA:433,0
DA:434,0
DA:435,0
DA:436,0
DA:437,0
DA:441,0
DA:451,0
DA:453,0
DA:454,0
DA:455,0
DA:457,0
DA:458,0
DA:459,0
DA:460,0
DA:461,0
DA:464,0
DA:465,0
DA:469,0
DA:470,0
DA:471,0
DA:472,0
DA:473,0
DA:474,0
DA:475,0
DA:482,0
DA:488,0
DA:489,0
DA:490,0
DA:491,0
DA:493,0
DA:494,0
DA:495,0
DA:496,0
DA:497,0
DA:498,0
DA:502,0
DA:503,0
DA:508,0
DA:512,0
DA:514,0
DA:515,0
DA:516,0
DA:518,0
DA:523,0
DA:524,0
DA:525,0
DA:528,0
DA:529,0
DA:535,0
DA:542,0
DA:544,0
DA:545,0
DA:546,0
DA:547,0
DA:548,0
DA:549,0
DA:551,0
DA:555,0
DA:556,0
DA:557,0
DA:562,0
DA:563,0
DA:564,0
DA:566,0
DA:568,0
DA:569,0
DA:571,0
DA:572,0
DA:577,0
DA:578,0
DA:579,0
DA:581,0
DA:585,0
DA:586,0
DA:588,0
DA:592,0
DA:596,0
DA:600,0
DA:604,0
DA:605,0
DA:607,0
DA:608,0
DA:613,0
DA:631,0
DA:632,0
DA:633,0
DA:636,0
DA:640,0
DA:644,0
DA:645,0
DA:647,0
DA:662,0
DA:664,0
DA:665,0
DA:667,0
DA:668,0
DA:669,0
DA:671,0
DA:677,0
DA:678,0
DA:679,0
DA:680,0
DA:681,0
DA:682,0
DA:683,0
DA:684,0
DA:689,0
DA:690,0
DA:691,0
DA:692,0
DA:693,0
DA:697,0
DA:698,0
DA:699,0
DA:700,0
DA:701,0
DA:705,0
DA:706,0
DA:711,0
DA:715,0
LF:260
LH:0
BRDA:68,0,0,0
BRDA:68,0,1,0
BRDA:68,1,0,0
BRDA:68,1,1,0
BRDA:69,2,0,0
BRDA:69,2,1,0
BRDA:69,3,0,0
BRDA:69,3,1,0
BRDA:82,4,0,0
BRDA:82,4,1,0
BRDA:120,5,0,0
BRDA:120,5,1,0
BRDA:120,6,0,0
BRDA:120,6,1,0
BRDA:152,7,0,0
BRDA:152,7,1,0
BRDA:152,8,0,0
BRDA:152,8,1,0
BRDA:167,9,0,0
BRDA:167,9,1,0
BRDA:168,10,0,0
BRDA:168,10,1,0
BRDA:169,11,0,0
BRDA:169,11,1,0
BRDA:170,12,0,0
BRDA:170,12,1,0
BRDA:171,13,0,0
BRDA:171,13,1,0
BRDA:174,14,0,0
BRDA:174,14,1,0
BRDA:176,15,0,0
BRDA:176,15,1,0
BRDA:177,16,0,0
BRDA:177,16,1,0
BRDA:178,17,0,0
BRDA:178,17,1,0
BRDA:179,18,0,0
BRDA:179,18,1,0
BRDA:181,19,0,0
BRDA:183,20,0,0
BRDA:183,20,1,0
BRDA:188,21,0,0
BRDA:188,21,1,0
BRDA:189,22,0,0
BRDA:189,22,1,0
BRDA:190,23,0,0
BRDA:190,23,1,0
BRDA:191,24,0,0
BRDA:191,24,1,0
BRDA:195,25,0,0
BRDA:195,25,1,0
BRDA:196,26,0,0
BRDA:197,27,0,0
BRDA:197,27,1,0
BRDA:205,28,0,0
BRDA:205,28,1,0
BRDA:206,29,0,0
BRDA:207,30,0,0
BRDA:207,30,1,0
BRDA:212,31,0,0
BRDA:212,31,1,0
BRDA:219,32,0,0
BRDA:219,32,1,0
BRDA:220,33,0,0
BRDA:221,34,0,0
BRDA:221,34,1,0
BRDA:225,35,0,0
BRDA:225,35,1,0
BRDA:229,36,0,0
BRDA:229,36,1,0
BRDA:230,37,0,0
BRDA:231,38,0,0
BRDA:231,38,1,0
BRDA:247,39,0,0
BRDA:247,39,1,0
BRDA:247,40,0,0
BRDA:247,40,1,0
BRDA:256,41,0,0
BRDA:256,41,1,0
BRDA:285,42,0,0
BRDA:285,42,1,0
BRDA:286,43,0,0
BRDA:286,43,1,0
BRDA:287,44,0,0
BRDA:287,44,1,0
BRDA:288,45,0,0
BRDA:288,45,1,0
BRDA:289,46,0,0
BRDA:289,46,1,0
BRDA:292,47,0,0
BRDA:292,47,1,0
BRDA:293,48,0,0
BRDA:294,49,0,0
BRDA:294,49,1,0
BRDA:298,50,0,0
BRDA:298,50,1,0
BRDA:299,51,0,0
BRDA:299,51,1,0
BRDA:300,52,0,0
BRDA:300,52,1,0
BRDA:301,53,0,0
BRDA:301,53,1,0
BRDA:305,54,0,0
BRDA:305,54,1,0
BRDA:306,55,0,0
BRDA:307,56,0,0
BRDA:307,56,1,0
BRDA:311,57,0,0
BRDA:311,57,1,0
BRDA:315,58,0,0
BRDA:315,58,1,0
BRDA:316,59,0,0
BRDA:317,60,0,0
BRDA:317,60,1,0
BRDA:325,61,0,0
BRDA:325,61,1,0
BRDA:326,62,0,0
BRDA:327,63,0,0
BRDA:327,63,1,0
BRDA:331,64,0,0
BRDA:331,64,1,0
BRDA:338,65,0,0
BRDA:340,66,0,0
BRDA:346,67,0,0
BRDA:350,68,0,0
BRDA:361,69,0,0
BRDA:365,70,0,0
BRDA:369,71,0,0
BRDA:370,72,0,0
BRDA:376,73,0,0
BRDA:385,74,0,0
BRDA:400,75,0,0
BRDA:400,75,1,0
BRDA:404,76,0,0
BRDA:435,77,0,0
BRDA:435,77,1,0
BRDA:436,78,0,0
BRDA:437,79,0,0
BRDA:437,79,1,0
BRDA:443,80,0,0
BRDA:443,80,1,0
BRDA:454,81,0,0
BRDA:454,82,0,0
BRDA:454,82,1,0
BRDA:458,83,0,0
BRDA:458,83,1,0
BRDA:474,84,0,0
BRDA:474,84,1,0
BRDA:474,85,0,0
BRDA:474,85,1,0
BRDA:474,86,0,0
BRDA:474,86,1,0
BRDA:477,87,0,0
BRDA:477,87,1,0
BRDA:496,88,0,0
BRDA:496,88,1,0
BRDA:497,89,0,0
BRDA:497,89,1,0
BRDA:506,90,0,0
BRDA:506,90,1,0
BRDA:508,91,0,0
BRDA:508,91,1,0
BRDA:515,92,0,0
BRDA:515,93,0,0
BRDA:515,93,1,0
BRDA:518,94,0,0
BRDA:518,94,1,0
BRDA:532,95,0,0
BRDA:532,95,1,0
BRDA:535,96,0,0
BRDA:535,96,1,0
BRDA:548,97,0,0
BRDA:551,98,0,0
BRDA:551,98,1,0
BRDA:563,99,0,0
BRDA:563,100,0,0
BRDA:563,100,1,0
BRDA:568,101,0,0
BRDA:568,102,0,0
BRDA:568,102,1,0
BRDA:572,103,0,0
BRDA:572,103,1,0
BRDA:578,104,0,0
BRDA:578,105,0,0
BRDA:578,105,1,0
BRDA:585,106,0,0
BRDA:585,107,0,0
BRDA:585,107,1,0
BRDA:585,107,2,0
BRDA:604,108,0,0
BRDA:607,109,0,0
BRDA:607,109,1,0
BRDA:607,109,2,0
BRDA:608,110,0,0
BRDA:608,110,1,0
BRDA:609,111,0,0
BRDA:609,111,1,0
BRDA:632,112,0,0
BRDA:632,113,0,0
BRDA:632,113,1,0
BRDA:640,114,0,0
BRDA:640,114,1,0
BRDA:644,115,0,0
BRDA:664,116,0,0
BRDA:664,117,0,0
BRDA:664,117,1,0
BRDA:668,118,0,0
BRDA:668,119,0,0
BRDA:668,119,1,0
BRDA:668,119,2,0
BRF:210
BRH:0
end_of_record
TN:
SF:src\reports\student-reports.controller.ts
FN:15,(anonymous_4)
FN:18,(anonymous_5)
FN:23,(anonymous_6)
FNF:3
FNH:0
FNDA:0,(anonymous_4)
FNDA:0,(anonymous_5)
FNDA:0,(anonymous_6)
DA:1,0
DA:2,0
DA:4,0
DA:5,0
DA:6,0
DA:8,0
DA:9,0
DA:14,0
DA:15,0
DA:18,0
DA:19,0
DA:23,0
DA:28,0
DA:29,0
DA:30,0
DA:31,0
DA:32,0
LF:17
LH:0
BRF:0
BRH:0
end_of_record
TN:
SF:src\reports\dto\report-range-query.dto.ts
FN:6,(anonymous_2)
FN:13,(anonymous_3)
FNF:2
FNH:0
FNDA:0,(anonymous_2)
FNDA:0,(anonymous_3)
DA:1,0
DA:2,0
DA:4,0
DA:6,0
DA:10,0
DA:13,0
DA:17,0
DA:21,0
LF:8
LH:0
BRF:0
BRH:0
end_of_record
TN:
SF:src\retention\retention.controller.ts
FN:12,(anonymous_4)
FN:16,(anonymous_5)
FN:27,(anonymous_6)
FNF:3
FNH:0
FNDA:0,(anonymous_4)
FNDA:0,(anonymous_5)
FNDA:0,(anonymous_6)
DA:1,0
DA:2,0
DA:3,0
DA:4,0
DA:5,0
DA:6,0
DA:7,0
DA:11,0
DA:12,0
DA:16,0
DA:17,0
DA:27,0
DA:28,0
LF:13
LH:0
BRF:0
BRH:0
end_of_record
TN:
SF:src\retention\retention.service.ts
FN:18,(anonymous_2)
FN:30,(anonymous_3)
FN:39,(anonymous_4)
FN:79,(anonymous_5)
FN:141,(anonymous_6)
FN:156,(anonymous_7)
FN:173,(anonymous_8)
FNF:7
FNH:0
FNDA:0,(anonymous_2)
FNDA:0,(anonymous_3)
FNDA:0,(anonymous_4)
FNDA:0,(anonymous_5)
FNDA:0,(anonymous_6)
FNDA:0,(anonymous_7)
FNDA:0,(anonymous_8)
DA:1,0
DA:2,0
DA:3,0
DA:4,0
DA:5,0
DA:6,0
DA:9,0
DA:12,0
DA:13,0
DA:19,0
DA:20,0
DA:21,0
DA:24,0
DA:25,0
DA:26,0
DA:30,0
DA:31,0
DA:32,0
DA:33,0
DA:36,0
DA:40,0
DA:41,0
DA:42,0
DA:43,0
DA:45,0
DA:46,0
DA:59,0
DA:60,0
DA:62,0
DA:63,0
DA:64,0
DA:65,0
DA:66,0
DA:69,0
DA:70,0
DA:71,0
DA:72,0
DA:75,0
DA:79,0
DA:81,0
DA:82,0
DA:83,0
DA:84,0
DA:86,0
DA:90,0
DA:91,0
DA:92,0
DA:93,0
DA:96,0
DA:97,0
DA:98,0
DA:100,0
DA:101,0
DA:106,0
DA:107,0
DA:111,0
DA:113,0
DA:114,0
DA:115,0
DA:119,0
DA:120,0
DA:123,0
DA:124,0
DA:128,0
DA:129,0
DA:136,0
DA:138,0
DA:143,0
DA:144,0
DA:157,0
DA:159,0
DA:160,0
DA:165,0
DA:166,0
DA:168,0
DA:169,0
DA:181,0
DA:185,0
DA:186,0
DA:192,0
LF:80
LH:0
BRDA:9,0,0,0
BRDA:9,0,1,0
BRDA:24,1,0,0
BRDA:24,1,1,0
BRDA:25,2,0,0
BRDA:25,2,1,0
BRDA:26,3,0,0
BRDA:26,3,1,0
BRDA:31,4,0,0
BRDA:39,5,0,0
BRDA:41,6,0,0
BRDA:41,6,1,0
BRDA:41,7,0,0
BRDA:41,7,1,0
BRDA:42,8,0,0
BRDA:42,8,1,0
BRDA:42,9,0,0
BRDA:42,9,1,0
BRDA:43,10,0,0
BRDA:43,10,1,0
BRDA:43,11,0,0
BRDA:43,11,1,0
BRDA:64,12,0,0
BRDA:71,13,0,0
BRDA:81,14,0,0
BRDA:83,15,0,0
BRDA:90,16,0,0
BRDA:100,17,0,0
BRDA:114,18,0,0
BRDA:114,18,1,0
BRDA:125,19,0,0
BRDA:125,19,1,0
BRDA:128,20,0,0
BRDA:130,21,0,0
BRDA:130,21,1,0
BRDA:131,22,0,0
BRDA:131,22,1,0
BRDA:136,23,0,0
BRDA:136,23,1,0
BRDA:143,24,0,0
BRDA:143,24,1,0
BRDA:159,25,0,0
BRDA:159,25,1,0
BRDA:168,26,0,0
BRDA:168,26,1,0
BRDA:185,27,0,0
BRF:46
BRH:0
end_of_record
TN:
SF:src\retention\dto\retention-run.dto.ts
FNF:0
FNH:0
DA:1,0
DA:3,0
DA:6,0
DA:11,0
DA:16,0
LF:5
LH:0
BRF:0
BRH:0
end_of_record
TN:
SF:src\storage\storage.service.ts
FN:23,(anonymous_9)
FN:38,(anonymous_10)
FN:55,(anonymous_11)
FN:67,(anonymous_12)
FN:94,(anonymous_13)
FN:114,(anonymous_14)
FN:134,(anonymous_15)
FN:141,(anonymous_16)
FN:155,(anonymous_17)
FN:162,(anonymous_18)
FNF:10
FNH:0
FNDA:0,(anonymous_9)
FNDA:0,(anonymous_10)
FNDA:0,(anonymous_11)
FNDA:0,(anonymous_12)
FNDA:0,(anonymous_13)
FNDA:0,(anonymous_14)
FNDA:0,(anonymous_15)
FNDA:0,(anonymous_16)
FNDA:0,(anonymous_17)
FNDA:0,(anonymous_18)
DA:1,1
DA:10,1
DA:11,1
DA:12,1
DA:16,1
DA:17,0
DA:21,0
DA:24,0
DA:25,0
DA:26,0
DA:27,0
DA:28,0
DA:30,0
DA:39,0
DA:40,0
DA:43,0
DA:44,0
DA:45,0
DA:46,0
DA:48,0
DA:51,0
DA:52,0
DA:56,0
DA:57,0
DA:68,0
DA:69,0
DA:76,0
DA:77,0
DA:80,0
DA:82,0
DA:83,0
DA:86,0
DA:87,0
DA:88,0
DA:91,0
DA:95,0
DA:96,0
DA:97,0
DA:103,0
DA:105,0
DA:106,0
DA:107,0
DA:108,0
DA:110,0
DA:118,0
DA:119,0
DA:120,0
DA:123,0
DA:124,0
DA:125,0
DA:127,0
DA:128,0
DA:129,0
DA:130,0
DA:134,0
DA:140,0
DA:141,0
DA:142,0
DA:143,0
DA:144,0
DA:145,0
DA:147,0
DA:148,0
DA:151,0
DA:152,0
DA:154,0
DA:155,0
DA:159,0
DA:163,0
DA:164,0
DA:165,0
DA:167,0
LF:72
LH:5
BRDA:27,0,0,0
BRDA:27,0,1,0
BRDA:28,1,0,0
BRDA:28,1,1,0
BRDA:34,2,0,0
BRDA:34,2,1,0
BRDA:34,3,0,0
BRDA:34,3,1,0
BRDA:39,4,0,0
BRDA:76,5,0,0
BRDA:82,6,0,0
BRDA:86,7,0,0
BRDA:105,8,0,0
BRDA:105,8,1,0
BRDA:106,9,0,0
BRDA:106,10,0,0
BRDA:106,10,1,0
BRDA:119,11,0,0
BRDA:141,12,0,0
BRDA:141,12,1,0
BRDA:142,13,0,0
BRDA:142,13,1,0
BRDA:143,14,0,0
BRDA:143,14,1,0
BRDA:144,15,0,0
BRDA:144,16,0,0
BRDA:144,16,1,0
BRDA:148,17,0,0
BRDA:148,17,1,0
BRDA:154,18,0,0
BRDA:154,18,1,0
BRDA:165,19,0,0
BRDA:165,19,1,0
BRF:33
BRH:0
end_of_record
TN:
SF:src\submissions\submissions.controller.ts
FN:32,(anonymous_4)
FN:52,(anonymous_5)
FN:62,(anonymous_6)
FN:71,(anonymous_7)
FN:84,(anonymous_8)
FN:93,(anonymous_9)
FN:116,(anonymous_10)
FN:40,(anonymous_11)
FNF:8
FNH:0
FNDA:0,(anonymous_4)
FNDA:0,(anonymous_5)
FNDA:0,(anonymous_6)
FNDA:0,(anonymous_7)
FNDA:0,(anonymous_8)
FNDA:0,(anonymous_9)
FNDA:0,(anonymous_10)
FNDA:0,(anonymous_11)
DA:1,0
DA:15,0
DA:16,0
DA:17,0
DA:20,0
DA:21,0
DA:22,0
DA:24,0
DA:25,0
DA:26,0
DA:27,0
DA:31,0
DA:32,0
DA:42,0
DA:43,0
DA:44,0
DA:45,0
DA:47,0
DA:52,0
DA:57,0
DA:62,0
DA:66,0
DA:71,0
DA:76,0
DA:77,0
DA:78,0
DA:79,0
DA:84,0
DA:85,0
DA:86,0
DA:87,0
DA:90,0
DA:93,0
DA:116,0
DA:121,0
LF:35
LH:0
BRDA:86,0,0,0
BRDA:94,1,0,0
BRDA:94,1,1,0
BRDA:101,2,0,0
BRDA:101,2,1,0
BRDA:44,3,0,0
BRDA:44,3,1,0
BRF:7
BRH:0
end_of_record
TN:
SF:src\submissions\submissions.service.ts
FN:58,(anonymous_9)
FN:65,(anonymous_10)
FN:82,(anonymous_11)
FN:133,(anonymous_12)
FN:175,(anonymous_13)
FN:182,(anonymous_14)
FN:223,(anonymous_15)
FN:235,(anonymous_16)
FN:286,(anonymous_17)
FN:289,(anonymous_18)
FN:312,(anonymous_19)
FN:324,(anonymous_20)
FN:375,(anonymous_21)
FN:378,(anonymous_22)
FN:417,(anonymous_23)
FN:448,(anonymous_24)
FN:468,(anonymous_25)
FN:471,(anonymous_26)
FN:504,(anonymous_27)
FN:520,(anonymous_28)
FN:547,(anonymous_29)
FN:581,(anonymous_30)
FN:620,(anonymous_31)
FN:695,(anonymous_32)
FN:708,(anonymous_33)
FN:740,(anonymous_34)
FN:756,(anonymous_35)
FN:783,(anonymous_36)
FN:785,(anonymous_37)
FN:866,(anonymous_38)
FN:985,(anonymous_39)
FN:1019,(anonymous_40)
FN:1038,(anonymous_41)
FN:1069,(anonymous_42)
FN:1084,(anonymous_43)
FN:1091,(anonymous_44)
FN:1092,(anonymous_45)
FN:1099,(anonymous_46)
FN:1109,(anonymous_47)
FN:1117,(anonymous_48)
FN:1133,(anonymous_49)
FN:1142,(anonymous_50)
FN:1233,(anonymous_51)
FN:1248,(anonymous_52)
FN:1261,(anonymous_53)
FN:1269,(anonymous_54)
FN:1270,(anonymous_55)
FN:1270,(anonymous_56)
FN:1274,(anonymous_57)
FN:1284,(anonymous_58)
FN:1293,(anonymous_59)
FN:1300,(anonymous_60)
FN:1304,(anonymous_61)
FN:1320,(anonymous_62)
FN:1365,(anonymous_63)
FN:1380,(anonymous_64)
FN:1382,(anonymous_65)
FNF:57
FNH:11
FNDA:16,(anonymous_9)
FNDA:7,(anonymous_10)
FNDA:3,(anonymous_11)
FNDA:5,(anonymous_12)
FNDA:2,(anonymous_13)
FNDA:1,(anonymous_14)
FNDA:1,(anonymous_15)
FNDA:0,(anonymous_16)
FNDA:0,(anonymous_17)
FNDA:3,(anonymous_18)
FNDA:1,(anonymous_19)
FNDA:0,(anonymous_20)
FNDA:0,(anonymous_21)
FNDA:0,(anonymous_22)
FNDA:0,(anonymous_23)
FNDA:0,(anonymous_24)
FNDA:0,(anonymous_25)
FNDA:0,(anonymous_26)
FNDA:0,(anonymous_27)
FNDA:0,(anonymous_28)
FNDA:0,(anonymous_29)
FNDA:0,(anonymous_30)
FNDA:0,(anonymous_31)
FNDA:0,(anonymous_32)
FNDA:0,(anonymous_33)
FNDA:0,(anonymous_34)
FNDA:0,(anonymous_35)
FNDA:0,(anonymous_36)
FNDA:0,(anonymous_37)
FNDA:0,(anonymous_38)
FNDA:2,(anonymous_39)
FNDA:2,(anonymous_40)
FNDA:0,(anonymous_41)
FNDA:0,(anonymous_42)
FNDA:0,(anonymous_43)
FNDA:0,(anonymous_44)
FNDA:0,(anonymous_45)
FNDA:0,(anonymous_46)
FNDA:0,(anonymous_47)
FNDA:0,(anonymous_48)
FNDA:0,(anonymous_49)
FNDA:0,(anonymous_50)
FNDA:0,(anonymous_51)
FNDA:0,(anonymous_52)
FNDA:0,(anonymous_53)
FNDA:0,(anonymous_54)
FNDA:0,(anonymous_55)
FNDA:0,(anonymous_56)
FNDA:0,(anonymous_57)
FNDA:0,(anonymous_58)
FNDA:0,(anonymous_59)
FNDA:0,(anonymous_60)
FNDA:0,(anonymous_61)
FNDA:0,(anonymous_62)
FNDA:0,(anonymous_63)
FNDA:0,(anonymous_64)
FNDA:0,(anonymous_65)
DA:1,1
DA:7,1
DA:8,1
DA:9,1
DA:10,1
DA:12,1
DA:13,1
DA:14,1
DA:16,1
DA:17,1
DA:18,1
DA:19,1
DA:39,1
DA:40,1
DA:41,1
DA:42,1
DA:43,1
DA:44,1
DA:47,1
DA:52,1
DA:57,1
DA:59,16
DA:60,16
DA:61,16
DA:62,16
DA:70,7
DA:71,2
DA:74,5
DA:75,1
DA:78,4
DA:79,1
DA:82,3
DA:83,3
DA:84,1
DA:87,2
DA:96,2
DA:97,1
DA:100,1
DA:108,1
DA:110,1
DA:111,1
DA:112,1
DA:113,1
DA:116,1
DA:117,1
DA:121,1
DA:128,1
DA:130,1
DA:134,5
DA:135,1
DA:145,4
DA:146,3
DA:156,1
DA:157,1
DA:172,0
DA:176,2
DA:177,1
DA:179,1
DA:183,1
DA:184,0
DA:187,1
DA:191,1
DA:192,0
DA:195,1
DA:196,0
DA:199,1
DA:200,0
DA:203,1
DA:204,0
DA:210,1
DA:211,0
DA:217,1
DA:223,1
DA:236,0
DA:237,0
DA:240,0
DA:269,0
DA:273,0
DA:274,0
DA:286,0
DA:290,3
DA:291,1
DA:294,2
DA:302,2
DA:303,1
DA:306,1
DA:312,1
DA:325,0
DA:326,0
DA:329,0
DA:337,0
DA:338,0
DA:341,0
DA:347,0
DA:351,0
DA:352,0
DA:353,0
DA:375,0
DA:379,0
DA:380,0
DA:383,0
DA:391,0
DA:392,0
DA:395,0
DA:404,0
DA:405,0
DA:406,0
DA:407,0
DA:408,0
DA:409,0
DA:410,0
DA:414,0
DA:418,0
DA:419,0
DA:422,0
DA:435,0
DA:436,0
DA:439,0
DA:443,0
DA:448,0
DA:449,0
DA:453,0
DA:454,0
DA:455,0
DA:457,0
DA:468,0
DA:472,0
DA:473,0
DA:476,0
DA:484,0
DA:485,0
DA:488,0
DA:493,0
DA:494,0
DA:497,0
DA:504,0
DA:505,0
DA:510,0
DA:511,0
DA:517,0
DA:521,0
DA:522,0
DA:525,0
DA:533,0
DA:534,0
DA:537,0
DA:543,0
DA:544,0
DA:547,0
DA:548,0
DA:554,0
DA:558,0
DA:559,0
DA:560,0
DA:562,0
DA:568,0
DA:569,0
DA:570,0
DA:571,0
DA:572,0
DA:573,0
DA:574,0
DA:575,0
DA:576,0
DA:578,0
DA:581,0
DA:582,0
DA:588,0
DA:589,0
DA:590,0
DA:591,0
DA:592,0
DA:593,0
DA:594,0
DA:595,0
DA:596,0
DA:598,0
DA:602,0
DA:621,0
DA:622,0
DA:625,0
DA:636,0
DA:637,0
DA:640,0
DA:647,0
DA:653,0
DA:654,0
DA:655,0
DA:656,0
DA:657,0
DA:658,0
DA:659,0
DA:660,0
DA:661,0
DA:662,0
DA:663,0
DA:667,0
DA:668,0
DA:669,0
DA:670,0
DA:671,0
DA:672,0
DA:673,0
DA:674,0
DA:676,0
DA:680,0
DA:695,0
DA:709,0
DA:710,0
DA:713,0
DA:721,0
DA:722,0
DA:725,0
DA:730,0
DA:731,0
DA:734,0
DA:740,0
DA:741,0
DA:746,0
DA:747,0
DA:753,0
DA:761,0
DA:762,0
DA:765,0
DA:773,0
DA:774,0
DA:777,0
DA:782,0
DA:783,0
DA:785,0
DA:787,0
DA:788,0
DA:790,0
DA:791,0
DA:792,0
DA:793,0
DA:795,0
DA:796,0
DA:798,0
DA:799,0
DA:800,0
DA:801,0
DA:802,0
DA:804,0
DA:805,0
DA:806,0
DA:807,0
DA:809,0
DA:818,0
DA:819,0
DA:820,0
DA:822,0
DA:823,0
DA:824,0
DA:826,0
DA:834,0
DA:835,0
DA:838,0
DA:839,0
DA:842,0
DA:843,0
DA:844,0
DA:845,0
DA:846,0
DA:852,0
DA:853,0
DA:854,0
DA:856,0
DA:857,0
DA:858,0
DA:860,0
DA:862,0
DA:865,0
DA:866,0
DA:867,0
DA:868,0
DA:874,0
DA:885,0
DA:887,0
DA:888,0
DA:892,0
DA:899,0
DA:918,0
DA:919,0
DA:921,0
DA:922,0
DA:923,0
DA:924,0
DA:925,0
DA:928,0
DA:937,0
DA:939,0
DA:940,0
DA:941,0
DA:942,0
DA:943,0
DA:944,0
DA:945,0
DA:946,0
DA:949,0
DA:950,0
DA:953,0
DA:958,0
DA:966,0
DA:971,0
DA:981,0
DA:990,2
DA:991,2
DA:992,1
DA:995,1
DA:1004,1
DA:1008,1
DA:1015,1
DA:1016,1
DA:1025,2
DA:1026,0
DA:1028,2
DA:1032,2
DA:1043,0
DA:1044,0
DA:1045,0
DA:1046,0
DA:1047,0
DA:1048,0
DA:1052,0
DA:1053,0
DA:1054,0
DA:1057,0
DA:1058,0
DA:1059,0
DA:1060,0
DA:1061,0
DA:1066,0
DA:1075,0
DA:1076,0
DA:1077,0
DA:1078,0
DA:1081,0
DA:1085,0
DA:1086,0
DA:1088,0
DA:1089,0
DA:1090,0
DA:1091,0
DA:1092,0
DA:1093,0
DA:1095,0
DA:1100,0
DA:1101,0
DA:1103,0
DA:1104,0
DA:1106,0
DA:1110,0
DA:1111,0
DA:1112,0
DA:1114,0
DA:1118,0
DA:1120,0
DA:1122,0
DA:1125,0
DA:1129,0
DA:1134,0
DA:1135,0
DA:1136,0
DA:1138,0
DA:1139,0
DA:1151,0
DA:1156,0
DA:1157,0
DA:1160,0
DA:1161,0
DA:1162,0
DA:1163,0
DA:1164,0
DA:1167,0
DA:1168,0
DA:1169,0
DA:1170,0
DA:1173,0
DA:1174,0
DA:1175,0
DA:1176,0
DA:1177,0
DA:1178,0
DA:1181,0
DA:1182,0
DA:1183,0
DA:1186,0
DA:1187,0
DA:1188,0
DA:1189,0
DA:1191,0
DA:1195,0
DA:1196,0
DA:1199,0
DA:1201,0
DA:1204,0
DA:1205,0
DA:1206,0
DA:1208,0
DA:1209,0
DA:1211,0
DA:1216,0
DA:1219,0
DA:1220,0
DA:1221,0
DA:1222,0
DA:1224,0
DA:1234,0
DA:1235,0
DA:1236,0
DA:1237,0
DA:1238,0
DA:1239,0
DA:1240,0
DA:1241,0
DA:1243,0
DA:1245,0
DA:1249,0
DA:1250,0
DA:1251,0
DA:1252,0
DA:1253,0
DA:1254,0
DA:1255,0
DA:1258,0
DA:1262,0
DA:1263,0
DA:1264,0
DA:1266,0
DA:1270,0
DA:1271,0
DA:1281,0
DA:1282,0
DA:1283,0
DA:1284,0
DA:1286,0
DA:1287,0
DA:1288,0
DA:1289,0
DA:1290,0
DA:1294,0
DA:1295,0
DA:1297,0
DA:1301,0
DA:1305,0
DA:1306,0
DA:1308,0
DA:1321,0
DA:1322,0
DA:1343,0
DA:1366,0
DA:1367,0
DA:1369,0
DA:1381,0
DA:1383,0
DA:1384,0
DA:1386,0
DA:1387,0
DA:1388,0
DA:1390,0
LF:461
LH:84
BRDA:44,0,0,0
BRDA:44,0,1,1
BRDA:47,1,0,0
BRDA:47,1,1,1
BRDA:52,2,0,0
BRDA:52,2,1,1
BRDA:70,3,0,2
BRDA:74,4,0,1
BRDA:74,5,0,5
BRDA:74,5,1,5
BRDA:78,6,0,1
BRDA:83,7,0,1
BRDA:96,8,0,1
BRDA:116,9,0,1
BRDA:134,10,0,1
BRDA:145,11,0,3
BRDA:156,12,0,1
BRDA:176,13,0,1
BRDA:183,14,0,0
BRDA:191,15,0,0
BRDA:195,16,0,0
BRDA:199,17,0,0
BRDA:203,18,0,0
BRDA:203,19,0,1
BRDA:203,19,1,1
BRDA:205,20,0,0
BRDA:205,20,1,0
BRDA:206,21,0,0
BRDA:206,21,1,0
BRDA:210,22,0,0
BRDA:210,23,0,1
BRDA:210,23,1,1
BRDA:212,24,0,0
BRDA:212,24,1,0
BRDA:213,25,0,0
BRDA:213,25,1,0
BRDA:236,26,0,0
BRDA:243,27,0,0
BRDA:243,27,1,0
BRDA:244,28,0,0
BRDA:244,28,1,0
BRDA:247,29,0,0
BRDA:247,29,1,0
BRDA:248,30,0,0
BRDA:248,30,1,0
BRDA:248,31,0,0
BRDA:248,31,1,0
BRDA:251,32,0,0
BRDA:251,32,1,0
BRDA:252,33,0,0
BRDA:252,33,1,0
BRDA:256,34,0,0
BRDA:256,34,1,0
BRDA:256,35,0,0
BRDA:256,35,1,0
BRDA:259,36,0,0
BRDA:259,36,1,0
BRDA:260,37,0,0
BRDA:260,37,1,0
BRDA:279,38,0,0
BRDA:279,38,1,0
BRDA:279,39,0,0
BRDA:279,39,1,0
BRDA:280,40,0,0
BRDA:280,40,1,0
BRDA:280,41,0,0
BRDA:280,41,1,0
BRDA:281,42,0,0
BRDA:281,42,1,0
BRDA:281,43,0,0
BRDA:281,43,1,0
BRDA:290,44,0,1
BRDA:296,45,0,0
BRDA:296,45,1,2
BRDA:302,46,0,1
BRDA:325,47,0,0
BRDA:331,48,0,0
BRDA:331,48,1,0
BRDA:337,49,0,0
BRDA:363,50,0,0
BRDA:363,50,1,0
BRDA:363,51,0,0
BRDA:363,51,1,0
BRDA:364,52,0,0
BRDA:364,52,1,0
BRDA:364,53,0,0
BRDA:364,53,1,0
BRDA:365,54,0,0
BRDA:365,54,1,0
BRDA:365,55,0,0
BRDA:365,55,1,0
BRDA:379,56,0,0
BRDA:385,57,0,0
BRDA:385,57,1,0
BRDA:391,58,0,0
BRDA:418,59,0,0
BRDA:424,60,0,0
BRDA:424,60,1,0
BRDA:435,61,0,0
BRDA:454,62,0,0
BRDA:472,63,0,0
BRDA:478,64,0,0
BRDA:478,64,1,0
BRDA:484,65,0,0
BRDA:493,66,0,0
BRDA:521,67,0,0
BRDA:527,68,0,0
BRDA:527,68,1,0
BRDA:533,69,0,0
BRDA:543,70,0,0
BRDA:559,71,0,0
BRDA:562,72,0,0
BRDA:562,72,1,0
BRDA:569,73,0,0
BRDA:569,73,1,0
BRDA:571,74,0,0
BRDA:571,74,1,0
BRDA:573,75,0,0
BRDA:573,75,1,0
BRDA:575,76,0,0
BRDA:582,77,0,0
BRDA:582,77,1,0
BRDA:588,78,0,0
BRDA:588,78,1,0
BRDA:590,79,0,0
BRDA:591,80,0,0
BRDA:591,80,1,0
BRDA:593,81,0,0
BRDA:593,81,1,0
BRDA:595,82,0,0
BRDA:595,82,1,0
BRDA:595,83,0,0
BRDA:595,83,1,0
BRDA:621,84,0,0
BRDA:627,85,0,0
BRDA:627,85,1,0
BRDA:636,86,0,0
BRDA:656,87,0,0
BRDA:656,87,1,0
BRDA:658,88,0,0
BRDA:658,88,1,0
BRDA:660,89,0,0
BRDA:660,89,1,0
BRDA:662,90,0,0
BRDA:668,91,0,0
BRDA:669,92,0,0
BRDA:669,92,1,0
BRDA:671,93,0,0
BRDA:671,93,1,0
BRDA:673,94,0,0
BRDA:673,94,1,0
BRDA:673,95,0,0
BRDA:673,95,1,0
BRDA:709,96,0,0
BRDA:715,97,0,0
BRDA:715,97,1,0
BRDA:721,98,0,0
BRDA:730,99,0,0
BRDA:736,100,0,0
BRDA:736,100,1,0
BRDA:761,101,0,0
BRDA:767,102,0,0
BRDA:767,102,1,0
BRDA:773,103,0,0
BRDA:795,104,0,0
BRDA:795,104,1,0
BRDA:795,105,0,0
BRDA:795,105,1,0
BRDA:795,106,0,0
BRDA:795,106,1,0
BRDA:796,107,0,0
BRDA:796,107,1,0
BRDA:796,108,0,0
BRDA:796,108,1,0
BRDA:796,109,0,0
BRDA:796,109,1,0
BRDA:801,110,0,0
BRDA:805,111,0,0
BRDA:805,112,0,0
BRDA:805,112,1,0
BRDA:805,113,0,0
BRDA:805,113,1,0
BRDA:819,114,0,0
BRDA:822,115,0,0
BRDA:822,115,1,0
BRDA:822,115,2,0
BRDA:822,116,0,0
BRDA:822,116,1,0
BRDA:822,117,0,0
BRDA:822,117,1,0
BRDA:823,118,0,0
BRDA:834,119,0,0
BRDA:838,120,0,0
BRDA:852,121,0,0
BRDA:857,122,0,0
BRDA:857,122,1,0
BRDA:865,123,0,0
BRDA:870,124,0,0
BRDA:870,124,1,0
BRDA:870,125,0,0
BRDA:870,125,1,0
BRDA:870,126,0,0
BRDA:870,126,1,0
BRDA:885,127,0,0
BRDA:885,127,1,0
BRDA:887,128,0,0
BRDA:923,129,0,0
BRDA:943,130,0,0
BRDA:943,130,1,0
BRDA:949,131,0,0
BRDA:991,132,0,1
BRDA:1009,133,0,0
BRDA:1009,133,1,1
BRDA:1009,134,0,1
BRDA:1009,134,1,1
BRDA:1009,135,0,0
BRDA:1009,135,1,1
BRDA:1009,136,0,1
BRDA:1009,136,1,1
BRDA:1010,137,0,0
BRDA:1010,137,1,1
BRDA:1010,138,0,1
BRDA:1010,138,1,1
BRDA:1025,139,0,0
BRDA:1025,140,0,2
BRDA:1025,140,1,0
BRDA:1029,141,0,2
BRDA:1029,141,1,0
BRDA:1030,142,0,2
BRDA:1030,142,1,0
BRDA:1033,143,0,0
BRDA:1033,143,1,2
BRDA:1033,144,0,2
BRDA:1033,144,1,2
BRDA:1034,145,0,0
BRDA:1034,145,1,2
BRDA:1034,146,0,2
BRDA:1034,146,1,2
BRDA:1045,147,0,0
BRDA:1047,148,0,0
BRDA:1053,149,0,0
BRDA:1058,150,0,0
BRDA:1060,151,0,0
BRDA:1060,152,0,0
BRDA:1060,152,1,0
BRDA:1060,152,2,0
BRDA:1060,152,3,0
BRDA:1075,153,0,0
BRDA:1075,154,0,0
BRDA:1075,154,1,0
BRDA:1077,155,0,0
BRDA:1078,156,0,0
BRDA:1078,156,1,0
BRDA:1085,157,0,0
BRDA:1090,158,0,0
BRDA:1090,158,1,0
BRDA:1100,159,0,0
BRDA:1103,160,0,0
BRDA:1111,161,0,0
BRDA:1111,162,0,0
BRDA:1111,162,1,0
BRDA:1112,163,0,0
BRDA:1112,163,1,0
BRDA:1114,164,0,0
BRDA:1114,164,1,0
BRDA:1118,165,0,0
BRDA:1118,165,1,0
BRDA:1118,165,2,0
BRDA:1118,165,3,0
BRDA:1118,165,4,0
BRDA:1118,165,5,0
BRDA:1118,165,6,0
BRDA:1135,166,0,0
BRDA:1135,167,0,0
BRDA:1135,167,1,0
BRDA:1151,168,0,0
BRDA:1151,168,1,0
BRDA:1153,169,0,0
BRDA:1153,169,1,0
BRDA:1156,170,0,0
BRDA:1162,171,0,0
BRDA:1168,172,0,0
BRDA:1175,173,0,0
BRDA:1181,174,0,0
BRDA:1187,175,0,0
BRDA:1187,176,0,0
BRDA:1187,176,1,0
BRDA:1191,177,0,0
BRDA:1192,178,0,0
BRDA:1192,178,1,0
BRDA:1199,179,0,0
BRDA:1201,180,0,0
BRDA:1201,180,1,0
BRDA:1205,181,0,0
BRDA:1208,182,0,0
BRDA:1221,183,0,0
BRDA:1237,184,0,0
BRDA:1237,184,1,0
BRDA:1239,185,0,0
BRDA:1251,186,0,0
BRDA:1251,186,1,0
BRDA:1253,187,0,0
BRDA:1262,188,0,0
BRDA:1262,188,1,0
BRDA:1262,189,0,0
BRDA:1262,189,1,0
BRDA:1263,190,0,0
BRDA:1263,191,0,0
BRDA:1263,191,1,0
BRDA:1282,192,0,0
BRDA:1282,192,1,0
BRDA:1282,193,0,0
BRDA:1282,193,1,0
BRDA:1282,194,0,0
BRDA:1282,194,1,0
BRDA:1283,195,0,0
BRDA:1283,195,1,0
BRDA:1283,196,0,0
BRDA:1283,196,1,0
BRDA:1283,197,0,0
BRDA:1283,197,1,0
BRDA:1284,198,0,0
BRDA:1284,198,1,0
BRDA:1284,199,0,0
BRDA:1284,199,1,0
BRDA:1286,200,0,0
BRDA:1286,200,1,0
BRDA:1286,201,0,0
BRDA:1286,201,1,0
BRDA:1287,202,0,0
BRDA:1287,202,1,0
BRDA:1287,203,0,0
BRDA:1287,203,1,0
BRDA:1287,204,0,0
BRDA:1287,204,1,0
BRDA:1288,205,0,0
BRDA:1288,205,1,0
BRDA:1288,206,0,0
BRDA:1288,206,1,0
BRDA:1288,207,0,0
BRDA:1288,207,1,0
BRDA:1289,208,0,0
BRDA:1289,208,1,0
BRDA:1289,209,0,0
BRDA:1289,209,1,0
BRDA:1289,210,0,0
BRDA:1289,210,1,0
BRDA:1289,211,0,0
BRDA:1289,211,1,0
BRDA:1289,212,0,0
BRDA:1289,212,1,0
BRDA:1294,213,0,0
BRDA:1294,214,0,0
BRDA:1294,214,1,0
BRDA:1294,214,2,0
BRDA:1301,215,0,0
BRDA:1301,215,1,0
BRDA:1305,216,0,0
BRDA:1321,217,0,0
BRDA:1366,218,0,0
BRDA:1383,219,0,0
BRDA:1383,220,0,0
BRDA:1383,220,1,0
BRDA:1387,221,0,0
BRDA:1387,222,0,0
BRDA:1387,222,1,0
BRDA:1387,222,2,0
BRF:367
BRH:41
end_of_record
TN:
SF:src\submissions\teacher-submissions.controller.ts
FN:37,(anonymous_4)
FN:42,(anonymous_5)
FN:46,(anonymous_6)
FN:56,(anonymous_7)
FN:59,(anonymous_8)
FN:64,(anonymous_9)
FN:72,(anonymous_10)
FN:86,(anonymous_11)
FN:96,(anonymous_12)
FN:111,(anonymous_13)
FN:126,(anonymous_14)
FN:141,(anonymous_15)
FN:149,(anonymous_16)
FNF:13
FNH:0
FNDA:0,(anonymous_4)
FNDA:0,(anonymous_5)
FNDA:0,(anonymous_6)
FNDA:0,(anonymous_7)
FNDA:0,(anonymous_8)
FNDA:0,(anonymous_9)
FNDA:0,(anonymous_10)
FNDA:0,(anonymous_11)
FNDA:0,(anonymous_12)
FNDA:0,(anonymous_13)
FNDA:0,(anonymous_14)
FNDA:0,(anonymous_15)
FNDA:0,(anonymous_16)
DA:1,0
DA:14,0
DA:15,0
DA:16,0
DA:17,0
DA:18,0
DA:19,0
DA:20,0
DA:23,0
DA:24,0
DA:25,0
DA:27,0
DA:28,0
DA:29,0
DA:30,0
DA:32,0
DA:33,0
DA:37,0
DA:38,0
DA:41,0
DA:43,0
DA:44,0
DA:47,0
DA:48,0
DA:55,0
DA:56,0
DA:59,0
DA:60,0
DA:64,0
DA:68,0
DA:72,0
DA:73,0
DA:86,0
DA:92,0
DA:96,0
DA:101,0
DA:102,0
DA:103,0
DA:107,0
DA:111,0
DA:116,0
DA:117,0
DA:118,0
DA:122,0
DA:126,0
DA:131,0
DA:132,0
DA:133,0
DA:137,0
DA:141,0
DA:145,0
DA:149,0
DA:150,0
LF:53
LH:0
BRDA:33,0,0,0
BRDA:33,0,1,0
BRDA:47,1,0,0
BRDA:47,1,1,0
BRDA:47,2,0,0
BRDA:47,2,1,0
BRF:6
BRH:0
end_of_record
TN:
SF:src\submissions\dto\create-batch-submissions.dto.ts
FN:13,(anonymous_2)
FN:26,(anonymous_3)
FNF:2
FNH:0
FNDA:0,(anonymous_2)
FNDA:0,(anonymous_3)
DA:1,0
DA:2,0
DA:4,0
DA:6,0
DA:10,0
DA:14,0
DA:15,0
DA:17,0
DA:18,0
DA:20,0
DA:23,0
DA:27,0
DA:28,0
DA:30,0
DA:31,0
DA:33,0
DA:36,0
DA:40,0
LF:18
LH:0
BRDA:14,0,0,0
BRDA:14,1,0,0
BRDA:14,1,1,0
BRDA:14,1,2,0
BRDA:17,2,0,0
BRDA:27,3,0,0
BRDA:27,4,0,0
BRDA:27,4,1,0
BRDA:27,4,2,0
BRDA:30,5,0,0
BRF:10
BRH:0
end_of_record
TN:
SF:src\submissions\dto\create-submission.dto.ts
FN:13,(anonymous_2)
FNF:1
FNH:0
FNDA:0,(anonymous_2)
DA:1,0
DA:2,0
DA:4,0
DA:6,0
DA:10,0
DA:14,0
DA:15,0
DA:17,0
DA:18,0
DA:20,0
DA:23,0
LF:11
LH:0
BRDA:14,0,0,0
BRDA:14,1,0,0
BRDA:14,1,1,0
BRDA:14,1,2,0
BRDA:17,2,0,0
BRF:5
BRH:0
end_of_record
TN:
SF:src\submissions\dto\list-homework-submissions-query.dto.ts
FNF:0
FNH:0
DA:1,0
DA:3,0
DA:5,0
DA:9,0
LF:4
LH:0
BRF:0
BRH:0
end_of_record
TN:
SF:src\submissions\dto\regrade-homework-submissions.dto.ts
FNF:0
FNH:0
DA:1,0
DA:3,0
DA:5,0
DA:9,0
DA:13,0
LF:5
LH:0
BRF:0
BRH:0
end_of_record
TN:
SF:src\submissions\dto\regrade-submission.dto.ts
FNF:0
FNH:0
DA:1,0
DA:3,0
DA:6,0
DA:10,0
LF:4
LH:0
BRF:0
BRH:0
end_of_record
TN:
SF:src\submissions\dto\student-submissions-query.dto.ts
FN:27,(anonymous_2)
FN:32,(anonymous_3)
FNF:2
FNH:0
FNDA:0,(anonymous_2)
FNDA:0,(anonymous_3)
DA:1,0
DA:2,0
DA:3,0
DA:5,0
DA:8,0
DA:12,0
DA:16,0
DA:20,0
DA:24,0
DA:27,0
DA:29,0
DA:32,0
DA:34,0
DA:38,0
LF:14
LH:0
BRF:0
BRH:0
end_of_record
TN:
SF:src\system-config\system-config.service.ts
FN:15,(anonymous_2)
FN:17,(anonymous_3)
FN:30,(anonymous_4)
FNF:3
FNH:0
FNDA:0,(anonymous_2)
FNDA:0,(anonymous_3)
FNDA:0,(anonymous_4)
DA:1,1
DA:3,1
DA:11,1
DA:12,0
DA:13,0
DA:15,0
DA:18,0
DA:19,0
DA:20,0
DA:21,0
DA:24,0
DA:25,0
DA:26,0
DA:27,0
DA:31,0
DA:36,0
LF:16
LH:3
BRDA:20,0,0,0
BRDA:20,1,0,0
BRDA:20,1,1,0
BRDA:25,2,0,0
BRDA:25,2,1,0
BRDA:25,3,0,0
BRDA:25,3,1,0
BRDA:25,4,0,0
BRDA:25,4,1,0
BRDA:25,5,0,0
BRDA:25,5,1,0
BRF:11
BRH:0
end_of_record
TN:
SF:src\teacher-settings\teacher-settings.controller.ts
FN:14,(anonymous_4)
FN:18,(anonymous_5)
FN:24,(anonymous_6)
FN:33,(anonymous_7)
FN:42,(anonymous_8)
FN:52,(anonymous_9)
FN:62,(anonymous_10)
FN:68,(anonymous_11)
FNF:8
FNH:0
FNDA:0,(anonymous_4)
FNDA:0,(anonymous_5)
FNDA:0,(anonymous_6)
FNDA:0,(anonymous_7)
FNDA:0,(anonymous_8)
FNDA:0,(anonymous_9)
FNDA:0,(anonymous_10)
FNDA:0,(anonymous_11)
DA:1,0
DA:2,0
DA:4,0
DA:5,0
DA:6,0
DA:7,0
DA:8,0
DA:9,0
DA:13,0
DA:14,0
DA:18,0
DA:19,0
DA:24,0
DA:28,0
DA:33,0
DA:37,0
DA:42,0
DA:47,0
DA:52,0
DA:57,0
DA:62,0
DA:63,0
DA:68,0
DA:72,0
LF:24
LH:0
BRF:0
BRH:0
end_of_record
TN:
SF:src\teacher-settings\teacher-settings.service.ts
FN:18,(anonymous_2)
FN:26,(anonymous_3)
FN:59,(anonymous_4)
FN:103,(anonymous_5)
FN:123,(anonymous_6)
FN:142,(anonymous_7)
FN:158,(anonymous_8)
FN:161,(anonymous_9)
FN:192,(anonymous_10)
FN:200,(anonymous_11)
FN:208,(anonymous_12)
FN:213,(anonymous_13)
FN:218,(anonymous_14)
FN:231,(anonymous_15)
FN:244,(anonymous_16)
FN:258,(anonymous_17)
FN:291,(anonymous_18)
FNF:17
FNH:0
FNDA:0,(anonymous_2)
FNDA:0,(anonymous_3)
FNDA:0,(anonymous_4)
FNDA:0,(anonymous_5)
FNDA:0,(anonymous_6)
FNDA:0,(anonymous_7)
FNDA:0,(anonymous_8)
FNDA:0,(anonymous_9)
FNDA:0,(anonymous_10)
FNDA:0,(anonymous_11)
FNDA:0,(anonymous_12)
FNDA:0,(anonymous_13)
FNDA:0,(anonymous_14)
FNDA:0,(anonymous_15)
FNDA:0,(anonymous_16)
FNDA:0,(anonymous_17)
FNDA:0,(anonymous_18)
DA:1,0
DA:2,0
DA:3,0
DA:5,0
DA:6,0
DA:7,0
DA:8,0
DA:17,0
DA:19,0
DA:20,0
DA:21,0
DA:22,0
DA:23,0
DA:27,0
DA:32,0
DA:34,0
DA:63,0
DA:64,0
DA:67,0
DA:68,0
DA:69,0
DA:72,0
DA:73,0
DA:76,0
DA:82,0
DA:104,0
DA:105,0
DA:108,0
DA:110,0
DA:123,0
DA:124,0
DA:141,0
DA:142,0
DA:144,0
DA:145,0
DA:146,0
DA:147,0
DA:151,0
DA:152,0
DA:157,0
DA:158,0
DA:161,0
DA:162,0
DA:163,0
DA:164,0
DA:165,0
DA:178,0
DA:193,0
DA:194,0
DA:195,0
DA:197,0
DA:201,0
DA:202,0
DA:203,0
DA:205,0
DA:209,0
DA:210,0
DA:214,0
DA:215,0
DA:219,0
DA:220,0
DA:221,0
DA:222,0
DA:224,0
DA:232,0
DA:233,0
DA:235,0
DA:239,0
DA:240,0
DA:245,0
DA:252,0
DA:253,0
DA:255,0
DA:262,0
DA:263,0
DA:268,0
DA:269,0
DA:270,0
DA:271,0
DA:273,0
DA:274,0
DA:275,0
DA:278,0
DA:279,0
DA:280,0
DA:281,0
DA:283,0
DA:284,0
DA:285,0
DA:288,0
DA:292,0
DA:293,0
DA:295,0
LF:93
LH:0
BRDA:39,0,0,0
BRDA:39,0,1,0
BRDA:42,1,0,0
BRDA:42,1,1,0
BRDA:43,2,0,0
BRDA:43,2,1,0
BRDA:44,3,0,0
BRDA:44,3,1,0
BRDA:53,4,0,0
BRDA:53,4,1,0
BRDA:63,5,0,0
BRDA:63,6,0,0
BRDA:63,6,1,0
BRDA:68,7,0,0
BRDA:72,8,0,0
BRDA:77,9,0,0
BRDA:77,9,1,0
BRDA:78,10,0,0
BRDA:78,10,1,0
BRDA:83,11,0,0
BRDA:83,11,1,0
BRDA:91,12,0,0
BRDA:91,12,1,0
BRDA:104,13,0,0
BRDA:125,14,0,0
BRDA:125,14,1,0
BRDA:132,15,0,0
BRDA:132,15,1,0
BRDA:146,16,0,0
BRDA:151,17,0,0
BRDA:162,18,0,0
BRDA:162,18,1,0
BRDA:168,19,0,0
BRDA:168,19,1,0
BRDA:170,20,0,0
BRDA:170,20,1,0
BRDA:171,21,0,0
BRDA:171,21,1,0
BRDA:171,22,0,0
BRDA:171,22,1,0
BRDA:171,23,0,0
BRDA:171,23,1,0
BRDA:172,24,0,0
BRDA:172,24,1,0
BRDA:172,25,0,0
BRDA:172,25,1,0
BRDA:172,26,0,0
BRDA:172,26,1,0
BRDA:180,27,0,0
BRDA:180,27,1,0
BRDA:194,28,0,0
BRDA:194,29,0,0
BRDA:194,29,1,0
BRDA:202,30,0,0
BRDA:202,31,0,0
BRDA:202,31,1,0
BRDA:219,32,0,0
BRDA:219,32,1,0
BRDA:220,33,0,0
BRDA:220,33,1,0
BRDA:221,34,0,0
BRDA:221,34,1,0
BRDA:222,35,0,0
BRDA:222,35,1,0
BRDA:225,36,0,0
BRDA:225,36,1,0
BRDA:225,37,0,0
BRDA:225,37,1,0
BRDA:225,38,0,0
BRDA:225,38,1,0
BRDA:225,39,0,0
BRDA:225,39,1,0
BRDA:226,40,0,0
BRDA:226,40,1,0
BRDA:226,41,0,0
BRDA:226,41,1,0
BRDA:226,42,0,0
BRDA:226,42,1,0
BRDA:226,43,0,0
BRDA:226,43,1,0
BRDA:227,44,0,0
BRDA:227,44,1,0
BRDA:227,45,0,0
BRDA:227,45,1,0
BRDA:227,46,0,0
BRDA:227,46,1,0
BRDA:227,47,0,0
BRDA:227,47,1,0
BRDA:232,48,0,0
BRDA:239,49,0,0
BRDA:247,50,0,0
BRDA:247,50,1,0
BRDA:252,51,0,0
BRDA:268,52,0,0
BRDA:268,52,1,0
BRDA:268,53,0,0
BRDA:268,53,1,0
BRDA:269,54,0,0
BRDA:273,55,0,0
BRDA:273,56,0,0
BRDA:273,56,1,0
BRDA:273,57,0,0
BRDA:273,57,1,0
BRDA:273,58,0,0
BRDA:273,58,1,0
BRDA:273,59,0,0
BRDA:273,59,1,0
BRDA:273,60,0,0
BRDA:273,60,1,0
BRDA:278,61,0,0
BRDA:278,61,1,0
BRDA:278,62,0,0
BRDA:278,62,1,0
BRDA:279,63,0,0
BRDA:283,64,0,0
BRDA:283,65,0,0
BRDA:283,65,1,0
BRDA:283,66,0,0
BRDA:283,66,1,0
BRDA:283,67,0,0
BRDA:283,67,1,0
BRDA:283,68,0,0
BRDA:283,68,1,0
BRDA:283,69,0,0
BRDA:283,69,1,0
BRDA:292,70,0,0
BRDA:292,71,0,0
BRDA:292,71,1,0
BRF:128
BRH:0
end_of_record
TN:
SF:src\teacher-settings\dto\grading-policy-query.dto.ts
FNF:0
FNH:0
DA:1,0
DA:3,0
DA:6,0
DA:10,0
LF:4
LH:0
BRF:0
BRH:0
end_of_record
TN:
SF:src\teacher-settings\dto\grading-policy-update.dto.ts
FNF:0
FNH:0
DA:1,0
DA:3,0
DA:6,0
DA:10,0
LF:4
LH:0
BRF:0
BRH:0
end_of_record
TN:
SF:src\worker\grading.processor.ts
FN:17,(anonymous_2)
FN:36,(anonymous_3)
FN:49,(anonymous_4)
FN:53,(anonymous_5)
FN:66,(anonymous_6)
FN:69,(anonymous_7)
FN:75,(anonymous_8)
FN:215,(anonymous_9)
FNF:8
FNH:0
FNDA:0,(anonymous_2)
FNDA:0,(anonymous_3)
FNDA:0,(anonymous_4)
FNDA:0,(anonymous_5)
FNDA:0,(anonymous_6)
FNDA:0,(anonymous_7)
FNDA:0,(anonymous_8)
FNDA:0,(anonymous_9)
DA:1,0
DA:2,0
DA:3,0
DA:5,0
DA:6,0
DA:7,0
DA:8,0
DA:9,0
DA:10,0
DA:11,0
DA:18,0
DA:19,0
DA:30,0
DA:31,0
DA:32,0
DA:37,0
DA:38,0
DA:39,0
DA:40,0
DA:41,0
DA:44,0
DA:45,0
DA:46,0
DA:50,0
DA:54,0
DA:55,0
DA:58,0
DA:59,0
DA:62,0
DA:63,0
DA:67,0
DA:68,0
DA:69,0
DA:70,0
DA:71,0
DA:72,0
DA:76,0
DA:77,0
DA:78,0
DA:79,0
DA:80,0
DA:81,0
DA:83,0
DA:84,0
DA:89,0
DA:94,0
DA:95,0
DA:98,0
DA:99,0
DA:100,0
DA:101,0
DA:102,0
DA:103,0
DA:104,0
DA:105,0
DA:107,0
DA:108,0
DA:109,0
DA:110,0
DA:111,0
DA:112,0
DA:113,0
DA:114,0
DA:115,0
DA:116,0
DA:117,0
DA:119,0
DA:120,0
DA:123,0
DA:124,0
DA:125,0
DA:126,0
DA:133,0
DA:134,0
DA:136,0
DA:137,0
DA:139,0
DA:142,0
DA:143,0
DA:146,0
DA:152,0
DA:153,0
DA:157,0
DA:159,0
DA:171,0
DA:172,0
DA:175,0
DA:182,0
DA:183,0
DA:185,0
DA:187,0
DA:194,0
DA:195,0
DA:205,0
DA:206,0
DA:208,0
DA:211,0
DA:216,0
DA:219,0
LF:99
LH:0
BRDA:32,0,0,0
BRDA:32,0,1,0
BRDA:45,1,0,0
BRDA:45,1,1,0
BRDA:46,2,0,0
BRDA:46,2,1,0
BRDA:54,3,0,0
BRDA:58,4,0,0
BRDA:58,5,0,0
BRDA:58,5,1,0
BRDA:58,5,2,0
BRDA:68,6,0,0
BRDA:68,6,1,0
BRDA:94,7,0,0
BRDA:98,8,0,0
BRDA:98,8,1,0
BRDA:98,9,0,0
BRDA:98,9,1,0
BRDA:98,10,0,0
BRDA:98,10,1,0
BRDA:99,11,0,0
BRDA:114,12,0,0
BRDA:114,12,1,0
BRDA:114,13,0,0
BRDA:114,13,1,0
BRDA:114,14,0,0
BRDA:114,14,1,0
BRDA:124,15,0,0
BRDA:124,15,1,0
BRDA:136,16,0,0
BRDA:136,16,1,0
BRDA:142,17,0,0
BRDA:154,18,0,0
BRDA:154,18,1,0
BRDA:173,19,0,0
BRDA:173,19,1,0
BRDA:182,20,0,0
BRDA:182,21,0,0
BRDA:182,21,1,0
BRDA:185,22,0,0
BRDA:185,22,1,0
BRDA:187,23,0,0
BRDA:187,23,1,0
BRDA:189,24,0,0
BRDA:189,24,1,0
BRDA:191,25,0,0
BRDA:191,25,1,0
BRDA:205,26,0,0
BRDA:205,26,1,0
BRDA:220,27,0,0
BRDA:220,27,1,0
BRDA:220,28,0,0
BRDA:220,28,1,0
BRDA:220,29,0,0
BRDA:220,29,1,0
BRDA:220,30,0,0
BRDA:220,30,1,0
BRDA:220,31,0,0
BRDA:220,31,1,0
BRDA:221,32,0,0
BRDA:221,32,1,0
BRDA:221,33,0,0
BRDA:221,33,1,0
BRDA:221,34,0,0
BRDA:221,34,1,0
BRDA:221,35,0,0
BRDA:221,35,1,0
BRDA:221,36,0,0
BRDA:221,36,1,0
BRF:69
BRH:0
end_of_record
